[2025-04-06T06:41:36.119+0000] {local_task_job_runner.py:123} INFO - ::group::Pre task execution logs
[2025-04-06T06:41:36.184+0000] {taskinstance.py:2614} INFO - Dependencies all met for dep_context=non-requeueable deps ti=<TaskInstance: hello_world_project1.say_hello scheduled__2025-04-05T00:00:00+00:00 [queued]>
[2025-04-06T06:41:36.230+0000] {taskinstance.py:2614} INFO - Dependencies all met for dep_context=requeueable deps ti=<TaskInstance: hello_world_project1.say_hello scheduled__2025-04-05T00:00:00+00:00 [queued]>
[2025-04-06T06:41:36.233+0000] {taskinstance.py:2867} INFO - Starting attempt 1 of 1
[2025-04-06T06:41:36.347+0000] {taskinstance.py:2890} INFO - Executing <Task(PythonOperator): say_hello> on 2025-04-05 00:00:00+00:00
[2025-04-06T06:41:36.354+0000] {standard_task_runner.py:72} INFO - Started process 1109 to run task
[2025-04-06T06:41:36.366+0000] {standard_task_runner.py:104} INFO - Running: ['airflow', 'tasks', 'run', 'hello_world_project1', 'say_hello', 'scheduled__2025-04-05T00:00:00+00:00', '--job-id', '3', '--raw', '--subdir', 'DAGS_FOLDER/hello_world_dag.py', '--cfg-path', '/tmp/tmpl_mkp93c']
[2025-04-06T06:41:36.376+0000] {standard_task_runner.py:105} INFO - Job 3: Subtask say_hello
[2025-04-06T06:41:36.633+0000] {task_command.py:467} INFO - Running <TaskInstance: hello_world_project1.say_hello scheduled__2025-04-05T00:00:00+00:00 [running]> on host Divyanshu.
[2025-04-06T06:41:36.901+0000] {taskinstance.py:3134} INFO - Exporting env vars: AIRFLOW_CTX_DAG_OWNER='airflow' AIRFLOW_CTX_DAG_ID='hello_world_project1' AIRFLOW_CTX_TASK_ID='say_hello' AIRFLOW_CTX_EXECUTION_DATE='2025-04-05T00:00:00+00:00' AIRFLOW_CTX_TRY_NUMBER='1' AIRFLOW_CTX_DAG_RUN_ID='scheduled__2025-04-05T00:00:00+00:00'
[2025-04-06T06:41:36.904+0000] {taskinstance.py:732} INFO - ::endgroup::
[2025-04-06T06:41:36.934+0000] {logging_mixin.py:190} INFO - Hello from Airflow Project 1!
[2025-04-06T06:41:36.936+0000] {python.py:240} INFO - Done. Returned value was: None
[2025-04-06T06:41:36.968+0000] {taskinstance.py:341} INFO - ::group::Post task execution logs
[2025-04-06T06:41:36.971+0000] {taskinstance.py:353} INFO - Marking task as SUCCESS. dag_id=hello_world_project1, task_id=say_hello, run_id=scheduled__2025-04-05T00:00:00+00:00, execution_date=20250405T000000, start_date=20250406T064136, end_date=20250406T064136
[2025-04-06T06:41:37.150+0000] {local_task_job_runner.py:266} INFO - Task exited with return code 0
[2025-04-06T06:41:37.213+0000] {taskinstance.py:3901} INFO - 0 downstream tasks scheduled from follow-on schedule check
[2025-04-06T06:41:37.220+0000] {local_task_job_runner.py:245} INFO - ::endgroup::
[2025-04-06T09:39:32.238+0000] {local_task_job_runner.py:123} INFO - ::group::Pre task execution logs
[2025-04-06T09:39:32.253+0000] {taskinstance.py:2614} INFO - Dependencies all met for dep_context=non-requeueable deps ti=<TaskInstance: hello_world_project1.say_hello scheduled__2025-04-05T00:00:00+00:00 [queued]>
[2025-04-06T09:39:32.263+0000] {taskinstance.py:2614} INFO - Dependencies all met for dep_context=requeueable deps ti=<TaskInstance: hello_world_project1.say_hello scheduled__2025-04-05T00:00:00+00:00 [queued]>
[2025-04-06T09:39:32.264+0000] {taskinstance.py:2867} INFO - Starting attempt 1 of 1
[2025-04-06T09:39:32.289+0000] {taskinstance.py:2890} INFO - Executing <Task(PythonOperator): say_hello> on 2025-04-05 00:00:00+00:00
[2025-04-06T09:39:32.292+0000] {standard_task_runner.py:72} INFO - Started process 10159 to run task
[2025-04-06T09:39:32.295+0000] {standard_task_runner.py:104} INFO - Running: ['airflow', 'tasks', 'run', 'hello_world_project1', 'say_hello', 'scheduled__2025-04-05T00:00:00+00:00', '--job-id', '3', '--raw', '--subdir', 'DAGS_FOLDER/hello_world_dag.py', '--cfg-path', '/tmp/tmp995y_90s']
[2025-04-06T09:39:32.297+0000] {standard_task_runner.py:105} INFO - Job 3: Subtask say_hello
[2025-04-06T09:39:32.371+0000] {task_command.py:467} INFO - Running <TaskInstance: hello_world_project1.say_hello scheduled__2025-04-05T00:00:00+00:00 [running]> on host Divyanshu.
[2025-04-06T09:39:32.474+0000] {taskinstance.py:3134} INFO - Exporting env vars: AIRFLOW_CTX_DAG_OWNER='airflow' AIRFLOW_CTX_DAG_ID='hello_world_project1' AIRFLOW_CTX_TASK_ID='say_hello' AIRFLOW_CTX_EXECUTION_DATE='2025-04-05T00:00:00+00:00' AIRFLOW_CTX_TRY_NUMBER='1' AIRFLOW_CTX_DAG_RUN_ID='scheduled__2025-04-05T00:00:00+00:00'
[2025-04-06T09:39:32.476+0000] {taskinstance.py:732} INFO - ::endgroup::
[2025-04-06T09:39:32.486+0000] {logging_mixin.py:190} INFO - Hello from Airflow Project 1!
[2025-04-06T09:39:32.488+0000] {python.py:240} INFO - Done. Returned value was: None
[2025-04-06T09:39:32.502+0000] {taskinstance.py:341} INFO - ::group::Post task execution logs
[2025-04-06T09:39:32.503+0000] {taskinstance.py:353} INFO - Marking task as SUCCESS. dag_id=hello_world_project1, task_id=say_hello, run_id=scheduled__2025-04-05T00:00:00+00:00, execution_date=20250405T000000, start_date=20250406T093932, end_date=20250406T093932
[2025-04-06T09:39:32.591+0000] {local_task_job_runner.py:266} INFO - Task exited with return code 0
[2025-04-06T09:39:32.627+0000] {taskinstance.py:3901} INFO - 0 downstream tasks scheduled from follow-on schedule check
[2025-04-06T09:39:32.631+0000] {local_task_job_runner.py:245} INFO - ::endgroup::
