[2025-04-06T06:36:31.437+0000] {processor.py:186} INFO - Started process (PID=886) to work on /home/user/airflow_env/lib/python3.12/site-packages/airflow/example_dags/example_short_circuit_decorator.py
[2025-04-06T06:36:31.441+0000] {processor.py:914} INFO - Processing file /home/user/airflow_env/lib/python3.12/site-packages/airflow/example_dags/example_short_circuit_decorator.py for tasks to queue
[2025-04-06T06:36:31.447+0000] {logging_mixin.py:190} INFO - [2025-04-06T06:36:31.446+0000] {dagbag.py:588} INFO - Filling up the DagBag from /home/user/airflow_env/lib/python3.12/site-packages/airflow/example_dags/example_short_circuit_decorator.py
[2025-04-06T06:36:31.476+0000] {processor.py:925} INFO - DAG(s) 'example_short_circuit_decorator' retrieved from /home/user/airflow_env/lib/python3.12/site-packages/airflow/example_dags/example_short_circuit_decorator.py
[2025-04-06T06:36:31.764+0000] {logging_mixin.py:190} INFO - [2025-04-06T06:36:31.763+0000] {override.py:1930} INFO - Created Permission View: can read on DAG:example_short_circuit_decorator
[2025-04-06T06:36:31.861+0000] {logging_mixin.py:190} INFO - [2025-04-06T06:36:31.860+0000] {override.py:1930} INFO - Created Permission View: can delete on DAG:example_short_circuit_decorator
[2025-04-06T06:36:31.940+0000] {logging_mixin.py:190} INFO - [2025-04-06T06:36:31.939+0000] {override.py:1930} INFO - Created Permission View: can edit on DAG:example_short_circuit_decorator
[2025-04-06T06:36:32.029+0000] {logging_mixin.py:190} INFO - [2025-04-06T06:36:32.029+0000] {override.py:1930} INFO - Created Permission View: can read on DAG Run:example_short_circuit_decorator
[2025-04-06T06:36:32.114+0000] {logging_mixin.py:190} INFO - [2025-04-06T06:36:32.113+0000] {override.py:1930} INFO - Created Permission View: can create on DAG Run:example_short_circuit_decorator
[2025-04-06T06:36:32.193+0000] {logging_mixin.py:190} INFO - [2025-04-06T06:36:32.192+0000] {override.py:1930} INFO - Created Permission View: can delete on DAG Run:example_short_circuit_decorator
[2025-04-06T06:36:32.242+0000] {logging_mixin.py:190} INFO - [2025-04-06T06:36:32.241+0000] {override.py:1930} INFO - Created Permission View: menu access on DAG Run:example_short_circuit_decorator
[2025-04-06T06:36:32.243+0000] {logging_mixin.py:190} INFO - [2025-04-06T06:36:32.243+0000] {dag.py:3239} INFO - Sync 1 DAGs
[2025-04-06T06:36:32.279+0000] {logging_mixin.py:190} INFO - [2025-04-06T06:36:32.278+0000] {dag.py:3262} INFO - Creating ORM DAG for example_short_circuit_decorator
[2025-04-06T06:36:32.280+0000] {logging_mixin.py:190} INFO - [2025-04-06T06:36:32.280+0000] {dag.py:4180} INFO - Setting next_dagrun for example_short_circuit_decorator to None, run_after=None
[2025-04-06T06:36:32.406+0000] {processor.py:208} INFO - Processing /home/user/airflow_env/lib/python3.12/site-packages/airflow/example_dags/example_short_circuit_decorator.py took 0.982 seconds
[2025-04-06T06:38:37.690+0000] {processor.py:186} INFO - Started process (PID=957) to work on /home/user/airflow_env/lib/python3.12/site-packages/airflow/example_dags/example_short_circuit_decorator.py
[2025-04-06T06:38:37.691+0000] {processor.py:914} INFO - Processing file /home/user/airflow_env/lib/python3.12/site-packages/airflow/example_dags/example_short_circuit_decorator.py for tasks to queue
[2025-04-06T06:38:37.694+0000] {logging_mixin.py:190} INFO - [2025-04-06T06:38:37.694+0000] {dagbag.py:588} INFO - Filling up the DagBag from /home/user/airflow_env/lib/python3.12/site-packages/airflow/example_dags/example_short_circuit_decorator.py
[2025-04-06T06:38:37.708+0000] {processor.py:925} INFO - DAG(s) 'example_short_circuit_decorator' retrieved from /home/user/airflow_env/lib/python3.12/site-packages/airflow/example_dags/example_short_circuit_decorator.py
[2025-04-06T06:38:37.752+0000] {logging_mixin.py:190} INFO - [2025-04-06T06:38:37.752+0000] {dag.py:3239} INFO - Sync 1 DAGs
[2025-04-06T06:38:37.773+0000] {logging_mixin.py:190} INFO - [2025-04-06T06:38:37.773+0000] {dag.py:4180} INFO - Setting next_dagrun for example_short_circuit_decorator to None, run_after=None
[2025-04-06T06:38:37.882+0000] {processor.py:208} INFO - Processing /home/user/airflow_env/lib/python3.12/site-packages/airflow/example_dags/example_short_circuit_decorator.py took 0.202 seconds
[2025-04-06T06:39:50.099+0000] {processor.py:186} INFO - Started process (PID=1043) to work on /home/user/airflow_env/lib/python3.12/site-packages/airflow/example_dags/example_short_circuit_decorator.py
[2025-04-06T06:39:50.101+0000] {processor.py:914} INFO - Processing file /home/user/airflow_env/lib/python3.12/site-packages/airflow/example_dags/example_short_circuit_decorator.py for tasks to queue
[2025-04-06T06:39:50.103+0000] {logging_mixin.py:190} INFO - [2025-04-06T06:39:50.103+0000] {dagbag.py:588} INFO - Filling up the DagBag from /home/user/airflow_env/lib/python3.12/site-packages/airflow/example_dags/example_short_circuit_decorator.py
[2025-04-06T06:39:50.117+0000] {processor.py:925} INFO - DAG(s) 'example_short_circuit_decorator' retrieved from /home/user/airflow_env/lib/python3.12/site-packages/airflow/example_dags/example_short_circuit_decorator.py
[2025-04-06T06:39:50.180+0000] {logging_mixin.py:190} INFO - [2025-04-06T06:39:50.180+0000] {dag.py:3239} INFO - Sync 1 DAGs
[2025-04-06T06:39:50.210+0000] {logging_mixin.py:190} INFO - [2025-04-06T06:39:50.210+0000] {dag.py:4180} INFO - Setting next_dagrun for example_short_circuit_decorator to None, run_after=None
[2025-04-06T06:39:50.309+0000] {processor.py:208} INFO - Processing /home/user/airflow_env/lib/python3.12/site-packages/airflow/example_dags/example_short_circuit_decorator.py took 0.215 seconds
[2025-04-06T09:38:30.028+0000] {processor.py:186} INFO - Started process (PID=10127) to work on /home/user/airflow_env/lib/python3.12/site-packages/airflow/example_dags/example_short_circuit_decorator.py
[2025-04-06T09:38:30.030+0000] {processor.py:914} INFO - Processing file /home/user/airflow_env/lib/python3.12/site-packages/airflow/example_dags/example_short_circuit_decorator.py for tasks to queue
[2025-04-06T09:38:30.032+0000] {logging_mixin.py:190} INFO - [2025-04-06T09:38:30.032+0000] {dagbag.py:588} INFO - Filling up the DagBag from /home/user/airflow_env/lib/python3.12/site-packages/airflow/example_dags/example_short_circuit_decorator.py
[2025-04-06T09:38:30.044+0000] {processor.py:925} INFO - DAG(s) 'example_short_circuit_decorator' retrieved from /home/user/airflow_env/lib/python3.12/site-packages/airflow/example_dags/example_short_circuit_decorator.py
[2025-04-06T09:38:30.337+0000] {logging_mixin.py:190} INFO - [2025-04-06T09:38:30.336+0000] {override.py:1930} INFO - Created Permission View: can delete on DAG:example_short_circuit_decorator
[2025-04-06T09:38:30.484+0000] {logging_mixin.py:190} INFO - [2025-04-06T09:38:30.483+0000] {override.py:1930} INFO - Created Permission View: can edit on DAG:example_short_circuit_decorator
[2025-04-06T09:38:30.620+0000] {logging_mixin.py:190} INFO - [2025-04-06T09:38:30.619+0000] {override.py:1930} INFO - Created Permission View: can read on DAG:example_short_circuit_decorator
[2025-04-06T09:38:30.999+0000] {logging_mixin.py:190} INFO - [2025-04-06T09:38:30.997+0000] {override.py:1930} INFO - Created Permission View: can create on DAG Run:example_short_circuit_decorator
[2025-04-06T09:38:31.102+0000] {logging_mixin.py:190} INFO - [2025-04-06T09:38:31.100+0000] {override.py:1930} INFO - Created Permission View: menu access on DAG Run:example_short_circuit_decorator
[2025-04-06T09:38:31.293+0000] {logging_mixin.py:190} INFO - [2025-04-06T09:38:31.292+0000] {override.py:1930} INFO - Created Permission View: can delete on DAG Run:example_short_circuit_decorator
[2025-04-06T09:38:31.473+0000] {logging_mixin.py:190} INFO - [2025-04-06T09:38:31.472+0000] {override.py:1930} INFO - Created Permission View: can read on DAG Run:example_short_circuit_decorator
[2025-04-06T09:38:31.474+0000] {logging_mixin.py:190} INFO - [2025-04-06T09:38:31.474+0000] {dag.py:3239} INFO - Sync 1 DAGs
[2025-04-06T09:38:31.538+0000] {logging_mixin.py:190} INFO - [2025-04-06T09:38:31.538+0000] {dag.py:3262} INFO - Creating ORM DAG for example_short_circuit_decorator
[2025-04-06T09:38:31.542+0000] {logging_mixin.py:190} INFO - [2025-04-06T09:38:31.541+0000] {dag.py:4180} INFO - Setting next_dagrun for example_short_circuit_decorator to None, run_after=None
[2025-04-06T09:38:31.878+0000] {processor.py:208} INFO - Processing /home/user/airflow_env/lib/python3.12/site-packages/airflow/example_dags/example_short_circuit_decorator.py took 1.856 seconds
