[2025-04-06T06:36:28.912+0000] {processor.py:186} INFO - Started process (PID=885) to work on /home/user/airflow_env/lib/python3.12/site-packages/airflow/example_dags/example_sensors.py
[2025-04-06T06:36:28.914+0000] {processor.py:914} INFO - Processing file /home/user/airflow_env/lib/python3.12/site-packages/airflow/example_dags/example_sensors.py for tasks to queue
[2025-04-06T06:36:28.917+0000] {logging_mixin.py:190} INFO - [2025-04-06T06:36:28.916+0000] {dagbag.py:588} INFO - Filling up the DagBag from /home/user/airflow_env/lib/python3.12/site-packages/airflow/example_dags/example_sensors.py
[2025-04-06T06:36:28.931+0000] {processor.py:925} INFO - DAG(s) 'example_sensors' retrieved from /home/user/airflow_env/lib/python3.12/site-packages/airflow/example_dags/example_sensors.py
[2025-04-06T06:36:29.212+0000] {logging_mixin.py:190} INFO - [2025-04-06T06:36:29.211+0000] {override.py:1930} INFO - Created Permission View: can read on DAG:example_sensors
[2025-04-06T06:36:29.298+0000] {logging_mixin.py:190} INFO - [2025-04-06T06:36:29.297+0000] {override.py:1930} INFO - Created Permission View: can delete on DAG:example_sensors
[2025-04-06T06:36:29.405+0000] {logging_mixin.py:190} INFO - [2025-04-06T06:36:29.405+0000] {override.py:1930} INFO - Created Permission View: can edit on DAG:example_sensors
[2025-04-06T06:36:29.542+0000] {logging_mixin.py:190} INFO - [2025-04-06T06:36:29.541+0000] {override.py:1930} INFO - Created Permission View: can read on DAG Run:example_sensors
[2025-04-06T06:36:29.634+0000] {logging_mixin.py:190} INFO - [2025-04-06T06:36:29.633+0000] {override.py:1930} INFO - Created Permission View: can create on DAG Run:example_sensors
[2025-04-06T06:36:29.731+0000] {logging_mixin.py:190} INFO - [2025-04-06T06:36:29.730+0000] {override.py:1930} INFO - Created Permission View: can delete on DAG Run:example_sensors
[2025-04-06T06:36:29.834+0000] {logging_mixin.py:190} INFO - [2025-04-06T06:36:29.833+0000] {override.py:1930} INFO - Created Permission View: menu access on DAG Run:example_sensors
[2025-04-06T06:36:29.836+0000] {logging_mixin.py:190} INFO - [2025-04-06T06:36:29.835+0000] {dag.py:3239} INFO - Sync 1 DAGs
[2025-04-06T06:36:29.895+0000] {logging_mixin.py:190} INFO - [2025-04-06T06:36:29.895+0000] {dag.py:3262} INFO - Creating ORM DAG for example_sensors
[2025-04-06T06:36:29.899+0000] {logging_mixin.py:190} INFO - [2025-04-06T06:36:29.898+0000] {dag.py:4180} INFO - Setting next_dagrun for example_sensors to None, run_after=None
[2025-04-06T06:36:30.034+0000] {processor.py:208} INFO - Processing /home/user/airflow_env/lib/python3.12/site-packages/airflow/example_dags/example_sensors.py took 1.128 seconds
[2025-04-06T06:38:36.676+0000] {processor.py:186} INFO - Started process (PID=956) to work on /home/user/airflow_env/lib/python3.12/site-packages/airflow/example_dags/example_sensors.py
[2025-04-06T06:38:36.678+0000] {processor.py:914} INFO - Processing file /home/user/airflow_env/lib/python3.12/site-packages/airflow/example_dags/example_sensors.py for tasks to queue
[2025-04-06T06:38:36.683+0000] {logging_mixin.py:190} INFO - [2025-04-06T06:38:36.682+0000] {dagbag.py:588} INFO - Filling up the DagBag from /home/user/airflow_env/lib/python3.12/site-packages/airflow/example_dags/example_sensors.py
[2025-04-06T06:38:36.703+0000] {processor.py:925} INFO - DAG(s) 'example_sensors' retrieved from /home/user/airflow_env/lib/python3.12/site-packages/airflow/example_dags/example_sensors.py
[2025-04-06T06:38:36.763+0000] {logging_mixin.py:190} INFO - [2025-04-06T06:38:36.763+0000] {dag.py:3239} INFO - Sync 1 DAGs
[2025-04-06T06:38:36.785+0000] {logging_mixin.py:190} INFO - [2025-04-06T06:38:36.785+0000] {dag.py:4180} INFO - Setting next_dagrun for example_sensors to None, run_after=None
[2025-04-06T06:38:36.914+0000] {processor.py:208} INFO - Processing /home/user/airflow_env/lib/python3.12/site-packages/airflow/example_dags/example_sensors.py took 0.250 seconds
[2025-04-06T06:39:49.062+0000] {processor.py:186} INFO - Started process (PID=1042) to work on /home/user/airflow_env/lib/python3.12/site-packages/airflow/example_dags/example_sensors.py
[2025-04-06T06:39:49.063+0000] {processor.py:914} INFO - Processing file /home/user/airflow_env/lib/python3.12/site-packages/airflow/example_dags/example_sensors.py for tasks to queue
[2025-04-06T06:39:49.066+0000] {logging_mixin.py:190} INFO - [2025-04-06T06:39:49.065+0000] {dagbag.py:588} INFO - Filling up the DagBag from /home/user/airflow_env/lib/python3.12/site-packages/airflow/example_dags/example_sensors.py
[2025-04-06T06:39:49.079+0000] {processor.py:925} INFO - DAG(s) 'example_sensors' retrieved from /home/user/airflow_env/lib/python3.12/site-packages/airflow/example_dags/example_sensors.py
[2025-04-06T06:39:49.121+0000] {logging_mixin.py:190} INFO - [2025-04-06T06:39:49.121+0000] {dag.py:3239} INFO - Sync 1 DAGs
[2025-04-06T06:39:49.141+0000] {logging_mixin.py:190} INFO - [2025-04-06T06:39:49.140+0000] {dag.py:4180} INFO - Setting next_dagrun for example_sensors to None, run_after=None
[2025-04-06T06:39:49.231+0000] {processor.py:208} INFO - Processing /home/user/airflow_env/lib/python3.12/site-packages/airflow/example_dags/example_sensors.py took 0.175 seconds
[2025-04-06T09:38:28.214+0000] {processor.py:186} INFO - Started process (PID=10126) to work on /home/user/airflow_env/lib/python3.12/site-packages/airflow/example_dags/example_sensors.py
[2025-04-06T09:38:28.220+0000] {processor.py:914} INFO - Processing file /home/user/airflow_env/lib/python3.12/site-packages/airflow/example_dags/example_sensors.py for tasks to queue
[2025-04-06T09:38:28.230+0000] {logging_mixin.py:190} INFO - [2025-04-06T09:38:28.228+0000] {dagbag.py:588} INFO - Filling up the DagBag from /home/user/airflow_env/lib/python3.12/site-packages/airflow/example_dags/example_sensors.py
[2025-04-06T09:38:28.265+0000] {processor.py:925} INFO - DAG(s) 'example_sensors' retrieved from /home/user/airflow_env/lib/python3.12/site-packages/airflow/example_dags/example_sensors.py
[2025-04-06T09:38:28.573+0000] {logging_mixin.py:190} INFO - [2025-04-06T09:38:28.572+0000] {override.py:1930} INFO - Created Permission View: can delete on DAG:example_sensors
[2025-04-06T09:38:28.646+0000] {logging_mixin.py:190} INFO - [2025-04-06T09:38:28.645+0000] {override.py:1930} INFO - Created Permission View: can edit on DAG:example_sensors
[2025-04-06T09:38:28.714+0000] {logging_mixin.py:190} INFO - [2025-04-06T09:38:28.714+0000] {override.py:1930} INFO - Created Permission View: can read on DAG:example_sensors
[2025-04-06T09:38:28.814+0000] {logging_mixin.py:190} INFO - [2025-04-06T09:38:28.814+0000] {override.py:1930} INFO - Created Permission View: can create on DAG Run:example_sensors
[2025-04-06T09:38:28.879+0000] {logging_mixin.py:190} INFO - [2025-04-06T09:38:28.879+0000] {override.py:1930} INFO - Created Permission View: menu access on DAG Run:example_sensors
[2025-04-06T09:38:28.948+0000] {logging_mixin.py:190} INFO - [2025-04-06T09:38:28.948+0000] {override.py:1930} INFO - Created Permission View: can delete on DAG Run:example_sensors
[2025-04-06T09:38:29.012+0000] {logging_mixin.py:190} INFO - [2025-04-06T09:38:29.011+0000] {override.py:1930} INFO - Created Permission View: can read on DAG Run:example_sensors
[2025-04-06T09:38:29.014+0000] {logging_mixin.py:190} INFO - [2025-04-06T09:38:29.013+0000] {dag.py:3239} INFO - Sync 1 DAGs
[2025-04-06T09:38:29.060+0000] {logging_mixin.py:190} INFO - [2025-04-06T09:38:29.060+0000] {dag.py:3262} INFO - Creating ORM DAG for example_sensors
[2025-04-06T09:38:29.062+0000] {logging_mixin.py:190} INFO - [2025-04-06T09:38:29.062+0000] {dag.py:4180} INFO - Setting next_dagrun for example_sensors to None, run_after=None
[2025-04-06T09:38:29.233+0000] {processor.py:208} INFO - Processing /home/user/airflow_env/lib/python3.12/site-packages/airflow/example_dags/example_sensors.py took 1.040 seconds
