[2025-04-06T06:37:21.474+0000] {processor.py:186} INFO - Started process (PID=915) to work on /home/user/airflow_env/lib/python3.12/site-packages/airflow/example_dags/example_latest_only_with_trigger.py
[2025-04-06T06:37:21.475+0000] {processor.py:914} INFO - Processing file /home/user/airflow_env/lib/python3.12/site-packages/airflow/example_dags/example_latest_only_with_trigger.py for tasks to queue
[2025-04-06T06:37:21.479+0000] {logging_mixin.py:190} INFO - [2025-04-06T06:37:21.479+0000] {dagbag.py:588} INFO - Filling up the DagBag from /home/user/airflow_env/lib/python3.12/site-packages/airflow/example_dags/example_latest_only_with_trigger.py
[2025-04-06T06:37:21.492+0000] {processor.py:925} INFO - DAG(s) 'latest_only_with_trigger' retrieved from /home/user/airflow_env/lib/python3.12/site-packages/airflow/example_dags/example_latest_only_with_trigger.py
[2025-04-06T06:37:21.758+0000] {logging_mixin.py:190} INFO - [2025-04-06T06:37:21.757+0000] {override.py:1930} INFO - Created Permission View: can read on DAG:latest_only_with_trigger
[2025-04-06T06:37:21.851+0000] {logging_mixin.py:190} INFO - [2025-04-06T06:37:21.850+0000] {override.py:1930} INFO - Created Permission View: can delete on DAG:latest_only_with_trigger
[2025-04-06T06:37:21.938+0000] {logging_mixin.py:190} INFO - [2025-04-06T06:37:21.937+0000] {override.py:1930} INFO - Created Permission View: can edit on DAG:latest_only_with_trigger
[2025-04-06T06:37:22.065+0000] {logging_mixin.py:190} INFO - [2025-04-06T06:37:22.064+0000] {override.py:1930} INFO - Created Permission View: can read on DAG Run:latest_only_with_trigger
[2025-04-06T06:37:22.153+0000] {logging_mixin.py:190} INFO - [2025-04-06T06:37:22.152+0000] {override.py:1930} INFO - Created Permission View: can create on DAG Run:latest_only_with_trigger
[2025-04-06T06:37:22.272+0000] {logging_mixin.py:190} INFO - [2025-04-06T06:37:22.272+0000] {override.py:1930} INFO - Created Permission View: can delete on DAG Run:latest_only_with_trigger
[2025-04-06T06:37:22.367+0000] {logging_mixin.py:190} INFO - [2025-04-06T06:37:22.366+0000] {override.py:1930} INFO - Created Permission View: menu access on DAG Run:latest_only_with_trigger
[2025-04-06T06:37:22.369+0000] {logging_mixin.py:190} INFO - [2025-04-06T06:37:22.369+0000] {dag.py:3239} INFO - Sync 1 DAGs
[2025-04-06T06:37:22.410+0000] {logging_mixin.py:190} INFO - [2025-04-06T06:37:22.410+0000] {dag.py:3262} INFO - Creating ORM DAG for latest_only_with_trigger
[2025-04-06T06:37:22.436+0000] {logging_mixin.py:190} INFO - [2025-04-06T06:37:22.435+0000] {dag.py:4180} INFO - Setting next_dagrun for latest_only_with_trigger to 2025-04-06 00:00:00+00:00, run_after=2025-04-06 04:00:00+00:00
[2025-04-06T06:37:22.565+0000] {processor.py:208} INFO - Processing /home/user/airflow_env/lib/python3.12/site-packages/airflow/example_dags/example_latest_only_with_trigger.py took 1.098 seconds
[2025-04-06T06:39:06.745+0000] {processor.py:186} INFO - Started process (PID=992) to work on /home/user/airflow_env/lib/python3.12/site-packages/airflow/example_dags/example_latest_only_with_trigger.py
[2025-04-06T06:39:06.747+0000] {processor.py:914} INFO - Processing file /home/user/airflow_env/lib/python3.12/site-packages/airflow/example_dags/example_latest_only_with_trigger.py for tasks to queue
[2025-04-06T06:39:06.751+0000] {logging_mixin.py:190} INFO - [2025-04-06T06:39:06.751+0000] {dagbag.py:588} INFO - Filling up the DagBag from /home/user/airflow_env/lib/python3.12/site-packages/airflow/example_dags/example_latest_only_with_trigger.py
[2025-04-06T06:39:06.764+0000] {processor.py:925} INFO - DAG(s) 'latest_only_with_trigger' retrieved from /home/user/airflow_env/lib/python3.12/site-packages/airflow/example_dags/example_latest_only_with_trigger.py
[2025-04-06T06:39:06.833+0000] {logging_mixin.py:190} INFO - [2025-04-06T06:39:06.832+0000] {dag.py:3239} INFO - Sync 1 DAGs
[2025-04-06T06:39:06.905+0000] {logging_mixin.py:190} INFO - [2025-04-06T06:39:06.905+0000] {dag.py:4180} INFO - Setting next_dagrun for latest_only_with_trigger to 2025-04-06 00:00:00+00:00, run_after=2025-04-06 04:00:00+00:00
[2025-04-06T06:39:07.049+0000] {processor.py:208} INFO - Processing /home/user/airflow_env/lib/python3.12/site-packages/airflow/example_dags/example_latest_only_with_trigger.py took 0.319 seconds
