[2025-04-06T06:36:27.439+0000] {processor.py:186} INFO - Started process (PID=884) to work on /home/user/airflow_env/lib/python3.12/site-packages/airflow/example_dags/example_local_kubernetes_executor.py
[2025-04-06T06:36:27.441+0000] {processor.py:914} INFO - Processing file /home/user/airflow_env/lib/python3.12/site-packages/airflow/example_dags/example_local_kubernetes_executor.py for tasks to queue
[2025-04-06T06:36:27.444+0000] {logging_mixin.py:190} INFO - [2025-04-06T06:36:27.443+0000] {dagbag.py:588} INFO - Filling up the DagBag from /home/user/airflow_env/lib/python3.12/site-packages/airflow/example_dags/example_local_kubernetes_executor.py
[2025-04-06T06:36:27.457+0000] {logging_mixin.py:190} INFO - [2025-04-06T06:36:27.456+0000] {example_local_kubernetes_executor.py:40} WARNING - Could not import DAGs in example_local_kubernetes_executor.py
Traceback (most recent call last):
  File "/home/user/airflow_env/lib/python3.12/site-packages/airflow/example_dags/example_local_kubernetes_executor.py", line 38, in <module>
    from kubernetes.client import models as k8s
ModuleNotFoundError: No module named 'kubernetes'
[2025-04-06T06:36:27.458+0000] {logging_mixin.py:190} INFO - [2025-04-06T06:36:27.458+0000] {example_local_kubernetes_executor.py:41} WARNING - Install Kubernetes dependencies with: pip install apache-airflow[cncf.kubernetes]
[2025-04-06T06:36:27.459+0000] {processor.py:927} WARNING - No viable dags retrieved from /home/user/airflow_env/lib/python3.12/site-packages/airflow/example_dags/example_local_kubernetes_executor.py
[2025-04-06T06:36:27.493+0000] {processor.py:208} INFO - Processing /home/user/airflow_env/lib/python3.12/site-packages/airflow/example_dags/example_local_kubernetes_executor.py took 0.061 seconds
[2025-04-06T06:38:35.122+0000] {processor.py:186} INFO - Started process (PID=955) to work on /home/user/airflow_env/lib/python3.12/site-packages/airflow/example_dags/example_local_kubernetes_executor.py
[2025-04-06T06:38:35.124+0000] {processor.py:914} INFO - Processing file /home/user/airflow_env/lib/python3.12/site-packages/airflow/example_dags/example_local_kubernetes_executor.py for tasks to queue
[2025-04-06T06:38:35.127+0000] {logging_mixin.py:190} INFO - [2025-04-06T06:38:35.127+0000] {dagbag.py:588} INFO - Filling up the DagBag from /home/user/airflow_env/lib/python3.12/site-packages/airflow/example_dags/example_local_kubernetes_executor.py
[2025-04-06T06:38:35.140+0000] {logging_mixin.py:190} INFO - [2025-04-06T06:38:35.139+0000] {example_local_kubernetes_executor.py:40} WARNING - Could not import DAGs in example_local_kubernetes_executor.py
Traceback (most recent call last):
  File "/home/user/airflow_env/lib/python3.12/site-packages/airflow/example_dags/example_local_kubernetes_executor.py", line 38, in <module>
    from kubernetes.client import models as k8s
ModuleNotFoundError: No module named 'kubernetes'
[2025-04-06T06:38:35.141+0000] {logging_mixin.py:190} INFO - [2025-04-06T06:38:35.141+0000] {example_local_kubernetes_executor.py:41} WARNING - Install Kubernetes dependencies with: pip install apache-airflow[cncf.kubernetes]
[2025-04-06T06:38:35.142+0000] {processor.py:927} WARNING - No viable dags retrieved from /home/user/airflow_env/lib/python3.12/site-packages/airflow/example_dags/example_local_kubernetes_executor.py
[2025-04-06T06:38:35.184+0000] {processor.py:208} INFO - Processing /home/user/airflow_env/lib/python3.12/site-packages/airflow/example_dags/example_local_kubernetes_executor.py took 0.068 seconds
[2025-04-06T06:39:47.912+0000] {processor.py:186} INFO - Started process (PID=1040) to work on /home/user/airflow_env/lib/python3.12/site-packages/airflow/example_dags/example_local_kubernetes_executor.py
[2025-04-06T06:39:47.914+0000] {processor.py:914} INFO - Processing file /home/user/airflow_env/lib/python3.12/site-packages/airflow/example_dags/example_local_kubernetes_executor.py for tasks to queue
[2025-04-06T06:39:47.918+0000] {logging_mixin.py:190} INFO - [2025-04-06T06:39:47.917+0000] {dagbag.py:588} INFO - Filling up the DagBag from /home/user/airflow_env/lib/python3.12/site-packages/airflow/example_dags/example_local_kubernetes_executor.py
[2025-04-06T06:39:47.933+0000] {logging_mixin.py:190} INFO - [2025-04-06T06:39:47.932+0000] {example_local_kubernetes_executor.py:40} WARNING - Could not import DAGs in example_local_kubernetes_executor.py
Traceback (most recent call last):
  File "/home/user/airflow_env/lib/python3.12/site-packages/airflow/example_dags/example_local_kubernetes_executor.py", line 38, in <module>
    from kubernetes.client import models as k8s
ModuleNotFoundError: No module named 'kubernetes'
[2025-04-06T06:39:47.934+0000] {logging_mixin.py:190} INFO - [2025-04-06T06:39:47.934+0000] {example_local_kubernetes_executor.py:41} WARNING - Install Kubernetes dependencies with: pip install apache-airflow[cncf.kubernetes]
[2025-04-06T06:39:47.935+0000] {processor.py:927} WARNING - No viable dags retrieved from /home/user/airflow_env/lib/python3.12/site-packages/airflow/example_dags/example_local_kubernetes_executor.py
[2025-04-06T06:39:47.987+0000] {processor.py:208} INFO - Processing /home/user/airflow_env/lib/python3.12/site-packages/airflow/example_dags/example_local_kubernetes_executor.py took 0.083 seconds
[2025-04-06T09:38:26.968+0000] {processor.py:186} INFO - Started process (PID=10125) to work on /home/user/airflow_env/lib/python3.12/site-packages/airflow/example_dags/example_local_kubernetes_executor.py
[2025-04-06T09:38:26.970+0000] {processor.py:914} INFO - Processing file /home/user/airflow_env/lib/python3.12/site-packages/airflow/example_dags/example_local_kubernetes_executor.py for tasks to queue
[2025-04-06T09:38:26.974+0000] {logging_mixin.py:190} INFO - [2025-04-06T09:38:26.973+0000] {dagbag.py:588} INFO - Filling up the DagBag from /home/user/airflow_env/lib/python3.12/site-packages/airflow/example_dags/example_local_kubernetes_executor.py
[2025-04-06T09:38:26.984+0000] {logging_mixin.py:190} INFO - [2025-04-06T09:38:26.982+0000] {example_local_kubernetes_executor.py:40} WARNING - Could not import DAGs in example_local_kubernetes_executor.py
Traceback (most recent call last):
  File "/home/user/airflow_env/lib/python3.12/site-packages/airflow/example_dags/example_local_kubernetes_executor.py", line 38, in <module>
    from kubernetes.client import models as k8s
ModuleNotFoundError: No module named 'kubernetes'
[2025-04-06T09:38:26.985+0000] {logging_mixin.py:190} INFO - [2025-04-06T09:38:26.984+0000] {example_local_kubernetes_executor.py:41} WARNING - Install Kubernetes dependencies with: pip install apache-airflow[cncf.kubernetes]
[2025-04-06T09:38:26.986+0000] {processor.py:927} WARNING - No viable dags retrieved from /home/user/airflow_env/lib/python3.12/site-packages/airflow/example_dags/example_local_kubernetes_executor.py
[2025-04-06T09:38:27.027+0000] {processor.py:208} INFO - Processing /home/user/airflow_env/lib/python3.12/site-packages/airflow/example_dags/example_local_kubernetes_executor.py took 0.066 seconds
