[2025-04-06T06:37:52.430+0000] {processor.py:186} INFO - Started process (PID=923) to work on /home/user/airflow_env/lib/python3.12/site-packages/airflow/example_dags/example_latest_only.py
[2025-04-06T06:37:52.434+0000] {processor.py:914} INFO - Processing file /home/user/airflow_env/lib/python3.12/site-packages/airflow/example_dags/example_latest_only.py for tasks to queue
[2025-04-06T06:37:52.442+0000] {logging_mixin.py:190} INFO - [2025-04-06T06:37:52.441+0000] {dagbag.py:588} INFO - Filling up the DagBag from /home/user/airflow_env/lib/python3.12/site-packages/airflow/example_dags/example_latest_only.py
[2025-04-06T06:37:52.462+0000] {processor.py:925} INFO - DAG(s) 'latest_only' retrieved from /home/user/airflow_env/lib/python3.12/site-packages/airflow/example_dags/example_latest_only.py
[2025-04-06T06:37:52.771+0000] {logging_mixin.py:190} INFO - [2025-04-06T06:37:52.769+0000] {override.py:1930} INFO - Created Permission View: can read on DAG:latest_only
[2025-04-06T06:37:52.853+0000] {logging_mixin.py:190} INFO - [2025-04-06T06:37:52.852+0000] {override.py:1930} INFO - Created Permission View: can delete on DAG:latest_only
[2025-04-06T06:37:52.951+0000] {logging_mixin.py:190} INFO - [2025-04-06T06:37:52.951+0000] {override.py:1930} INFO - Created Permission View: can edit on DAG:latest_only
[2025-04-06T06:37:53.117+0000] {logging_mixin.py:190} INFO - [2025-04-06T06:37:53.116+0000] {override.py:1930} INFO - Created Permission View: can read on DAG Run:latest_only
[2025-04-06T06:37:53.194+0000] {logging_mixin.py:190} INFO - [2025-04-06T06:37:53.194+0000] {override.py:1930} INFO - Created Permission View: can create on DAG Run:latest_only
[2025-04-06T06:37:53.257+0000] {logging_mixin.py:190} INFO - [2025-04-06T06:37:53.256+0000] {override.py:1930} INFO - Created Permission View: can delete on DAG Run:latest_only
[2025-04-06T06:37:53.315+0000] {logging_mixin.py:190} INFO - [2025-04-06T06:37:53.315+0000] {override.py:1930} INFO - Created Permission View: menu access on DAG Run:latest_only
[2025-04-06T06:37:53.316+0000] {logging_mixin.py:190} INFO - [2025-04-06T06:37:53.316+0000] {dag.py:3239} INFO - Sync 1 DAGs
[2025-04-06T06:37:53.345+0000] {logging_mixin.py:190} INFO - [2025-04-06T06:37:53.345+0000] {dag.py:3262} INFO - Creating ORM DAG for latest_only
[2025-04-06T06:37:53.360+0000] {logging_mixin.py:190} INFO - [2025-04-06T06:37:53.360+0000] {dag.py:4180} INFO - Setting next_dagrun for latest_only to 2025-04-06 00:00:00+00:00, run_after=2025-04-06 04:00:00+00:00
[2025-04-06T06:37:53.465+0000] {processor.py:208} INFO - Processing /home/user/airflow_env/lib/python3.12/site-packages/airflow/example_dags/example_latest_only.py took 1.049 seconds
[2025-04-06T06:40:03.417+0000] {processor.py:186} INFO - Started process (PID=1054) to work on /home/user/airflow_env/lib/python3.12/site-packages/airflow/example_dags/example_latest_only.py
[2025-04-06T06:40:03.419+0000] {processor.py:914} INFO - Processing file /home/user/airflow_env/lib/python3.12/site-packages/airflow/example_dags/example_latest_only.py for tasks to queue
[2025-04-06T06:40:03.431+0000] {logging_mixin.py:190} INFO - [2025-04-06T06:40:03.430+0000] {dagbag.py:588} INFO - Filling up the DagBag from /home/user/airflow_env/lib/python3.12/site-packages/airflow/example_dags/example_latest_only.py
[2025-04-06T06:40:03.451+0000] {processor.py:925} INFO - DAG(s) 'latest_only' retrieved from /home/user/airflow_env/lib/python3.12/site-packages/airflow/example_dags/example_latest_only.py
[2025-04-06T06:40:03.498+0000] {logging_mixin.py:190} INFO - [2025-04-06T06:40:03.498+0000] {dag.py:3239} INFO - Sync 1 DAGs
[2025-04-06T06:40:03.545+0000] {logging_mixin.py:190} INFO - [2025-04-06T06:40:03.545+0000] {dag.py:4180} INFO - Setting next_dagrun for latest_only to 2025-04-06 00:00:00+00:00, run_after=2025-04-06 04:00:00+00:00
[2025-04-06T06:40:03.659+0000] {processor.py:208} INFO - Processing /home/user/airflow_env/lib/python3.12/site-packages/airflow/example_dags/example_latest_only.py took 0.253 seconds
