[2025-04-06T06:37:46.621+0000] {processor.py:186} INFO - Started process (PID=922) to work on /home/user/airflow_env/lib/python3.12/site-packages/airflow/example_dags/example_dataset_alias_with_no_taskflow.py
[2025-04-06T06:37:46.623+0000] {processor.py:914} INFO - Processing file /home/user/airflow_env/lib/python3.12/site-packages/airflow/example_dags/example_dataset_alias_with_no_taskflow.py for tasks to queue
[2025-04-06T06:37:46.627+0000] {logging_mixin.py:190} INFO - [2025-04-06T06:37:46.626+0000] {dagbag.py:588} INFO - Filling up the DagBag from /home/user/airflow_env/lib/python3.12/site-packages/airflow/example_dags/example_dataset_alias_with_no_taskflow.py
[2025-04-06T06:37:46.780+0000] {processor.py:925} INFO - DAG(s) 'dataset_s3_bucket_consumer_with_no_taskflow', 'dataset_alias_example_alias_consumer_with_no_taskflow', 'dataset_s3_bucket_producer_with_no_taskflow', 'dataset_alias_example_alias_producer_with_no_taskflow' retrieved from /home/user/airflow_env/lib/python3.12/site-packages/airflow/example_dags/example_dataset_alias_with_no_taskflow.py
[2025-04-06T06:37:47.076+0000] {logging_mixin.py:190} INFO - [2025-04-06T06:37:47.075+0000] {override.py:1930} INFO - Created Permission View: can read on DAG:dataset_s3_bucket_consumer_with_no_taskflow
[2025-04-06T06:37:47.208+0000] {logging_mixin.py:190} INFO - [2025-04-06T06:37:47.207+0000] {override.py:1930} INFO - Created Permission View: can delete on DAG:dataset_s3_bucket_consumer_with_no_taskflow
[2025-04-06T06:37:47.315+0000] {logging_mixin.py:190} INFO - [2025-04-06T06:37:47.314+0000] {override.py:1930} INFO - Created Permission View: can edit on DAG:dataset_s3_bucket_consumer_with_no_taskflow
[2025-04-06T06:37:47.472+0000] {logging_mixin.py:190} INFO - [2025-04-06T06:37:47.471+0000] {override.py:1930} INFO - Created Permission View: can read on DAG Run:dataset_s3_bucket_consumer_with_no_taskflow
[2025-04-06T06:37:47.556+0000] {logging_mixin.py:190} INFO - [2025-04-06T06:37:47.555+0000] {override.py:1930} INFO - Created Permission View: can create on DAG Run:dataset_s3_bucket_consumer_with_no_taskflow
[2025-04-06T06:37:47.657+0000] {logging_mixin.py:190} INFO - [2025-04-06T06:37:47.656+0000] {override.py:1930} INFO - Created Permission View: can delete on DAG Run:dataset_s3_bucket_consumer_with_no_taskflow
[2025-04-06T06:37:47.774+0000] {logging_mixin.py:190} INFO - [2025-04-06T06:37:47.773+0000] {override.py:1930} INFO - Created Permission View: menu access on DAG Run:dataset_s3_bucket_consumer_with_no_taskflow
[2025-04-06T06:37:47.968+0000] {logging_mixin.py:190} INFO - [2025-04-06T06:37:47.967+0000] {override.py:1930} INFO - Created Permission View: can read on DAG:dataset_alias_example_alias_consumer_with_no_taskflow
[2025-04-06T06:37:48.072+0000] {logging_mixin.py:190} INFO - [2025-04-06T06:37:48.071+0000] {override.py:1930} INFO - Created Permission View: can delete on DAG:dataset_alias_example_alias_consumer_with_no_taskflow
[2025-04-06T06:37:48.189+0000] {logging_mixin.py:190} INFO - [2025-04-06T06:37:48.187+0000] {override.py:1930} INFO - Created Permission View: can edit on DAG:dataset_alias_example_alias_consumer_with_no_taskflow
[2025-04-06T06:37:48.395+0000] {logging_mixin.py:190} INFO - [2025-04-06T06:37:48.393+0000] {override.py:1930} INFO - Created Permission View: can read on DAG Run:dataset_alias_example_alias_consumer_with_no_taskflow
[2025-04-06T06:37:48.528+0000] {logging_mixin.py:190} INFO - [2025-04-06T06:37:48.527+0000] {override.py:1930} INFO - Created Permission View: can create on DAG Run:dataset_alias_example_alias_consumer_with_no_taskflow
[2025-04-06T06:37:48.636+0000] {logging_mixin.py:190} INFO - [2025-04-06T06:37:48.635+0000] {override.py:1930} INFO - Created Permission View: can delete on DAG Run:dataset_alias_example_alias_consumer_with_no_taskflow
[2025-04-06T06:37:48.712+0000] {logging_mixin.py:190} INFO - [2025-04-06T06:37:48.711+0000] {override.py:1930} INFO - Created Permission View: menu access on DAG Run:dataset_alias_example_alias_consumer_with_no_taskflow
[2025-04-06T06:37:48.845+0000] {logging_mixin.py:190} INFO - [2025-04-06T06:37:48.844+0000] {override.py:1930} INFO - Created Permission View: can read on DAG:dataset_s3_bucket_producer_with_no_taskflow
[2025-04-06T06:37:48.944+0000] {logging_mixin.py:190} INFO - [2025-04-06T06:37:48.942+0000] {override.py:1930} INFO - Created Permission View: can delete on DAG:dataset_s3_bucket_producer_with_no_taskflow
[2025-04-06T06:37:49.053+0000] {logging_mixin.py:190} INFO - [2025-04-06T06:37:49.052+0000] {override.py:1930} INFO - Created Permission View: can edit on DAG:dataset_s3_bucket_producer_with_no_taskflow
[2025-04-06T06:37:49.249+0000] {logging_mixin.py:190} INFO - [2025-04-06T06:37:49.248+0000] {override.py:1930} INFO - Created Permission View: can read on DAG Run:dataset_s3_bucket_producer_with_no_taskflow
[2025-04-06T06:37:49.368+0000] {logging_mixin.py:190} INFO - [2025-04-06T06:37:49.367+0000] {override.py:1930} INFO - Created Permission View: can create on DAG Run:dataset_s3_bucket_producer_with_no_taskflow
[2025-04-06T06:37:49.467+0000] {logging_mixin.py:190} INFO - [2025-04-06T06:37:49.467+0000] {override.py:1930} INFO - Created Permission View: can delete on DAG Run:dataset_s3_bucket_producer_with_no_taskflow
[2025-04-06T06:37:49.585+0000] {logging_mixin.py:190} INFO - [2025-04-06T06:37:49.584+0000] {override.py:1930} INFO - Created Permission View: menu access on DAG Run:dataset_s3_bucket_producer_with_no_taskflow
[2025-04-06T06:37:49.856+0000] {logging_mixin.py:190} INFO - [2025-04-06T06:37:49.855+0000] {override.py:1930} INFO - Created Permission View: can read on DAG:dataset_alias_example_alias_producer_with_no_taskflow
[2025-04-06T06:37:49.942+0000] {logging_mixin.py:190} INFO - [2025-04-06T06:37:49.941+0000] {override.py:1930} INFO - Created Permission View: can delete on DAG:dataset_alias_example_alias_producer_with_no_taskflow
[2025-04-06T06:37:50.031+0000] {logging_mixin.py:190} INFO - [2025-04-06T06:37:50.030+0000] {override.py:1930} INFO - Created Permission View: can edit on DAG:dataset_alias_example_alias_producer_with_no_taskflow
[2025-04-06T06:37:50.199+0000] {logging_mixin.py:190} INFO - [2025-04-06T06:37:50.198+0000] {override.py:1930} INFO - Created Permission View: can read on DAG Run:dataset_alias_example_alias_producer_with_no_taskflow
[2025-04-06T06:37:50.289+0000] {logging_mixin.py:190} INFO - [2025-04-06T06:37:50.287+0000] {override.py:1930} INFO - Created Permission View: can create on DAG Run:dataset_alias_example_alias_producer_with_no_taskflow
[2025-04-06T06:37:50.398+0000] {logging_mixin.py:190} INFO - [2025-04-06T06:37:50.397+0000] {override.py:1930} INFO - Created Permission View: can delete on DAG Run:dataset_alias_example_alias_producer_with_no_taskflow
[2025-04-06T06:37:50.515+0000] {logging_mixin.py:190} INFO - [2025-04-06T06:37:50.514+0000] {override.py:1930} INFO - Created Permission View: menu access on DAG Run:dataset_alias_example_alias_producer_with_no_taskflow
[2025-04-06T06:37:50.516+0000] {logging_mixin.py:190} INFO - [2025-04-06T06:37:50.516+0000] {dag.py:3239} INFO - Sync 4 DAGs
[2025-04-06T06:37:50.573+0000] {logging_mixin.py:190} INFO - [2025-04-06T06:37:50.572+0000] {dag.py:3262} INFO - Creating ORM DAG for dataset_s3_bucket_consumer_with_no_taskflow
[2025-04-06T06:37:50.577+0000] {logging_mixin.py:190} INFO - [2025-04-06T06:37:50.576+0000] {dag.py:3262} INFO - Creating ORM DAG for dataset_s3_bucket_producer_with_no_taskflow
[2025-04-06T06:37:50.580+0000] {logging_mixin.py:190} INFO - [2025-04-06T06:37:50.579+0000] {dag.py:3262} INFO - Creating ORM DAG for dataset_alias_example_alias_consumer_with_no_taskflow
[2025-04-06T06:37:50.581+0000] {logging_mixin.py:190} INFO - [2025-04-06T06:37:50.581+0000] {dag.py:3262} INFO - Creating ORM DAG for dataset_alias_example_alias_producer_with_no_taskflow
[2025-04-06T06:37:50.613+0000] {logging_mixin.py:190} INFO - [2025-04-06T06:37:50.612+0000] {dag.py:4180} INFO - Setting next_dagrun for dataset_alias_example_alias_consumer_with_no_taskflow to None, run_after=None
[2025-04-06T06:37:50.615+0000] {logging_mixin.py:190} INFO - [2025-04-06T06:37:50.615+0000] {dag.py:4180} INFO - Setting next_dagrun for dataset_alias_example_alias_producer_with_no_taskflow to None, run_after=None
[2025-04-06T06:37:50.617+0000] {logging_mixin.py:190} INFO - [2025-04-06T06:37:50.617+0000] {dag.py:4180} INFO - Setting next_dagrun for dataset_s3_bucket_consumer_with_no_taskflow to None, run_after=None
[2025-04-06T06:37:50.619+0000] {logging_mixin.py:190} INFO - [2025-04-06T06:37:50.619+0000] {dag.py:4180} INFO - Setting next_dagrun for dataset_s3_bucket_producer_with_no_taskflow to None, run_after=None
[2025-04-06T06:37:50.827+0000] {processor.py:208} INFO - Processing /home/user/airflow_env/lib/python3.12/site-packages/airflow/example_dags/example_dataset_alias_with_no_taskflow.py took 4.214 seconds
[2025-04-06T06:40:01.246+0000] {processor.py:186} INFO - Started process (PID=1053) to work on /home/user/airflow_env/lib/python3.12/site-packages/airflow/example_dags/example_dataset_alias_with_no_taskflow.py
[2025-04-06T06:40:01.249+0000] {processor.py:914} INFO - Processing file /home/user/airflow_env/lib/python3.12/site-packages/airflow/example_dags/example_dataset_alias_with_no_taskflow.py for tasks to queue
[2025-04-06T06:40:01.255+0000] {logging_mixin.py:190} INFO - [2025-04-06T06:40:01.254+0000] {dagbag.py:588} INFO - Filling up the DagBag from /home/user/airflow_env/lib/python3.12/site-packages/airflow/example_dags/example_dataset_alias_with_no_taskflow.py
[2025-04-06T06:40:01.576+0000] {processor.py:925} INFO - DAG(s) 'dataset_s3_bucket_producer_with_no_taskflow', 'dataset_alias_example_alias_consumer_with_no_taskflow', 'dataset_s3_bucket_consumer_with_no_taskflow', 'dataset_alias_example_alias_producer_with_no_taskflow' retrieved from /home/user/airflow_env/lib/python3.12/site-packages/airflow/example_dags/example_dataset_alias_with_no_taskflow.py
[2025-04-06T06:40:01.700+0000] {logging_mixin.py:190} INFO - [2025-04-06T06:40:01.699+0000] {dag.py:3239} INFO - Sync 4 DAGs
[2025-04-06T06:40:01.763+0000] {logging_mixin.py:190} INFO - [2025-04-06T06:40:01.763+0000] {dag.py:4180} INFO - Setting next_dagrun for dataset_alias_example_alias_consumer_with_no_taskflow to None, run_after=None
[2025-04-06T06:40:01.771+0000] {logging_mixin.py:190} INFO - [2025-04-06T06:40:01.770+0000] {dag.py:4180} INFO - Setting next_dagrun for dataset_alias_example_alias_producer_with_no_taskflow to None, run_after=None
[2025-04-06T06:40:01.777+0000] {logging_mixin.py:190} INFO - [2025-04-06T06:40:01.776+0000] {dag.py:4180} INFO - Setting next_dagrun for dataset_s3_bucket_consumer_with_no_taskflow to None, run_after=None
[2025-04-06T06:40:01.782+0000] {logging_mixin.py:190} INFO - [2025-04-06T06:40:01.782+0000] {dag.py:4180} INFO - Setting next_dagrun for dataset_s3_bucket_producer_with_no_taskflow to None, run_after=None
[2025-04-06T06:40:01.910+0000] {processor.py:208} INFO - Processing /home/user/airflow_env/lib/python3.12/site-packages/airflow/example_dags/example_dataset_alias_with_no_taskflow.py took 0.681 seconds
