[2025-04-06T06:36:33.869+0000] {processor.py:186} INFO - Started process (PID=887) to work on /home/user/airflow_env/lib/python3.12/site-packages/airflow/example_dags/example_kubernetes_executor.py
[2025-04-06T06:36:33.872+0000] {processor.py:914} INFO - Processing file /home/user/airflow_env/lib/python3.12/site-packages/airflow/example_dags/example_kubernetes_executor.py for tasks to queue
[2025-04-06T06:36:33.879+0000] {logging_mixin.py:190} INFO - [2025-04-06T06:36:33.877+0000] {dagbag.py:588} INFO - Filling up the DagBag from /home/user/airflow_env/lib/python3.12/site-packages/airflow/example_dags/example_kubernetes_executor.py
[2025-04-06T06:36:33.897+0000] {logging_mixin.py:190} INFO - [2025-04-06T06:36:33.896+0000] {example_kubernetes_executor.py:39} WARNING - The example_kubernetes_executor example DAG requires the kubernetes provider. Please install it with: pip install apache-airflow[cncf.kubernetes]
[2025-04-06T06:36:33.898+0000] {processor.py:927} WARNING - No viable dags retrieved from /home/user/airflow_env/lib/python3.12/site-packages/airflow/example_dags/example_kubernetes_executor.py
[2025-04-06T06:36:33.958+0000] {processor.py:208} INFO - Processing /home/user/airflow_env/lib/python3.12/site-packages/airflow/example_dags/example_kubernetes_executor.py took 0.103 seconds
[2025-04-06T06:38:39.271+0000] {processor.py:186} INFO - Started process (PID=958) to work on /home/user/airflow_env/lib/python3.12/site-packages/airflow/example_dags/example_kubernetes_executor.py
[2025-04-06T06:38:39.274+0000] {processor.py:914} INFO - Processing file /home/user/airflow_env/lib/python3.12/site-packages/airflow/example_dags/example_kubernetes_executor.py for tasks to queue
[2025-04-06T06:38:39.278+0000] {logging_mixin.py:190} INFO - [2025-04-06T06:38:39.277+0000] {dagbag.py:588} INFO - Filling up the DagBag from /home/user/airflow_env/lib/python3.12/site-packages/airflow/example_dags/example_kubernetes_executor.py
[2025-04-06T06:38:39.295+0000] {logging_mixin.py:190} INFO - [2025-04-06T06:38:39.295+0000] {example_kubernetes_executor.py:39} WARNING - The example_kubernetes_executor example DAG requires the kubernetes provider. Please install it with: pip install apache-airflow[cncf.kubernetes]
[2025-04-06T06:38:39.296+0000] {processor.py:927} WARNING - No viable dags retrieved from /home/user/airflow_env/lib/python3.12/site-packages/airflow/example_dags/example_kubernetes_executor.py
[2025-04-06T06:38:39.349+0000] {processor.py:208} INFO - Processing /home/user/airflow_env/lib/python3.12/site-packages/airflow/example_dags/example_kubernetes_executor.py took 0.088 seconds
[2025-04-06T06:40:31.439+0000] {processor.py:186} INFO - Started process (PID=1078) to work on /home/user/airflow_env/lib/python3.12/site-packages/airflow/example_dags/example_kubernetes_executor.py
[2025-04-06T06:40:31.440+0000] {processor.py:914} INFO - Processing file /home/user/airflow_env/lib/python3.12/site-packages/airflow/example_dags/example_kubernetes_executor.py for tasks to queue
[2025-04-06T06:40:31.444+0000] {logging_mixin.py:190} INFO - [2025-04-06T06:40:31.443+0000] {dagbag.py:588} INFO - Filling up the DagBag from /home/user/airflow_env/lib/python3.12/site-packages/airflow/example_dags/example_kubernetes_executor.py
[2025-04-06T06:40:31.456+0000] {logging_mixin.py:190} INFO - [2025-04-06T06:40:31.456+0000] {example_kubernetes_executor.py:39} WARNING - The example_kubernetes_executor example DAG requires the kubernetes provider. Please install it with: pip install apache-airflow[cncf.kubernetes]
[2025-04-06T06:40:31.457+0000] {processor.py:927} WARNING - No viable dags retrieved from /home/user/airflow_env/lib/python3.12/site-packages/airflow/example_dags/example_kubernetes_executor.py
[2025-04-06T06:40:31.502+0000] {processor.py:208} INFO - Processing /home/user/airflow_env/lib/python3.12/site-packages/airflow/example_dags/example_kubernetes_executor.py took 0.069 seconds
[2025-04-06T09:38:33.994+0000] {processor.py:186} INFO - Started process (PID=10129) to work on /home/user/airflow_env/lib/python3.12/site-packages/airflow/example_dags/example_kubernetes_executor.py
[2025-04-06T09:38:33.996+0000] {processor.py:914} INFO - Processing file /home/user/airflow_env/lib/python3.12/site-packages/airflow/example_dags/example_kubernetes_executor.py for tasks to queue
[2025-04-06T09:38:34.001+0000] {logging_mixin.py:190} INFO - [2025-04-06T09:38:34.000+0000] {dagbag.py:588} INFO - Filling up the DagBag from /home/user/airflow_env/lib/python3.12/site-packages/airflow/example_dags/example_kubernetes_executor.py
[2025-04-06T09:38:34.008+0000] {logging_mixin.py:190} INFO - [2025-04-06T09:38:34.007+0000] {example_kubernetes_executor.py:39} WARNING - The example_kubernetes_executor example DAG requires the kubernetes provider. Please install it with: pip install apache-airflow[cncf.kubernetes]
[2025-04-06T09:38:34.009+0000] {processor.py:927} WARNING - No viable dags retrieved from /home/user/airflow_env/lib/python3.12/site-packages/airflow/example_dags/example_kubernetes_executor.py
[2025-04-06T09:38:34.056+0000] {processor.py:208} INFO - Processing /home/user/airflow_env/lib/python3.12/site-packages/airflow/example_dags/example_kubernetes_executor.py took 0.071 seconds
