[2025-04-06T06:37:07.545+0000] {processor.py:186} INFO - Started process (PID=907) to work on /home/user/airflow_env/lib/python3.12/site-packages/airflow/example_dags/example_external_task_marker_dag.py
[2025-04-06T06:37:07.546+0000] {processor.py:914} INFO - Processing file /home/user/airflow_env/lib/python3.12/site-packages/airflow/example_dags/example_external_task_marker_dag.py for tasks to queue
[2025-04-06T06:37:07.549+0000] {logging_mixin.py:190} INFO - [2025-04-06T06:37:07.549+0000] {dagbag.py:588} INFO - Filling up the DagBag from /home/user/airflow_env/lib/python3.12/site-packages/airflow/example_dags/example_external_task_marker_dag.py
[2025-04-06T06:37:07.560+0000] {processor.py:925} INFO - DAG(s) 'example_external_task_marker_child', 'example_external_task_marker_parent' retrieved from /home/user/airflow_env/lib/python3.12/site-packages/airflow/example_dags/example_external_task_marker_dag.py
[2025-04-06T06:37:07.765+0000] {logging_mixin.py:190} INFO - [2025-04-06T06:37:07.764+0000] {override.py:1930} INFO - Created Permission View: can read on DAG:example_external_task_marker_child
[2025-04-06T06:37:07.841+0000] {logging_mixin.py:190} INFO - [2025-04-06T06:37:07.840+0000] {override.py:1930} INFO - Created Permission View: can delete on DAG:example_external_task_marker_child
[2025-04-06T06:37:07.926+0000] {logging_mixin.py:190} INFO - [2025-04-06T06:37:07.925+0000] {override.py:1930} INFO - Created Permission View: can edit on DAG:example_external_task_marker_child
[2025-04-06T06:37:08.078+0000] {logging_mixin.py:190} INFO - [2025-04-06T06:37:08.077+0000] {override.py:1930} INFO - Created Permission View: can read on DAG Run:example_external_task_marker_child
[2025-04-06T06:37:08.170+0000] {logging_mixin.py:190} INFO - [2025-04-06T06:37:08.170+0000] {override.py:1930} INFO - Created Permission View: can create on DAG Run:example_external_task_marker_child
[2025-04-06T06:37:08.264+0000] {logging_mixin.py:190} INFO - [2025-04-06T06:37:08.263+0000] {override.py:1930} INFO - Created Permission View: can delete on DAG Run:example_external_task_marker_child
[2025-04-06T06:37:08.368+0000] {logging_mixin.py:190} INFO - [2025-04-06T06:37:08.367+0000] {override.py:1930} INFO - Created Permission View: menu access on DAG Run:example_external_task_marker_child
[2025-04-06T06:37:08.574+0000] {logging_mixin.py:190} INFO - [2025-04-06T06:37:08.573+0000] {override.py:1930} INFO - Created Permission View: can read on DAG:example_external_task_marker_parent
[2025-04-06T06:37:08.685+0000] {logging_mixin.py:190} INFO - [2025-04-06T06:37:08.684+0000] {override.py:1930} INFO - Created Permission View: can delete on DAG:example_external_task_marker_parent
[2025-04-06T06:37:08.770+0000] {logging_mixin.py:190} INFO - [2025-04-06T06:37:08.769+0000] {override.py:1930} INFO - Created Permission View: can edit on DAG:example_external_task_marker_parent
[2025-04-06T06:37:08.882+0000] {logging_mixin.py:190} INFO - [2025-04-06T06:37:08.881+0000] {override.py:1930} INFO - Created Permission View: can read on DAG Run:example_external_task_marker_parent
[2025-04-06T06:37:08.942+0000] {logging_mixin.py:190} INFO - [2025-04-06T06:37:08.941+0000] {override.py:1930} INFO - Created Permission View: can create on DAG Run:example_external_task_marker_parent
[2025-04-06T06:37:09.053+0000] {logging_mixin.py:190} INFO - [2025-04-06T06:37:09.051+0000] {override.py:1930} INFO - Created Permission View: can delete on DAG Run:example_external_task_marker_parent
[2025-04-06T06:37:09.153+0000] {logging_mixin.py:190} INFO - [2025-04-06T06:37:09.152+0000] {override.py:1930} INFO - Created Permission View: menu access on DAG Run:example_external_task_marker_parent
[2025-04-06T06:37:09.155+0000] {logging_mixin.py:190} INFO - [2025-04-06T06:37:09.155+0000] {dag.py:3239} INFO - Sync 2 DAGs
[2025-04-06T06:37:09.220+0000] {logging_mixin.py:190} INFO - [2025-04-06T06:37:09.220+0000] {dag.py:3262} INFO - Creating ORM DAG for example_external_task_marker_child
[2025-04-06T06:37:09.223+0000] {logging_mixin.py:190} INFO - [2025-04-06T06:37:09.222+0000] {dag.py:3262} INFO - Creating ORM DAG for example_external_task_marker_parent
[2025-04-06T06:37:09.224+0000] {logging_mixin.py:190} INFO - [2025-04-06T06:37:09.224+0000] {dag.py:4180} INFO - Setting next_dagrun for example_external_task_marker_child to None, run_after=None
[2025-04-06T06:37:09.227+0000] {logging_mixin.py:190} INFO - [2025-04-06T06:37:09.226+0000] {dag.py:4180} INFO - Setting next_dagrun for example_external_task_marker_parent to None, run_after=None
[2025-04-06T06:37:09.354+0000] {processor.py:208} INFO - Processing /home/user/airflow_env/lib/python3.12/site-packages/airflow/example_dags/example_external_task_marker_dag.py took 1.815 seconds
[2025-04-06T06:38:59.599+0000] {processor.py:186} INFO - Started process (PID=982) to work on /home/user/airflow_env/lib/python3.12/site-packages/airflow/example_dags/example_external_task_marker_dag.py
[2025-04-06T06:38:59.602+0000] {processor.py:914} INFO - Processing file /home/user/airflow_env/lib/python3.12/site-packages/airflow/example_dags/example_external_task_marker_dag.py for tasks to queue
[2025-04-06T06:38:59.605+0000] {logging_mixin.py:190} INFO - [2025-04-06T06:38:59.605+0000] {dagbag.py:588} INFO - Filling up the DagBag from /home/user/airflow_env/lib/python3.12/site-packages/airflow/example_dags/example_external_task_marker_dag.py
[2025-04-06T06:38:59.616+0000] {processor.py:925} INFO - DAG(s) 'example_external_task_marker_parent', 'example_external_task_marker_child' retrieved from /home/user/airflow_env/lib/python3.12/site-packages/airflow/example_dags/example_external_task_marker_dag.py
[2025-04-06T06:38:59.674+0000] {logging_mixin.py:190} INFO - [2025-04-06T06:38:59.674+0000] {dag.py:3239} INFO - Sync 2 DAGs
[2025-04-06T06:38:59.701+0000] {logging_mixin.py:190} INFO - [2025-04-06T06:38:59.700+0000] {dag.py:4180} INFO - Setting next_dagrun for example_external_task_marker_child to None, run_after=None
[2025-04-06T06:38:59.711+0000] {logging_mixin.py:190} INFO - [2025-04-06T06:38:59.711+0000] {dag.py:4180} INFO - Setting next_dagrun for example_external_task_marker_parent to None, run_after=None
[2025-04-06T06:38:59.846+0000] {processor.py:208} INFO - Processing /home/user/airflow_env/lib/python3.12/site-packages/airflow/example_dags/example_external_task_marker_dag.py took 0.257 seconds
