[2025-04-06T06:36:35.403+0000] {processor.py:186} INFO - Started process (PID=891) to work on /home/user/airflow_env/lib/python3.12/site-packages/airflow/example_dags/example_dynamic_task_mapping_with_no_taskflow_operators.py
[2025-04-06T06:36:35.407+0000] {processor.py:914} INFO - Processing file /home/user/airflow_env/lib/python3.12/site-packages/airflow/example_dags/example_dynamic_task_mapping_with_no_taskflow_operators.py for tasks to queue
[2025-04-06T06:36:35.413+0000] {logging_mixin.py:190} INFO - [2025-04-06T06:36:35.412+0000] {dagbag.py:588} INFO - Filling up the DagBag from /home/user/airflow_env/lib/python3.12/site-packages/airflow/example_dags/example_dynamic_task_mapping_with_no_taskflow_operators.py
[2025-04-06T06:36:35.446+0000] {processor.py:925} INFO - DAG(s) 'example_dynamic_task_mapping_with_no_taskflow_operators' retrieved from /home/user/airflow_env/lib/python3.12/site-packages/airflow/example_dags/example_dynamic_task_mapping_with_no_taskflow_operators.py
[2025-04-06T06:36:35.879+0000] {logging_mixin.py:190} INFO - [2025-04-06T06:36:35.877+0000] {override.py:1930} INFO - Created Permission View: can read on DAG:example_dynamic_task_mapping_with_no_taskflow_operators
[2025-04-06T06:36:36.002+0000] {logging_mixin.py:190} INFO - [2025-04-06T06:36:36.002+0000] {override.py:1930} INFO - Created Permission View: can delete on DAG:example_dynamic_task_mapping_with_no_taskflow_operators
[2025-04-06T06:36:36.104+0000] {logging_mixin.py:190} INFO - [2025-04-06T06:36:36.103+0000] {override.py:1930} INFO - Created Permission View: can edit on DAG:example_dynamic_task_mapping_with_no_taskflow_operators
[2025-04-06T06:36:36.272+0000] {logging_mixin.py:190} INFO - [2025-04-06T06:36:36.271+0000] {override.py:1930} INFO - Created Permission View: can read on DAG Run:example_dynamic_task_mapping_with_no_taskflow_operators
[2025-04-06T06:36:36.362+0000] {logging_mixin.py:190} INFO - [2025-04-06T06:36:36.361+0000] {override.py:1930} INFO - Created Permission View: can create on DAG Run:example_dynamic_task_mapping_with_no_taskflow_operators
[2025-04-06T06:36:36.465+0000] {logging_mixin.py:190} INFO - [2025-04-06T06:36:36.464+0000] {override.py:1930} INFO - Created Permission View: can delete on DAG Run:example_dynamic_task_mapping_with_no_taskflow_operators
[2025-04-06T06:36:36.567+0000] {logging_mixin.py:190} INFO - [2025-04-06T06:36:36.566+0000] {override.py:1930} INFO - Created Permission View: menu access on DAG Run:example_dynamic_task_mapping_with_no_taskflow_operators
[2025-04-06T06:36:36.569+0000] {logging_mixin.py:190} INFO - [2025-04-06T06:36:36.569+0000] {dag.py:3239} INFO - Sync 1 DAGs
[2025-04-06T06:36:36.622+0000] {logging_mixin.py:190} INFO - [2025-04-06T06:36:36.622+0000] {dag.py:3262} INFO - Creating ORM DAG for example_dynamic_task_mapping_with_no_taskflow_operators
[2025-04-06T06:36:36.625+0000] {logging_mixin.py:190} INFO - [2025-04-06T06:36:36.624+0000] {dag.py:4180} INFO - Setting next_dagrun for example_dynamic_task_mapping_with_no_taskflow_operators to None, run_after=None
[2025-04-06T06:36:36.797+0000] {processor.py:208} INFO - Processing /home/user/airflow_env/lib/python3.12/site-packages/airflow/example_dags/example_dynamic_task_mapping_with_no_taskflow_operators.py took 1.408 seconds
[2025-04-06T06:38:40.650+0000] {processor.py:186} INFO - Started process (PID=959) to work on /home/user/airflow_env/lib/python3.12/site-packages/airflow/example_dags/example_dynamic_task_mapping_with_no_taskflow_operators.py
[2025-04-06T06:38:40.652+0000] {processor.py:914} INFO - Processing file /home/user/airflow_env/lib/python3.12/site-packages/airflow/example_dags/example_dynamic_task_mapping_with_no_taskflow_operators.py for tasks to queue
[2025-04-06T06:38:40.655+0000] {logging_mixin.py:190} INFO - [2025-04-06T06:38:40.654+0000] {dagbag.py:588} INFO - Filling up the DagBag from /home/user/airflow_env/lib/python3.12/site-packages/airflow/example_dags/example_dynamic_task_mapping_with_no_taskflow_operators.py
[2025-04-06T06:38:40.665+0000] {processor.py:925} INFO - DAG(s) 'example_dynamic_task_mapping_with_no_taskflow_operators' retrieved from /home/user/airflow_env/lib/python3.12/site-packages/airflow/example_dags/example_dynamic_task_mapping_with_no_taskflow_operators.py
[2025-04-06T06:38:40.714+0000] {logging_mixin.py:190} INFO - [2025-04-06T06:38:40.713+0000] {dag.py:3239} INFO - Sync 1 DAGs
[2025-04-06T06:38:40.741+0000] {logging_mixin.py:190} INFO - [2025-04-06T06:38:40.741+0000] {dag.py:4180} INFO - Setting next_dagrun for example_dynamic_task_mapping_with_no_taskflow_operators to None, run_after=None
[2025-04-06T06:38:40.877+0000] {processor.py:208} INFO - Processing /home/user/airflow_env/lib/python3.12/site-packages/airflow/example_dags/example_dynamic_task_mapping_with_no_taskflow_operators.py took 0.234 seconds
[2025-04-06T06:40:32.914+0000] {processor.py:186} INFO - Started process (PID=1079) to work on /home/user/airflow_env/lib/python3.12/site-packages/airflow/example_dags/example_dynamic_task_mapping_with_no_taskflow_operators.py
[2025-04-06T06:40:32.916+0000] {processor.py:914} INFO - Processing file /home/user/airflow_env/lib/python3.12/site-packages/airflow/example_dags/example_dynamic_task_mapping_with_no_taskflow_operators.py for tasks to queue
[2025-04-06T06:40:32.921+0000] {logging_mixin.py:190} INFO - [2025-04-06T06:40:32.920+0000] {dagbag.py:588} INFO - Filling up the DagBag from /home/user/airflow_env/lib/python3.12/site-packages/airflow/example_dags/example_dynamic_task_mapping_with_no_taskflow_operators.py
[2025-04-06T06:40:32.937+0000] {processor.py:925} INFO - DAG(s) 'example_dynamic_task_mapping_with_no_taskflow_operators' retrieved from /home/user/airflow_env/lib/python3.12/site-packages/airflow/example_dags/example_dynamic_task_mapping_with_no_taskflow_operators.py
[2025-04-06T06:40:32.981+0000] {logging_mixin.py:190} INFO - [2025-04-06T06:40:32.981+0000] {dag.py:3239} INFO - Sync 1 DAGs
[2025-04-06T06:40:33.002+0000] {logging_mixin.py:190} INFO - [2025-04-06T06:40:33.002+0000] {dag.py:4180} INFO - Setting next_dagrun for example_dynamic_task_mapping_with_no_taskflow_operators to None, run_after=None
[2025-04-06T06:40:33.089+0000] {processor.py:208} INFO - Processing /home/user/airflow_env/lib/python3.12/site-packages/airflow/example_dags/example_dynamic_task_mapping_with_no_taskflow_operators.py took 0.185 seconds
[2025-04-06T09:38:35.503+0000] {processor.py:186} INFO - Started process (PID=10130) to work on /home/user/airflow_env/lib/python3.12/site-packages/airflow/example_dags/example_dynamic_task_mapping_with_no_taskflow_operators.py
[2025-04-06T09:38:35.505+0000] {processor.py:914} INFO - Processing file /home/user/airflow_env/lib/python3.12/site-packages/airflow/example_dags/example_dynamic_task_mapping_with_no_taskflow_operators.py for tasks to queue
[2025-04-06T09:38:35.508+0000] {logging_mixin.py:190} INFO - [2025-04-06T09:38:35.507+0000] {dagbag.py:588} INFO - Filling up the DagBag from /home/user/airflow_env/lib/python3.12/site-packages/airflow/example_dags/example_dynamic_task_mapping_with_no_taskflow_operators.py
[2025-04-06T09:38:35.521+0000] {processor.py:925} INFO - DAG(s) 'example_dynamic_task_mapping_with_no_taskflow_operators' retrieved from /home/user/airflow_env/lib/python3.12/site-packages/airflow/example_dags/example_dynamic_task_mapping_with_no_taskflow_operators.py
[2025-04-06T09:38:35.785+0000] {logging_mixin.py:190} INFO - [2025-04-06T09:38:35.783+0000] {override.py:1930} INFO - Created Permission View: can delete on DAG:example_dynamic_task_mapping_with_no_taskflow_operators
[2025-04-06T09:38:35.874+0000] {logging_mixin.py:190} INFO - [2025-04-06T09:38:35.873+0000] {override.py:1930} INFO - Created Permission View: can edit on DAG:example_dynamic_task_mapping_with_no_taskflow_operators
[2025-04-06T09:38:35.952+0000] {logging_mixin.py:190} INFO - [2025-04-06T09:38:35.952+0000] {override.py:1930} INFO - Created Permission View: can read on DAG:example_dynamic_task_mapping_with_no_taskflow_operators
[2025-04-06T09:38:36.055+0000] {logging_mixin.py:190} INFO - [2025-04-06T09:38:36.055+0000] {override.py:1930} INFO - Created Permission View: can create on DAG Run:example_dynamic_task_mapping_with_no_taskflow_operators
[2025-04-06T09:38:36.119+0000] {logging_mixin.py:190} INFO - [2025-04-06T09:38:36.118+0000] {override.py:1930} INFO - Created Permission View: menu access on DAG Run:example_dynamic_task_mapping_with_no_taskflow_operators
[2025-04-06T09:38:36.180+0000] {logging_mixin.py:190} INFO - [2025-04-06T09:38:36.180+0000] {override.py:1930} INFO - Created Permission View: can delete on DAG Run:example_dynamic_task_mapping_with_no_taskflow_operators
[2025-04-06T09:38:36.251+0000] {logging_mixin.py:190} INFO - [2025-04-06T09:38:36.251+0000] {override.py:1930} INFO - Created Permission View: can read on DAG Run:example_dynamic_task_mapping_with_no_taskflow_operators
[2025-04-06T09:38:36.252+0000] {logging_mixin.py:190} INFO - [2025-04-06T09:38:36.252+0000] {dag.py:3239} INFO - Sync 1 DAGs
[2025-04-06T09:38:36.290+0000] {logging_mixin.py:190} INFO - [2025-04-06T09:38:36.290+0000] {dag.py:3262} INFO - Creating ORM DAG for example_dynamic_task_mapping_with_no_taskflow_operators
[2025-04-06T09:38:36.292+0000] {logging_mixin.py:190} INFO - [2025-04-06T09:38:36.292+0000] {dag.py:4180} INFO - Setting next_dagrun for example_dynamic_task_mapping_with_no_taskflow_operators to None, run_after=None
[2025-04-06T09:38:36.397+0000] {processor.py:208} INFO - Processing /home/user/airflow_env/lib/python3.12/site-packages/airflow/example_dags/example_dynamic_task_mapping_with_no_taskflow_operators.py took 0.900 seconds
