[2025-04-06T06:37:01.082+0000] {processor.py:186} INFO - Started process (PID=904) to work on /home/user/airflow_env/lib/python3.12/site-packages/airflow/example_dags/example_dynamic_task_mapping.py
[2025-04-06T06:37:01.086+0000] {processor.py:914} INFO - Processing file /home/user/airflow_env/lib/python3.12/site-packages/airflow/example_dags/example_dynamic_task_mapping.py for tasks to queue
[2025-04-06T06:37:01.093+0000] {logging_mixin.py:190} INFO - [2025-04-06T06:37:01.092+0000] {dagbag.py:588} INFO - Filling up the DagBag from /home/user/airflow_env/lib/python3.12/site-packages/airflow/example_dags/example_dynamic_task_mapping.py
[2025-04-06T06:37:01.125+0000] {processor.py:925} INFO - DAG(s) 'example_dynamic_task_mapping' retrieved from /home/user/airflow_env/lib/python3.12/site-packages/airflow/example_dags/example_dynamic_task_mapping.py
[2025-04-06T06:37:01.379+0000] {logging_mixin.py:190} INFO - [2025-04-06T06:37:01.378+0000] {override.py:1930} INFO - Created Permission View: can read on DAG:example_dynamic_task_mapping
[2025-04-06T06:37:01.467+0000] {logging_mixin.py:190} INFO - [2025-04-06T06:37:01.466+0000] {override.py:1930} INFO - Created Permission View: can delete on DAG:example_dynamic_task_mapping
[2025-04-06T06:37:01.553+0000] {logging_mixin.py:190} INFO - [2025-04-06T06:37:01.551+0000] {override.py:1930} INFO - Created Permission View: can edit on DAG:example_dynamic_task_mapping
[2025-04-06T06:37:01.683+0000] {logging_mixin.py:190} INFO - [2025-04-06T06:37:01.682+0000] {override.py:1930} INFO - Created Permission View: can read on DAG Run:example_dynamic_task_mapping
[2025-04-06T06:37:01.766+0000] {logging_mixin.py:190} INFO - [2025-04-06T06:37:01.765+0000] {override.py:1930} INFO - Created Permission View: can create on DAG Run:example_dynamic_task_mapping
[2025-04-06T06:37:01.856+0000] {logging_mixin.py:190} INFO - [2025-04-06T06:37:01.854+0000] {override.py:1930} INFO - Created Permission View: can delete on DAG Run:example_dynamic_task_mapping
[2025-04-06T06:37:01.955+0000] {logging_mixin.py:190} INFO - [2025-04-06T06:37:01.954+0000] {override.py:1930} INFO - Created Permission View: menu access on DAG Run:example_dynamic_task_mapping
[2025-04-06T06:37:01.957+0000] {logging_mixin.py:190} INFO - [2025-04-06T06:37:01.956+0000] {dag.py:3239} INFO - Sync 1 DAGs
[2025-04-06T06:37:02.019+0000] {logging_mixin.py:190} INFO - [2025-04-06T06:37:02.019+0000] {dag.py:3262} INFO - Creating ORM DAG for example_dynamic_task_mapping
[2025-04-06T06:37:02.023+0000] {logging_mixin.py:190} INFO - [2025-04-06T06:37:02.022+0000] {dag.py:4180} INFO - Setting next_dagrun for example_dynamic_task_mapping to None, run_after=None
[2025-04-06T06:37:02.183+0000] {processor.py:208} INFO - Processing /home/user/airflow_env/lib/python3.12/site-packages/airflow/example_dags/example_dynamic_task_mapping.py took 1.118 seconds
[2025-04-06T06:38:54.698+0000] {processor.py:186} INFO - Started process (PID=970) to work on /home/user/airflow_env/lib/python3.12/site-packages/airflow/example_dags/example_dynamic_task_mapping.py
[2025-04-06T06:38:54.701+0000] {processor.py:914} INFO - Processing file /home/user/airflow_env/lib/python3.12/site-packages/airflow/example_dags/example_dynamic_task_mapping.py for tasks to queue
[2025-04-06T06:38:54.707+0000] {logging_mixin.py:190} INFO - [2025-04-06T06:38:54.706+0000] {dagbag.py:588} INFO - Filling up the DagBag from /home/user/airflow_env/lib/python3.12/site-packages/airflow/example_dags/example_dynamic_task_mapping.py
[2025-04-06T06:38:54.727+0000] {processor.py:925} INFO - DAG(s) 'example_dynamic_task_mapping' retrieved from /home/user/airflow_env/lib/python3.12/site-packages/airflow/example_dags/example_dynamic_task_mapping.py
[2025-04-06T06:38:54.772+0000] {logging_mixin.py:190} INFO - [2025-04-06T06:38:54.771+0000] {dag.py:3239} INFO - Sync 1 DAGs
[2025-04-06T06:38:54.801+0000] {logging_mixin.py:190} INFO - [2025-04-06T06:38:54.801+0000] {dag.py:4180} INFO - Setting next_dagrun for example_dynamic_task_mapping to None, run_after=None
[2025-04-06T06:38:54.893+0000] {processor.py:208} INFO - Processing /home/user/airflow_env/lib/python3.12/site-packages/airflow/example_dags/example_dynamic_task_mapping.py took 0.208 seconds
