[2025-04-06T06:36:23.552+0000] {processor.py:186} INFO - Started process (PID=880) to work on /home/user/airflow_env/lib/python3.12/site-packages/airflow/example_dags/example_inlet_event_extra.py
[2025-04-06T06:36:23.554+0000] {processor.py:914} INFO - Processing file /home/user/airflow_env/lib/python3.12/site-packages/airflow/example_dags/example_inlet_event_extra.py for tasks to queue
[2025-04-06T06:36:23.561+0000] {logging_mixin.py:190} INFO - [2025-04-06T06:36:23.560+0000] {dagbag.py:588} INFO - Filling up the DagBag from /home/user/airflow_env/lib/python3.12/site-packages/airflow/example_dags/example_inlet_event_extra.py
[2025-04-06T06:36:23.866+0000] {processor.py:925} INFO - DAG(s) 'read_dataset_event', 'read_dataset_event_from_classic' retrieved from /home/user/airflow_env/lib/python3.12/site-packages/airflow/example_dags/example_inlet_event_extra.py
[2025-04-06T06:36:24.193+0000] {logging_mixin.py:190} INFO - [2025-04-06T06:36:24.192+0000] {override.py:1930} INFO - Created Permission View: can read on DAG:read_dataset_event
[2025-04-06T06:36:24.315+0000] {logging_mixin.py:190} INFO - [2025-04-06T06:36:24.313+0000] {override.py:1930} INFO - Created Permission View: can delete on DAG:read_dataset_event
[2025-04-06T06:36:24.403+0000] {logging_mixin.py:190} INFO - [2025-04-06T06:36:24.402+0000] {override.py:1930} INFO - Created Permission View: can edit on DAG:read_dataset_event
[2025-04-06T06:36:24.495+0000] {logging_mixin.py:190} INFO - [2025-04-06T06:36:24.494+0000] {override.py:1930} INFO - Created Permission View: can read on DAG Run:read_dataset_event
[2025-04-06T06:36:24.557+0000] {logging_mixin.py:190} INFO - [2025-04-06T06:36:24.555+0000] {override.py:1930} INFO - Created Permission View: can create on DAG Run:read_dataset_event
[2025-04-06T06:36:24.623+0000] {logging_mixin.py:190} INFO - [2025-04-06T06:36:24.623+0000] {override.py:1930} INFO - Created Permission View: can delete on DAG Run:read_dataset_event
[2025-04-06T06:36:24.767+0000] {logging_mixin.py:190} INFO - [2025-04-06T06:36:24.766+0000] {override.py:1930} INFO - Created Permission View: menu access on DAG Run:read_dataset_event
[2025-04-06T06:36:24.947+0000] {logging_mixin.py:190} INFO - [2025-04-06T06:36:24.946+0000] {override.py:1930} INFO - Created Permission View: can read on DAG:read_dataset_event_from_classic
[2025-04-06T06:36:25.048+0000] {logging_mixin.py:190} INFO - [2025-04-06T06:36:25.046+0000] {override.py:1930} INFO - Created Permission View: can delete on DAG:read_dataset_event_from_classic
[2025-04-06T06:36:25.192+0000] {logging_mixin.py:190} INFO - [2025-04-06T06:36:25.191+0000] {override.py:1930} INFO - Created Permission View: can edit on DAG:read_dataset_event_from_classic
[2025-04-06T06:36:25.308+0000] {logging_mixin.py:190} INFO - [2025-04-06T06:36:25.307+0000] {override.py:1930} INFO - Created Permission View: can read on DAG Run:read_dataset_event_from_classic
[2025-04-06T06:36:25.370+0000] {logging_mixin.py:190} INFO - [2025-04-06T06:36:25.369+0000] {override.py:1930} INFO - Created Permission View: can create on DAG Run:read_dataset_event_from_classic
[2025-04-06T06:36:25.456+0000] {logging_mixin.py:190} INFO - [2025-04-06T06:36:25.455+0000] {override.py:1930} INFO - Created Permission View: can delete on DAG Run:read_dataset_event_from_classic
[2025-04-06T06:36:25.545+0000] {logging_mixin.py:190} INFO - [2025-04-06T06:36:25.544+0000] {override.py:1930} INFO - Created Permission View: menu access on DAG Run:read_dataset_event_from_classic
[2025-04-06T06:36:25.547+0000] {logging_mixin.py:190} INFO - [2025-04-06T06:36:25.547+0000] {dag.py:3239} INFO - Sync 2 DAGs
[2025-04-06T06:36:25.603+0000] {logging_mixin.py:190} INFO - [2025-04-06T06:36:25.603+0000] {dag.py:3262} INFO - Creating ORM DAG for read_dataset_event_from_classic
[2025-04-06T06:36:25.606+0000] {logging_mixin.py:190} INFO - [2025-04-06T06:36:25.605+0000] {dag.py:3262} INFO - Creating ORM DAG for read_dataset_event
[2025-04-06T06:36:25.646+0000] {logging_mixin.py:190} INFO - [2025-04-06T06:36:25.645+0000] {dag.py:4180} INFO - Setting next_dagrun for read_dataset_event to 2025-04-05 00:00:00+00:00, run_after=2025-04-06 00:00:00+00:00
[2025-04-06T06:36:25.653+0000] {logging_mixin.py:190} INFO - [2025-04-06T06:36:25.652+0000] {dag.py:4180} INFO - Setting next_dagrun for read_dataset_event_from_classic to 2025-04-05 00:00:00+00:00, run_after=2025-04-06 00:00:00+00:00
[2025-04-06T06:36:25.807+0000] {processor.py:208} INFO - Processing /home/user/airflow_env/lib/python3.12/site-packages/airflow/example_dags/example_inlet_event_extra.py took 2.266 seconds
[2025-04-06T06:38:33.472+0000] {processor.py:186} INFO - Started process (PID=954) to work on /home/user/airflow_env/lib/python3.12/site-packages/airflow/example_dags/example_inlet_event_extra.py
[2025-04-06T06:38:33.475+0000] {processor.py:914} INFO - Processing file /home/user/airflow_env/lib/python3.12/site-packages/airflow/example_dags/example_inlet_event_extra.py for tasks to queue
[2025-04-06T06:38:33.482+0000] {logging_mixin.py:190} INFO - [2025-04-06T06:38:33.480+0000] {dagbag.py:588} INFO - Filling up the DagBag from /home/user/airflow_env/lib/python3.12/site-packages/airflow/example_dags/example_inlet_event_extra.py
[2025-04-06T06:38:33.678+0000] {processor.py:925} INFO - DAG(s) 'read_dataset_event', 'read_dataset_event_from_classic' retrieved from /home/user/airflow_env/lib/python3.12/site-packages/airflow/example_dags/example_inlet_event_extra.py
[2025-04-06T06:38:33.748+0000] {logging_mixin.py:190} INFO - [2025-04-06T06:38:33.747+0000] {dag.py:3239} INFO - Sync 2 DAGs
[2025-04-06T06:38:33.785+0000] {logging_mixin.py:190} INFO - [2025-04-06T06:38:33.785+0000] {dag.py:4180} INFO - Setting next_dagrun for read_dataset_event to 2025-04-05 00:00:00+00:00, run_after=2025-04-06 00:00:00+00:00
[2025-04-06T06:38:33.792+0000] {logging_mixin.py:190} INFO - [2025-04-06T06:38:33.792+0000] {dag.py:4180} INFO - Setting next_dagrun for read_dataset_event_from_classic to 2025-04-05 00:00:00+00:00, run_after=2025-04-06 00:00:00+00:00
[2025-04-06T06:38:33.884+0000] {processor.py:208} INFO - Processing /home/user/airflow_env/lib/python3.12/site-packages/airflow/example_dags/example_inlet_event_extra.py took 0.428 seconds
[2025-04-06T06:39:46.103+0000] {processor.py:186} INFO - Started process (PID=1039) to work on /home/user/airflow_env/lib/python3.12/site-packages/airflow/example_dags/example_inlet_event_extra.py
[2025-04-06T06:39:46.105+0000] {processor.py:914} INFO - Processing file /home/user/airflow_env/lib/python3.12/site-packages/airflow/example_dags/example_inlet_event_extra.py for tasks to queue
[2025-04-06T06:39:46.109+0000] {logging_mixin.py:190} INFO - [2025-04-06T06:39:46.108+0000] {dagbag.py:588} INFO - Filling up the DagBag from /home/user/airflow_env/lib/python3.12/site-packages/airflow/example_dags/example_inlet_event_extra.py
[2025-04-06T06:39:46.236+0000] {processor.py:925} INFO - DAG(s) 'read_dataset_event', 'read_dataset_event_from_classic' retrieved from /home/user/airflow_env/lib/python3.12/site-packages/airflow/example_dags/example_inlet_event_extra.py
[2025-04-06T06:39:46.284+0000] {logging_mixin.py:190} INFO - [2025-04-06T06:39:46.284+0000] {dag.py:3239} INFO - Sync 2 DAGs
[2025-04-06T06:39:46.327+0000] {logging_mixin.py:190} INFO - [2025-04-06T06:39:46.326+0000] {dag.py:4180} INFO - Setting next_dagrun for read_dataset_event to 2025-04-05 00:00:00+00:00, run_after=2025-04-06 00:00:00+00:00
[2025-04-06T06:39:46.337+0000] {logging_mixin.py:190} INFO - [2025-04-06T06:39:46.337+0000] {dag.py:4180} INFO - Setting next_dagrun for read_dataset_event_from_classic to 2025-04-05 00:00:00+00:00, run_after=2025-04-06 00:00:00+00:00
[2025-04-06T06:39:46.505+0000] {processor.py:208} INFO - Processing /home/user/airflow_env/lib/python3.12/site-packages/airflow/example_dags/example_inlet_event_extra.py took 0.408 seconds
[2025-04-06T09:38:23.704+0000] {processor.py:186} INFO - Started process (PID=10121) to work on /home/user/airflow_env/lib/python3.12/site-packages/airflow/example_dags/example_inlet_event_extra.py
[2025-04-06T09:38:23.706+0000] {processor.py:914} INFO - Processing file /home/user/airflow_env/lib/python3.12/site-packages/airflow/example_dags/example_inlet_event_extra.py for tasks to queue
[2025-04-06T09:38:23.708+0000] {logging_mixin.py:190} INFO - [2025-04-06T09:38:23.708+0000] {dagbag.py:588} INFO - Filling up the DagBag from /home/user/airflow_env/lib/python3.12/site-packages/airflow/example_dags/example_inlet_event_extra.py
[2025-04-06T09:38:23.826+0000] {processor.py:925} INFO - DAG(s) 'read_dataset_event', 'read_dataset_event_from_classic' retrieved from /home/user/airflow_env/lib/python3.12/site-packages/airflow/example_dags/example_inlet_event_extra.py
[2025-04-06T09:38:24.147+0000] {logging_mixin.py:190} INFO - [2025-04-06T09:38:24.145+0000] {override.py:1930} INFO - Created Permission View: can delete on DAG:read_dataset_event
[2025-04-06T09:38:24.242+0000] {logging_mixin.py:190} INFO - [2025-04-06T09:38:24.242+0000] {override.py:1930} INFO - Created Permission View: can edit on DAG:read_dataset_event
[2025-04-06T09:38:24.336+0000] {logging_mixin.py:190} INFO - [2025-04-06T09:38:24.336+0000] {override.py:1930} INFO - Created Permission View: can read on DAG:read_dataset_event
[2025-04-06T09:38:24.497+0000] {logging_mixin.py:190} INFO - [2025-04-06T09:38:24.496+0000] {override.py:1930} INFO - Created Permission View: can create on DAG Run:read_dataset_event
[2025-04-06T09:38:24.585+0000] {logging_mixin.py:190} INFO - [2025-04-06T09:38:24.584+0000] {override.py:1930} INFO - Created Permission View: menu access on DAG Run:read_dataset_event
[2025-04-06T09:38:24.660+0000] {logging_mixin.py:190} INFO - [2025-04-06T09:38:24.659+0000] {override.py:1930} INFO - Created Permission View: can delete on DAG Run:read_dataset_event
[2025-04-06T09:38:24.731+0000] {logging_mixin.py:190} INFO - [2025-04-06T09:38:24.730+0000] {override.py:1930} INFO - Created Permission View: can read on DAG Run:read_dataset_event
[2025-04-06T09:38:24.874+0000] {logging_mixin.py:190} INFO - [2025-04-06T09:38:24.873+0000] {override.py:1930} INFO - Created Permission View: can delete on DAG:read_dataset_event_from_classic
[2025-04-06T09:38:24.959+0000] {logging_mixin.py:190} INFO - [2025-04-06T09:38:24.958+0000] {override.py:1930} INFO - Created Permission View: can edit on DAG:read_dataset_event_from_classic
[2025-04-06T09:38:25.034+0000] {logging_mixin.py:190} INFO - [2025-04-06T09:38:25.033+0000] {override.py:1930} INFO - Created Permission View: can read on DAG:read_dataset_event_from_classic
[2025-04-06T09:38:25.172+0000] {logging_mixin.py:190} INFO - [2025-04-06T09:38:25.171+0000] {override.py:1930} INFO - Created Permission View: can create on DAG Run:read_dataset_event_from_classic
[2025-04-06T09:38:25.250+0000] {logging_mixin.py:190} INFO - [2025-04-06T09:38:25.248+0000] {override.py:1930} INFO - Created Permission View: menu access on DAG Run:read_dataset_event_from_classic
[2025-04-06T09:38:25.310+0000] {logging_mixin.py:190} INFO - [2025-04-06T09:38:25.310+0000] {override.py:1930} INFO - Created Permission View: can delete on DAG Run:read_dataset_event_from_classic
[2025-04-06T09:38:25.372+0000] {logging_mixin.py:190} INFO - [2025-04-06T09:38:25.371+0000] {override.py:1930} INFO - Created Permission View: can read on DAG Run:read_dataset_event_from_classic
[2025-04-06T09:38:25.373+0000] {logging_mixin.py:190} INFO - [2025-04-06T09:38:25.373+0000] {dag.py:3239} INFO - Sync 2 DAGs
[2025-04-06T09:38:25.407+0000] {logging_mixin.py:190} INFO - [2025-04-06T09:38:25.406+0000] {dag.py:3262} INFO - Creating ORM DAG for read_dataset_event_from_classic
[2025-04-06T09:38:25.409+0000] {logging_mixin.py:190} INFO - [2025-04-06T09:38:25.408+0000] {dag.py:3262} INFO - Creating ORM DAG for read_dataset_event
[2025-04-06T09:38:25.427+0000] {logging_mixin.py:190} INFO - [2025-04-06T09:38:25.426+0000] {dag.py:4180} INFO - Setting next_dagrun for read_dataset_event to 2025-04-05 00:00:00+00:00, run_after=2025-04-06 00:00:00+00:00
[2025-04-06T09:38:25.429+0000] {logging_mixin.py:190} INFO - [2025-04-06T09:38:25.429+0000] {dag.py:4180} INFO - Setting next_dagrun for read_dataset_event_from_classic to 2025-04-05 00:00:00+00:00, run_after=2025-04-06 00:00:00+00:00
[2025-04-06T09:38:25.521+0000] {processor.py:208} INFO - Processing /home/user/airflow_env/lib/python3.12/site-packages/airflow/example_dags/example_inlet_event_extra.py took 1.822 seconds
