[2025-04-06T06:37:35.065+0000] {processor.py:186} INFO - Started process (PID=918) to work on /home/user/airflow_env/lib/python3.12/site-packages/airflow/example_dags/example_branch_python_dop_operator_3.py
[2025-04-06T06:37:35.067+0000] {processor.py:914} INFO - Processing file /home/user/airflow_env/lib/python3.12/site-packages/airflow/example_dags/example_branch_python_dop_operator_3.py for tasks to queue
[2025-04-06T06:37:35.070+0000] {logging_mixin.py:190} INFO - [2025-04-06T06:37:35.069+0000] {dagbag.py:588} INFO - Filling up the DagBag from /home/user/airflow_env/lib/python3.12/site-packages/airflow/example_dags/example_branch_python_dop_operator_3.py
[2025-04-06T06:37:35.087+0000] {processor.py:925} INFO - DAG(s) 'example_branch_dop_operator_v3' retrieved from /home/user/airflow_env/lib/python3.12/site-packages/airflow/example_dags/example_branch_python_dop_operator_3.py
[2025-04-06T06:37:35.385+0000] {logging_mixin.py:190} INFO - [2025-04-06T06:37:35.384+0000] {override.py:1930} INFO - Created Permission View: can read on DAG:example_branch_dop_operator_v3
[2025-04-06T06:37:35.466+0000] {logging_mixin.py:190} INFO - [2025-04-06T06:37:35.465+0000] {override.py:1930} INFO - Created Permission View: can delete on DAG:example_branch_dop_operator_v3
[2025-04-06T06:37:35.551+0000] {logging_mixin.py:190} INFO - [2025-04-06T06:37:35.550+0000] {override.py:1930} INFO - Created Permission View: can edit on DAG:example_branch_dop_operator_v3
[2025-04-06T06:37:35.723+0000] {logging_mixin.py:190} INFO - [2025-04-06T06:37:35.722+0000] {override.py:1930} INFO - Created Permission View: can read on DAG Run:example_branch_dop_operator_v3
[2025-04-06T06:37:35.841+0000] {logging_mixin.py:190} INFO - [2025-04-06T06:37:35.839+0000] {override.py:1930} INFO - Created Permission View: can create on DAG Run:example_branch_dop_operator_v3
[2025-04-06T06:37:35.948+0000] {logging_mixin.py:190} INFO - [2025-04-06T06:37:35.947+0000] {override.py:1930} INFO - Created Permission View: can delete on DAG Run:example_branch_dop_operator_v3
[2025-04-06T06:37:36.041+0000] {logging_mixin.py:190} INFO - [2025-04-06T06:37:36.040+0000] {override.py:1930} INFO - Created Permission View: menu access on DAG Run:example_branch_dop_operator_v3
[2025-04-06T06:37:36.043+0000] {logging_mixin.py:190} INFO - [2025-04-06T06:37:36.042+0000] {dag.py:3239} INFO - Sync 1 DAGs
[2025-04-06T06:37:36.112+0000] {logging_mixin.py:190} INFO - [2025-04-06T06:37:36.111+0000] {dag.py:3262} INFO - Creating ORM DAG for example_branch_dop_operator_v3
[2025-04-06T06:37:36.150+0000] {logging_mixin.py:190} INFO - [2025-04-06T06:37:36.150+0000] {dag.py:4180} INFO - Setting next_dagrun for example_branch_dop_operator_v3 to 2025-04-06 06:36:00+00:00, run_after=2025-04-06 06:37:00+00:00
[2025-04-06T06:37:36.331+0000] {processor.py:208} INFO - Processing /home/user/airflow_env/lib/python3.12/site-packages/airflow/example_dags/example_branch_python_dop_operator_3.py took 1.272 seconds
[2025-04-06T06:39:55.040+0000] {processor.py:186} INFO - Started process (PID=1046) to work on /home/user/airflow_env/lib/python3.12/site-packages/airflow/example_dags/example_branch_python_dop_operator_3.py
[2025-04-06T06:39:55.042+0000] {processor.py:914} INFO - Processing file /home/user/airflow_env/lib/python3.12/site-packages/airflow/example_dags/example_branch_python_dop_operator_3.py for tasks to queue
[2025-04-06T06:39:55.045+0000] {logging_mixin.py:190} INFO - [2025-04-06T06:39:55.045+0000] {dagbag.py:588} INFO - Filling up the DagBag from /home/user/airflow_env/lib/python3.12/site-packages/airflow/example_dags/example_branch_python_dop_operator_3.py
[2025-04-06T06:39:55.065+0000] {processor.py:925} INFO - DAG(s) 'example_branch_dop_operator_v3' retrieved from /home/user/airflow_env/lib/python3.12/site-packages/airflow/example_dags/example_branch_python_dop_operator_3.py
[2025-04-06T06:39:55.107+0000] {logging_mixin.py:190} INFO - [2025-04-06T06:39:55.107+0000] {dag.py:3239} INFO - Sync 1 DAGs
[2025-04-06T06:39:55.152+0000] {logging_mixin.py:190} INFO - [2025-04-06T06:39:55.152+0000] {dag.py:4180} INFO - Setting next_dagrun for example_branch_dop_operator_v3 to 2025-04-06 06:38:00+00:00, run_after=2025-04-06 06:39:00+00:00
[2025-04-06T06:39:55.266+0000] {processor.py:208} INFO - Processing /home/user/airflow_env/lib/python3.12/site-packages/airflow/example_dags/example_branch_python_dop_operator_3.py took 0.234 seconds
