[2025-04-06T06:37:44.542+0000] {processor.py:186} INFO - Started process (PID=921) to work on /home/user/airflow_env/lib/python3.12/site-packages/airflow/example_dags/example_setup_teardown_taskflow.py
[2025-04-06T06:37:44.544+0000] {processor.py:914} INFO - Processing file /home/user/airflow_env/lib/python3.12/site-packages/airflow/example_dags/example_setup_teardown_taskflow.py for tasks to queue
[2025-04-06T06:37:44.547+0000] {logging_mixin.py:190} INFO - [2025-04-06T06:37:44.547+0000] {dagbag.py:588} INFO - Filling up the DagBag from /home/user/airflow_env/lib/python3.12/site-packages/airflow/example_dags/example_setup_teardown_taskflow.py
[2025-04-06T06:37:44.563+0000] {processor.py:925} INFO - DAG(s) 'example_setup_teardown_taskflow' retrieved from /home/user/airflow_env/lib/python3.12/site-packages/airflow/example_dags/example_setup_teardown_taskflow.py
[2025-04-06T06:37:44.796+0000] {logging_mixin.py:190} INFO - [2025-04-06T06:37:44.795+0000] {override.py:1930} INFO - Created Permission View: can read on DAG:example_setup_teardown_taskflow
[2025-04-06T06:37:44.864+0000] {logging_mixin.py:190} INFO - [2025-04-06T06:37:44.863+0000] {override.py:1930} INFO - Created Permission View: can delete on DAG:example_setup_teardown_taskflow
[2025-04-06T06:37:44.921+0000] {logging_mixin.py:190} INFO - [2025-04-06T06:37:44.921+0000] {override.py:1930} INFO - Created Permission View: can edit on DAG:example_setup_teardown_taskflow
[2025-04-06T06:37:45.010+0000] {logging_mixin.py:190} INFO - [2025-04-06T06:37:45.009+0000] {override.py:1930} INFO - Created Permission View: can read on DAG Run:example_setup_teardown_taskflow
[2025-04-06T06:37:45.080+0000] {logging_mixin.py:190} INFO - [2025-04-06T06:37:45.079+0000] {override.py:1930} INFO - Created Permission View: can create on DAG Run:example_setup_teardown_taskflow
[2025-04-06T06:37:45.163+0000] {logging_mixin.py:190} INFO - [2025-04-06T06:37:45.162+0000] {override.py:1930} INFO - Created Permission View: can delete on DAG Run:example_setup_teardown_taskflow
[2025-04-06T06:37:45.226+0000] {logging_mixin.py:190} INFO - [2025-04-06T06:37:45.225+0000] {override.py:1930} INFO - Created Permission View: menu access on DAG Run:example_setup_teardown_taskflow
[2025-04-06T06:37:45.227+0000] {logging_mixin.py:190} INFO - [2025-04-06T06:37:45.227+0000] {dag.py:3239} INFO - Sync 1 DAGs
[2025-04-06T06:37:45.255+0000] {logging_mixin.py:190} INFO - [2025-04-06T06:37:45.255+0000] {dag.py:3262} INFO - Creating ORM DAG for example_setup_teardown_taskflow
[2025-04-06T06:37:45.256+0000] {logging_mixin.py:190} INFO - [2025-04-06T06:37:45.256+0000] {dag.py:4180} INFO - Setting next_dagrun for example_setup_teardown_taskflow to None, run_after=None
[2025-04-06T06:37:45.394+0000] {processor.py:208} INFO - Processing /home/user/airflow_env/lib/python3.12/site-packages/airflow/example_dags/example_setup_teardown_taskflow.py took 0.857 seconds
[2025-04-06T06:39:59.325+0000] {processor.py:186} INFO - Started process (PID=1052) to work on /home/user/airflow_env/lib/python3.12/site-packages/airflow/example_dags/example_setup_teardown_taskflow.py
[2025-04-06T06:39:59.328+0000] {processor.py:914} INFO - Processing file /home/user/airflow_env/lib/python3.12/site-packages/airflow/example_dags/example_setup_teardown_taskflow.py for tasks to queue
[2025-04-06T06:39:59.336+0000] {logging_mixin.py:190} INFO - [2025-04-06T06:39:59.336+0000] {dagbag.py:588} INFO - Filling up the DagBag from /home/user/airflow_env/lib/python3.12/site-packages/airflow/example_dags/example_setup_teardown_taskflow.py
[2025-04-06T06:39:59.359+0000] {processor.py:925} INFO - DAG(s) 'example_setup_teardown_taskflow' retrieved from /home/user/airflow_env/lib/python3.12/site-packages/airflow/example_dags/example_setup_teardown_taskflow.py
[2025-04-06T06:39:59.421+0000] {logging_mixin.py:190} INFO - [2025-04-06T06:39:59.420+0000] {dag.py:3239} INFO - Sync 1 DAGs
[2025-04-06T06:39:59.481+0000] {logging_mixin.py:190} INFO - [2025-04-06T06:39:59.481+0000] {dag.py:4180} INFO - Setting next_dagrun for example_setup_teardown_taskflow to None, run_after=None
[2025-04-06T06:39:59.720+0000] {processor.py:208} INFO - Processing /home/user/airflow_env/lib/python3.12/site-packages/airflow/example_dags/example_setup_teardown_taskflow.py took 0.411 seconds
