[2025-04-06T06:37:05.114+0000] {processor.py:186} INFO - Started process (PID=906) to work on /home/user/airflow_env/lib/python3.12/site-packages/airflow/example_dags/example_bash_operator.py
[2025-04-06T06:37:05.116+0000] {processor.py:914} INFO - Processing file /home/user/airflow_env/lib/python3.12/site-packages/airflow/example_dags/example_bash_operator.py for tasks to queue
[2025-04-06T06:37:05.119+0000] {logging_mixin.py:190} INFO - [2025-04-06T06:37:05.118+0000] {dagbag.py:588} INFO - Filling up the DagBag from /home/user/airflow_env/lib/python3.12/site-packages/airflow/example_dags/example_bash_operator.py
[2025-04-06T06:37:05.136+0000] {processor.py:925} INFO - DAG(s) 'example_bash_operator' retrieved from /home/user/airflow_env/lib/python3.12/site-packages/airflow/example_dags/example_bash_operator.py
[2025-04-06T06:37:05.397+0000] {logging_mixin.py:190} INFO - [2025-04-06T06:37:05.396+0000] {override.py:1930} INFO - Created Permission View: can read on DAG:example_bash_operator
[2025-04-06T06:37:05.510+0000] {logging_mixin.py:190} INFO - [2025-04-06T06:37:05.509+0000] {override.py:1930} INFO - Created Permission View: can delete on DAG:example_bash_operator
[2025-04-06T06:37:05.606+0000] {logging_mixin.py:190} INFO - [2025-04-06T06:37:05.605+0000] {override.py:1930} INFO - Created Permission View: can edit on DAG:example_bash_operator
[2025-04-06T06:37:05.753+0000] {logging_mixin.py:190} INFO - [2025-04-06T06:37:05.752+0000] {override.py:1930} INFO - Created Permission View: can read on DAG Run:example_bash_operator
[2025-04-06T06:37:05.840+0000] {logging_mixin.py:190} INFO - [2025-04-06T06:37:05.838+0000] {override.py:1930} INFO - Created Permission View: can create on DAG Run:example_bash_operator
[2025-04-06T06:37:05.934+0000] {logging_mixin.py:190} INFO - [2025-04-06T06:37:05.932+0000] {override.py:1930} INFO - Created Permission View: can delete on DAG Run:example_bash_operator
[2025-04-06T06:37:06.038+0000] {logging_mixin.py:190} INFO - [2025-04-06T06:37:06.037+0000] {override.py:1930} INFO - Created Permission View: menu access on DAG Run:example_bash_operator
[2025-04-06T06:37:06.040+0000] {logging_mixin.py:190} INFO - [2025-04-06T06:37:06.039+0000] {dag.py:3239} INFO - Sync 1 DAGs
[2025-04-06T06:37:06.095+0000] {logging_mixin.py:190} INFO - [2025-04-06T06:37:06.094+0000] {dag.py:3262} INFO - Creating ORM DAG for example_bash_operator
[2025-04-06T06:37:06.138+0000] {logging_mixin.py:190} INFO - [2025-04-06T06:37:06.137+0000] {dag.py:4180} INFO - Setting next_dagrun for example_bash_operator to 2025-04-05 00:00:00+00:00, run_after=2025-04-06 00:00:00+00:00
[2025-04-06T06:37:06.307+0000] {processor.py:208} INFO - Processing /home/user/airflow_env/lib/python3.12/site-packages/airflow/example_dags/example_bash_operator.py took 1.198 seconds
[2025-04-06T06:38:57.758+0000] {processor.py:186} INFO - Started process (PID=981) to work on /home/user/airflow_env/lib/python3.12/site-packages/airflow/example_dags/example_bash_operator.py
[2025-04-06T06:38:57.761+0000] {processor.py:914} INFO - Processing file /home/user/airflow_env/lib/python3.12/site-packages/airflow/example_dags/example_bash_operator.py for tasks to queue
[2025-04-06T06:38:57.765+0000] {logging_mixin.py:190} INFO - [2025-04-06T06:38:57.765+0000] {dagbag.py:588} INFO - Filling up the DagBag from /home/user/airflow_env/lib/python3.12/site-packages/airflow/example_dags/example_bash_operator.py
[2025-04-06T06:38:57.790+0000] {processor.py:925} INFO - DAG(s) 'example_bash_operator' retrieved from /home/user/airflow_env/lib/python3.12/site-packages/airflow/example_dags/example_bash_operator.py
[2025-04-06T06:38:57.843+0000] {logging_mixin.py:190} INFO - [2025-04-06T06:38:57.843+0000] {dag.py:3239} INFO - Sync 1 DAGs
[2025-04-06T06:38:57.911+0000] {logging_mixin.py:190} INFO - [2025-04-06T06:38:57.911+0000] {dag.py:4180} INFO - Setting next_dagrun for example_bash_operator to 2025-04-05 00:00:00+00:00, run_after=2025-04-06 00:00:00+00:00
[2025-04-06T06:38:58.101+0000] {processor.py:208} INFO - Processing /home/user/airflow_env/lib/python3.12/site-packages/airflow/example_dags/example_bash_operator.py took 0.351 seconds
