[2025-04-06T06:36:53.094+0000] {processor.py:186} INFO - Started process (PID=900) to work on /home/user/airflow_env/lib/python3.12/site-packages/airflow/example_dags/example_params_ui_tutorial.py
[2025-04-06T06:36:53.096+0000] {processor.py:914} INFO - Processing file /home/user/airflow_env/lib/python3.12/site-packages/airflow/example_dags/example_params_ui_tutorial.py for tasks to queue
[2025-04-06T06:36:53.100+0000] {logging_mixin.py:190} INFO - [2025-04-06T06:36:53.099+0000] {dagbag.py:588} INFO - Filling up the DagBag from /home/user/airflow_env/lib/python3.12/site-packages/airflow/example_dags/example_params_ui_tutorial.py
[2025-04-06T06:36:53.115+0000] {processor.py:925} INFO - DAG(s) 'example_params_ui_tutorial' retrieved from /home/user/airflow_env/lib/python3.12/site-packages/airflow/example_dags/example_params_ui_tutorial.py
[2025-04-06T06:36:53.364+0000] {logging_mixin.py:190} INFO - [2025-04-06T06:36:53.363+0000] {override.py:1930} INFO - Created Permission View: can read on DAG:example_params_ui_tutorial
[2025-04-06T06:36:53.445+0000] {logging_mixin.py:190} INFO - [2025-04-06T06:36:53.444+0000] {override.py:1930} INFO - Created Permission View: can delete on DAG:example_params_ui_tutorial
[2025-04-06T06:36:53.513+0000] {logging_mixin.py:190} INFO - [2025-04-06T06:36:53.512+0000] {override.py:1930} INFO - Created Permission View: can edit on DAG:example_params_ui_tutorial
[2025-04-06T06:36:53.652+0000] {logging_mixin.py:190} INFO - [2025-04-06T06:36:53.651+0000] {override.py:1930} INFO - Created Permission View: can read on DAG Run:example_params_ui_tutorial
[2025-04-06T06:36:53.750+0000] {logging_mixin.py:190} INFO - [2025-04-06T06:36:53.749+0000] {override.py:1930} INFO - Created Permission View: can create on DAG Run:example_params_ui_tutorial
[2025-04-06T06:36:53.848+0000] {logging_mixin.py:190} INFO - [2025-04-06T06:36:53.847+0000] {override.py:1930} INFO - Created Permission View: can delete on DAG Run:example_params_ui_tutorial
[2025-04-06T06:36:53.946+0000] {logging_mixin.py:190} INFO - [2025-04-06T06:36:53.945+0000] {override.py:1930} INFO - Created Permission View: menu access on DAG Run:example_params_ui_tutorial
[2025-04-06T06:36:53.948+0000] {logging_mixin.py:190} INFO - [2025-04-06T06:36:53.947+0000] {dag.py:3239} INFO - Sync 1 DAGs
[2025-04-06T06:36:54.003+0000] {logging_mixin.py:190} INFO - [2025-04-06T06:36:54.002+0000] {dag.py:3262} INFO - Creating ORM DAG for example_params_ui_tutorial
[2025-04-06T06:36:54.005+0000] {logging_mixin.py:190} INFO - [2025-04-06T06:36:54.004+0000] {dag.py:4180} INFO - Setting next_dagrun for example_params_ui_tutorial to None, run_after=None
[2025-04-06T06:36:54.178+0000] {processor.py:208} INFO - Processing /home/user/airflow_env/lib/python3.12/site-packages/airflow/example_dags/example_params_ui_tutorial.py took 1.093 seconds
[2025-04-06T06:38:49.806+0000] {processor.py:186} INFO - Started process (PID=965) to work on /home/user/airflow_env/lib/python3.12/site-packages/airflow/example_dags/example_params_ui_tutorial.py
[2025-04-06T06:38:49.809+0000] {processor.py:914} INFO - Processing file /home/user/airflow_env/lib/python3.12/site-packages/airflow/example_dags/example_params_ui_tutorial.py for tasks to queue
[2025-04-06T06:38:49.811+0000] {logging_mixin.py:190} INFO - [2025-04-06T06:38:49.811+0000] {dagbag.py:588} INFO - Filling up the DagBag from /home/user/airflow_env/lib/python3.12/site-packages/airflow/example_dags/example_params_ui_tutorial.py
[2025-04-06T06:38:49.821+0000] {processor.py:925} INFO - DAG(s) 'example_params_ui_tutorial' retrieved from /home/user/airflow_env/lib/python3.12/site-packages/airflow/example_dags/example_params_ui_tutorial.py
[2025-04-06T06:38:49.892+0000] {logging_mixin.py:190} INFO - [2025-04-06T06:38:49.891+0000] {dag.py:3239} INFO - Sync 1 DAGs
[2025-04-06T06:38:49.914+0000] {logging_mixin.py:190} INFO - [2025-04-06T06:38:49.914+0000] {dag.py:4180} INFO - Setting next_dagrun for example_params_ui_tutorial to None, run_after=None
[2025-04-06T06:38:50.022+0000] {processor.py:208} INFO - Processing /home/user/airflow_env/lib/python3.12/site-packages/airflow/example_dags/example_params_ui_tutorial.py took 0.223 seconds
