[2025-04-06T06:35:32.944+0000] {processor.py:186} INFO - Started process (PID=843) to work on /home/user/airflow_env/lib/python3.12/site-packages/airflow/example_dags/example_xcomargs.py
[2025-04-06T06:35:32.946+0000] {processor.py:914} INFO - Processing file /home/user/airflow_env/lib/python3.12/site-packages/airflow/example_dags/example_xcomargs.py for tasks to queue
[2025-04-06T06:35:32.951+0000] {logging_mixin.py:190} INFO - [2025-04-06T06:35:32.950+0000] {dagbag.py:588} INFO - Filling up the DagBag from /home/user/airflow_env/lib/python3.12/site-packages/airflow/example_dags/example_xcomargs.py
[2025-04-06T06:35:32.969+0000] {processor.py:925} INFO - DAG(s) 'example_xcom_args_with_operators', 'example_xcom_args' retrieved from /home/user/airflow_env/lib/python3.12/site-packages/airflow/example_dags/example_xcomargs.py
[2025-04-06T06:35:33.232+0000] {logging_mixin.py:190} INFO - [2025-04-06T06:35:33.231+0000] {override.py:1930} INFO - Created Permission View: can read on DAG:example_xcom_args_with_operators
[2025-04-06T06:35:33.299+0000] {logging_mixin.py:190} INFO - [2025-04-06T06:35:33.298+0000] {override.py:1930} INFO - Created Permission View: can delete on DAG:example_xcom_args_with_operators
[2025-04-06T06:35:33.442+0000] {logging_mixin.py:190} INFO - [2025-04-06T06:35:33.442+0000] {override.py:1930} INFO - Created Permission View: can edit on DAG:example_xcom_args_with_operators
[2025-04-06T06:35:33.589+0000] {logging_mixin.py:190} INFO - [2025-04-06T06:35:33.588+0000] {override.py:1930} INFO - Created Permission View: can read on DAG Run:example_xcom_args_with_operators
[2025-04-06T06:35:33.682+0000] {logging_mixin.py:190} INFO - [2025-04-06T06:35:33.681+0000] {override.py:1930} INFO - Created Permission View: can create on DAG Run:example_xcom_args_with_operators
[2025-04-06T06:35:33.787+0000] {logging_mixin.py:190} INFO - [2025-04-06T06:35:33.786+0000] {override.py:1930} INFO - Created Permission View: can delete on DAG Run:example_xcom_args_with_operators
[2025-04-06T06:35:33.883+0000] {logging_mixin.py:190} INFO - [2025-04-06T06:35:33.882+0000] {override.py:1930} INFO - Created Permission View: menu access on DAG Run:example_xcom_args_with_operators
[2025-04-06T06:35:34.095+0000] {logging_mixin.py:190} INFO - [2025-04-06T06:35:34.094+0000] {override.py:1930} INFO - Created Permission View: can read on DAG:example_xcom_args
[2025-04-06T06:35:34.187+0000] {logging_mixin.py:190} INFO - [2025-04-06T06:35:34.187+0000] {override.py:1930} INFO - Created Permission View: can delete on DAG:example_xcom_args
[2025-04-06T06:35:34.282+0000] {logging_mixin.py:190} INFO - [2025-04-06T06:35:34.281+0000] {override.py:1930} INFO - Created Permission View: can edit on DAG:example_xcom_args
[2025-04-06T06:35:34.458+0000] {logging_mixin.py:190} INFO - [2025-04-06T06:35:34.457+0000] {override.py:1930} INFO - Created Permission View: can read on DAG Run:example_xcom_args
[2025-04-06T06:35:34.562+0000] {logging_mixin.py:190} INFO - [2025-04-06T06:35:34.561+0000] {override.py:1930} INFO - Created Permission View: can create on DAG Run:example_xcom_args
[2025-04-06T06:35:34.655+0000] {logging_mixin.py:190} INFO - [2025-04-06T06:35:34.654+0000] {override.py:1930} INFO - Created Permission View: can delete on DAG Run:example_xcom_args
[2025-04-06T06:35:34.751+0000] {logging_mixin.py:190} INFO - [2025-04-06T06:35:34.750+0000] {override.py:1930} INFO - Created Permission View: menu access on DAG Run:example_xcom_args
[2025-04-06T06:35:34.752+0000] {logging_mixin.py:190} INFO - [2025-04-06T06:35:34.751+0000] {dag.py:3239} INFO - Sync 2 DAGs
[2025-04-06T06:35:34.805+0000] {logging_mixin.py:190} INFO - [2025-04-06T06:35:34.805+0000] {dag.py:3262} INFO - Creating ORM DAG for example_xcom_args_with_operators
[2025-04-06T06:35:34.807+0000] {logging_mixin.py:190} INFO - [2025-04-06T06:35:34.807+0000] {dag.py:3262} INFO - Creating ORM DAG for example_xcom_args
[2025-04-06T06:35:34.809+0000] {logging_mixin.py:190} INFO - [2025-04-06T06:35:34.809+0000] {dag.py:4180} INFO - Setting next_dagrun for example_xcom_args to None, run_after=None
[2025-04-06T06:35:34.811+0000] {logging_mixin.py:190} INFO - [2025-04-06T06:35:34.810+0000] {dag.py:4180} INFO - Setting next_dagrun for example_xcom_args_with_operators to None, run_after=None
[2025-04-06T06:35:35.045+0000] {processor.py:208} INFO - Processing /home/user/airflow_env/lib/python3.12/site-packages/airflow/example_dags/example_xcomargs.py took 2.112 seconds
[2025-04-06T06:38:05.208+0000] {processor.py:186} INFO - Started process (PID=930) to work on /home/user/airflow_env/lib/python3.12/site-packages/airflow/example_dags/example_xcomargs.py
[2025-04-06T06:38:05.211+0000] {processor.py:914} INFO - Processing file /home/user/airflow_env/lib/python3.12/site-packages/airflow/example_dags/example_xcomargs.py for tasks to queue
[2025-04-06T06:38:05.216+0000] {logging_mixin.py:190} INFO - [2025-04-06T06:38:05.216+0000] {dagbag.py:588} INFO - Filling up the DagBag from /home/user/airflow_env/lib/python3.12/site-packages/airflow/example_dags/example_xcomargs.py
[2025-04-06T06:38:05.241+0000] {processor.py:925} INFO - DAG(s) 'example_xcom_args_with_operators', 'example_xcom_args' retrieved from /home/user/airflow_env/lib/python3.12/site-packages/airflow/example_dags/example_xcomargs.py
[2025-04-06T06:38:05.325+0000] {logging_mixin.py:190} INFO - [2025-04-06T06:38:05.324+0000] {dag.py:3239} INFO - Sync 2 DAGs
[2025-04-06T06:38:05.365+0000] {logging_mixin.py:190} INFO - [2025-04-06T06:38:05.365+0000] {dag.py:4180} INFO - Setting next_dagrun for example_xcom_args to None, run_after=None
[2025-04-06T06:38:05.379+0000] {logging_mixin.py:190} INFO - [2025-04-06T06:38:05.379+0000] {dag.py:4180} INFO - Setting next_dagrun for example_xcom_args_with_operators to None, run_after=None
[2025-04-06T06:38:05.529+0000] {processor.py:208} INFO - Processing /home/user/airflow_env/lib/python3.12/site-packages/airflow/example_dags/example_xcomargs.py took 0.332 seconds
[2025-04-06T06:39:17.172+0000] {processor.py:186} INFO - Started process (PID=1012) to work on /home/user/airflow_env/lib/python3.12/site-packages/airflow/example_dags/example_xcomargs.py
[2025-04-06T06:39:17.175+0000] {processor.py:914} INFO - Processing file /home/user/airflow_env/lib/python3.12/site-packages/airflow/example_dags/example_xcomargs.py for tasks to queue
[2025-04-06T06:39:17.181+0000] {logging_mixin.py:190} INFO - [2025-04-06T06:39:17.180+0000] {dagbag.py:588} INFO - Filling up the DagBag from /home/user/airflow_env/lib/python3.12/site-packages/airflow/example_dags/example_xcomargs.py
[2025-04-06T06:39:17.213+0000] {processor.py:925} INFO - DAG(s) 'example_xcom_args', 'example_xcom_args_with_operators' retrieved from /home/user/airflow_env/lib/python3.12/site-packages/airflow/example_dags/example_xcomargs.py
[2025-04-06T06:39:17.345+0000] {logging_mixin.py:190} INFO - [2025-04-06T06:39:17.344+0000] {dag.py:3239} INFO - Sync 2 DAGs
[2025-04-06T06:39:17.396+0000] {logging_mixin.py:190} INFO - [2025-04-06T06:39:17.396+0000] {dag.py:4180} INFO - Setting next_dagrun for example_xcom_args to None, run_after=None
[2025-04-06T06:39:17.410+0000] {logging_mixin.py:190} INFO - [2025-04-06T06:39:17.409+0000] {dag.py:4180} INFO - Setting next_dagrun for example_xcom_args_with_operators to None, run_after=None
[2025-04-06T06:39:17.617+0000] {processor.py:208} INFO - Processing /home/user/airflow_env/lib/python3.12/site-packages/airflow/example_dags/example_xcomargs.py took 0.456 seconds
[2025-04-06T06:40:13.026+0000] {processor.py:186} INFO - Started process (PID=1065) to work on /home/user/airflow_env/lib/python3.12/site-packages/airflow/example_dags/example_xcomargs.py
[2025-04-06T06:40:13.028+0000] {processor.py:914} INFO - Processing file /home/user/airflow_env/lib/python3.12/site-packages/airflow/example_dags/example_xcomargs.py for tasks to queue
[2025-04-06T06:40:13.035+0000] {logging_mixin.py:190} INFO - [2025-04-06T06:40:13.034+0000] {dagbag.py:588} INFO - Filling up the DagBag from /home/user/airflow_env/lib/python3.12/site-packages/airflow/example_dags/example_xcomargs.py
[2025-04-06T06:40:13.057+0000] {processor.py:925} INFO - DAG(s) 'example_xcom_args', 'example_xcom_args_with_operators' retrieved from /home/user/airflow_env/lib/python3.12/site-packages/airflow/example_dags/example_xcomargs.py
[2025-04-06T06:40:13.131+0000] {logging_mixin.py:190} INFO - [2025-04-06T06:40:13.130+0000] {dag.py:3239} INFO - Sync 2 DAGs
[2025-04-06T06:40:13.172+0000] {logging_mixin.py:190} INFO - [2025-04-06T06:40:13.171+0000] {dag.py:4180} INFO - Setting next_dagrun for example_xcom_args to None, run_after=None
[2025-04-06T06:40:13.184+0000] {logging_mixin.py:190} INFO - [2025-04-06T06:40:13.184+0000] {dag.py:4180} INFO - Setting next_dagrun for example_xcom_args_with_operators to None, run_after=None
[2025-04-06T06:40:13.337+0000] {processor.py:208} INFO - Processing /home/user/airflow_env/lib/python3.12/site-packages/airflow/example_dags/example_xcomargs.py took 0.324 seconds
[2025-04-06T09:37:38.690+0000] {processor.py:186} INFO - Started process (PID=10093) to work on /home/user/airflow_env/lib/python3.12/site-packages/airflow/example_dags/example_xcomargs.py
[2025-04-06T09:37:38.692+0000] {processor.py:914} INFO - Processing file /home/user/airflow_env/lib/python3.12/site-packages/airflow/example_dags/example_xcomargs.py for tasks to queue
[2025-04-06T09:37:38.695+0000] {logging_mixin.py:190} INFO - [2025-04-06T09:37:38.694+0000] {dagbag.py:588} INFO - Filling up the DagBag from /home/user/airflow_env/lib/python3.12/site-packages/airflow/example_dags/example_xcomargs.py
[2025-04-06T09:37:38.707+0000] {processor.py:925} INFO - DAG(s) 'example_xcom_args', 'example_xcom_args_with_operators' retrieved from /home/user/airflow_env/lib/python3.12/site-packages/airflow/example_dags/example_xcomargs.py
[2025-04-06T09:37:38.968+0000] {logging_mixin.py:190} INFO - [2025-04-06T09:37:38.967+0000] {override.py:1930} INFO - Created Permission View: can delete on DAG:example_xcom_args
[2025-04-06T09:37:39.049+0000] {logging_mixin.py:190} INFO - [2025-04-06T09:37:39.048+0000] {override.py:1930} INFO - Created Permission View: can edit on DAG:example_xcom_args
[2025-04-06T09:37:39.149+0000] {logging_mixin.py:190} INFO - [2025-04-06T09:37:39.148+0000] {override.py:1930} INFO - Created Permission View: can read on DAG:example_xcom_args
[2025-04-06T09:37:39.359+0000] {logging_mixin.py:190} INFO - [2025-04-06T09:37:39.359+0000] {override.py:1930} INFO - Created Permission View: can create on DAG Run:example_xcom_args
[2025-04-06T09:37:39.449+0000] {logging_mixin.py:190} INFO - [2025-04-06T09:37:39.448+0000] {override.py:1930} INFO - Created Permission View: menu access on DAG Run:example_xcom_args
[2025-04-06T09:37:39.546+0000] {logging_mixin.py:190} INFO - [2025-04-06T09:37:39.545+0000] {override.py:1930} INFO - Created Permission View: can delete on DAG Run:example_xcom_args
[2025-04-06T09:37:39.677+0000] {logging_mixin.py:190} INFO - [2025-04-06T09:37:39.675+0000] {override.py:1930} INFO - Created Permission View: can read on DAG Run:example_xcom_args
[2025-04-06T09:37:40.001+0000] {logging_mixin.py:190} INFO - [2025-04-06T09:37:40.000+0000] {override.py:1930} INFO - Created Permission View: can delete on DAG:example_xcom_args_with_operators
[2025-04-06T09:37:40.090+0000] {logging_mixin.py:190} INFO - [2025-04-06T09:37:40.089+0000] {override.py:1930} INFO - Created Permission View: can edit on DAG:example_xcom_args_with_operators
[2025-04-06T09:37:40.197+0000] {logging_mixin.py:190} INFO - [2025-04-06T09:37:40.196+0000] {override.py:1930} INFO - Created Permission View: can read on DAG:example_xcom_args_with_operators
[2025-04-06T09:37:40.400+0000] {logging_mixin.py:190} INFO - [2025-04-06T09:37:40.399+0000] {override.py:1930} INFO - Created Permission View: can create on DAG Run:example_xcom_args_with_operators
[2025-04-06T09:37:40.528+0000] {logging_mixin.py:190} INFO - [2025-04-06T09:37:40.527+0000] {override.py:1930} INFO - Created Permission View: menu access on DAG Run:example_xcom_args_with_operators
[2025-04-06T09:37:40.676+0000] {logging_mixin.py:190} INFO - [2025-04-06T09:37:40.675+0000] {override.py:1930} INFO - Created Permission View: can delete on DAG Run:example_xcom_args_with_operators
[2025-04-06T09:37:40.747+0000] {logging_mixin.py:190} INFO - [2025-04-06T09:37:40.747+0000] {override.py:1930} INFO - Created Permission View: can read on DAG Run:example_xcom_args_with_operators
[2025-04-06T09:37:40.748+0000] {logging_mixin.py:190} INFO - [2025-04-06T09:37:40.748+0000] {dag.py:3239} INFO - Sync 2 DAGs
[2025-04-06T09:37:40.786+0000] {logging_mixin.py:190} INFO - [2025-04-06T09:37:40.785+0000] {dag.py:3262} INFO - Creating ORM DAG for example_xcom_args
[2025-04-06T09:37:40.787+0000] {logging_mixin.py:190} INFO - [2025-04-06T09:37:40.786+0000] {dag.py:3262} INFO - Creating ORM DAG for example_xcom_args_with_operators
[2025-04-06T09:37:40.788+0000] {logging_mixin.py:190} INFO - [2025-04-06T09:37:40.788+0000] {dag.py:4180} INFO - Setting next_dagrun for example_xcom_args to None, run_after=None
[2025-04-06T09:37:40.789+0000] {logging_mixin.py:190} INFO - [2025-04-06T09:37:40.789+0000] {dag.py:4180} INFO - Setting next_dagrun for example_xcom_args_with_operators to None, run_after=None
[2025-04-06T09:37:40.965+0000] {processor.py:208} INFO - Processing /home/user/airflow_env/lib/python3.12/site-packages/airflow/example_dags/example_xcomargs.py took 2.282 seconds
