[2025-04-06T06:35:28.676+0000] {processor.py:186} INFO - Started process (PID=838) to work on /home/user/airflow_env/lib/python3.12/site-packages/airflow/example_dags/example_trigger_target_dag.py
[2025-04-06T06:35:28.678+0000] {processor.py:914} INFO - Processing file /home/user/airflow_env/lib/python3.12/site-packages/airflow/example_dags/example_trigger_target_dag.py for tasks to queue
[2025-04-06T06:35:28.681+0000] {logging_mixin.py:190} INFO - [2025-04-06T06:35:28.680+0000] {dagbag.py:588} INFO - Filling up the DagBag from /home/user/airflow_env/lib/python3.12/site-packages/airflow/example_dags/example_trigger_target_dag.py
[2025-04-06T06:35:28.694+0000] {processor.py:925} INFO - DAG(s) 'example_trigger_target_dag' retrieved from /home/user/airflow_env/lib/python3.12/site-packages/airflow/example_dags/example_trigger_target_dag.py
[2025-04-06T06:35:28.915+0000] {logging_mixin.py:190} INFO - [2025-04-06T06:35:28.913+0000] {override.py:1930} INFO - Created Permission View: can read on DAG:example_trigger_target_dag
[2025-04-06T06:35:28.971+0000] {logging_mixin.py:190} INFO - [2025-04-06T06:35:28.971+0000] {override.py:1930} INFO - Created Permission View: can delete on DAG:example_trigger_target_dag
[2025-04-06T06:35:29.016+0000] {logging_mixin.py:190} INFO - [2025-04-06T06:35:29.015+0000] {override.py:1930} INFO - Created Permission View: can edit on DAG:example_trigger_target_dag
[2025-04-06T06:35:29.121+0000] {logging_mixin.py:190} INFO - [2025-04-06T06:35:29.120+0000] {override.py:1930} INFO - Created Permission View: can read on DAG Run:example_trigger_target_dag
[2025-04-06T06:35:29.187+0000] {logging_mixin.py:190} INFO - [2025-04-06T06:35:29.186+0000] {override.py:1930} INFO - Created Permission View: can create on DAG Run:example_trigger_target_dag
[2025-04-06T06:35:29.253+0000] {logging_mixin.py:190} INFO - [2025-04-06T06:35:29.253+0000] {override.py:1930} INFO - Created Permission View: can delete on DAG Run:example_trigger_target_dag
[2025-04-06T06:35:29.331+0000] {logging_mixin.py:190} INFO - [2025-04-06T06:35:29.330+0000] {override.py:1930} INFO - Created Permission View: menu access on DAG Run:example_trigger_target_dag
[2025-04-06T06:35:29.333+0000] {logging_mixin.py:190} INFO - [2025-04-06T06:35:29.333+0000] {dag.py:3239} INFO - Sync 1 DAGs
[2025-04-06T06:35:29.389+0000] {logging_mixin.py:190} INFO - [2025-04-06T06:35:29.388+0000] {dag.py:3262} INFO - Creating ORM DAG for example_trigger_target_dag
[2025-04-06T06:35:29.391+0000] {logging_mixin.py:190} INFO - [2025-04-06T06:35:29.391+0000] {dag.py:4180} INFO - Setting next_dagrun for example_trigger_target_dag to None, run_after=None
[2025-04-06T06:35:29.542+0000] {processor.py:208} INFO - Processing /home/user/airflow_env/lib/python3.12/site-packages/airflow/example_dags/example_trigger_target_dag.py took 0.872 seconds
[2025-04-06T06:38:01.662+0000] {processor.py:186} INFO - Started process (PID=928) to work on /home/user/airflow_env/lib/python3.12/site-packages/airflow/example_dags/example_trigger_target_dag.py
[2025-04-06T06:38:01.664+0000] {processor.py:914} INFO - Processing file /home/user/airflow_env/lib/python3.12/site-packages/airflow/example_dags/example_trigger_target_dag.py for tasks to queue
[2025-04-06T06:38:01.668+0000] {logging_mixin.py:190} INFO - [2025-04-06T06:38:01.667+0000] {dagbag.py:588} INFO - Filling up the DagBag from /home/user/airflow_env/lib/python3.12/site-packages/airflow/example_dags/example_trigger_target_dag.py
[2025-04-06T06:38:01.681+0000] {processor.py:925} INFO - DAG(s) 'example_trigger_target_dag' retrieved from /home/user/airflow_env/lib/python3.12/site-packages/airflow/example_dags/example_trigger_target_dag.py
[2025-04-06T06:38:01.735+0000] {logging_mixin.py:190} INFO - [2025-04-06T06:38:01.734+0000] {dag.py:3239} INFO - Sync 1 DAGs
[2025-04-06T06:38:01.766+0000] {logging_mixin.py:190} INFO - [2025-04-06T06:38:01.766+0000] {dag.py:4180} INFO - Setting next_dagrun for example_trigger_target_dag to None, run_after=None
[2025-04-06T06:38:01.898+0000] {processor.py:208} INFO - Processing /home/user/airflow_env/lib/python3.12/site-packages/airflow/example_dags/example_trigger_target_dag.py took 0.244 seconds
[2025-04-06T06:39:14.307+0000] {processor.py:186} INFO - Started process (PID=1008) to work on /home/user/airflow_env/lib/python3.12/site-packages/airflow/example_dags/example_trigger_target_dag.py
[2025-04-06T06:39:14.309+0000] {processor.py:914} INFO - Processing file /home/user/airflow_env/lib/python3.12/site-packages/airflow/example_dags/example_trigger_target_dag.py for tasks to queue
[2025-04-06T06:39:14.313+0000] {logging_mixin.py:190} INFO - [2025-04-06T06:39:14.313+0000] {dagbag.py:588} INFO - Filling up the DagBag from /home/user/airflow_env/lib/python3.12/site-packages/airflow/example_dags/example_trigger_target_dag.py
[2025-04-06T06:39:14.330+0000] {processor.py:925} INFO - DAG(s) 'example_trigger_target_dag' retrieved from /home/user/airflow_env/lib/python3.12/site-packages/airflow/example_dags/example_trigger_target_dag.py
[2025-04-06T06:39:14.382+0000] {logging_mixin.py:190} INFO - [2025-04-06T06:39:14.382+0000] {dag.py:3239} INFO - Sync 1 DAGs
[2025-04-06T06:39:14.410+0000] {logging_mixin.py:190} INFO - [2025-04-06T06:39:14.410+0000] {dag.py:4180} INFO - Setting next_dagrun for example_trigger_target_dag to None, run_after=None
[2025-04-06T06:39:14.500+0000] {processor.py:208} INFO - Processing /home/user/airflow_env/lib/python3.12/site-packages/airflow/example_dags/example_trigger_target_dag.py took 0.203 seconds
[2025-04-06T06:40:10.202+0000] {processor.py:186} INFO - Started process (PID=1061) to work on /home/user/airflow_env/lib/python3.12/site-packages/airflow/example_dags/example_trigger_target_dag.py
[2025-04-06T06:40:10.204+0000] {processor.py:914} INFO - Processing file /home/user/airflow_env/lib/python3.12/site-packages/airflow/example_dags/example_trigger_target_dag.py for tasks to queue
[2025-04-06T06:40:10.208+0000] {logging_mixin.py:190} INFO - [2025-04-06T06:40:10.208+0000] {dagbag.py:588} INFO - Filling up the DagBag from /home/user/airflow_env/lib/python3.12/site-packages/airflow/example_dags/example_trigger_target_dag.py
[2025-04-06T06:40:10.225+0000] {processor.py:925} INFO - DAG(s) 'example_trigger_target_dag' retrieved from /home/user/airflow_env/lib/python3.12/site-packages/airflow/example_dags/example_trigger_target_dag.py
[2025-04-06T06:40:10.271+0000] {logging_mixin.py:190} INFO - [2025-04-06T06:40:10.271+0000] {dag.py:3239} INFO - Sync 1 DAGs
[2025-04-06T06:40:10.295+0000] {logging_mixin.py:190} INFO - [2025-04-06T06:40:10.295+0000] {dag.py:4180} INFO - Setting next_dagrun for example_trigger_target_dag to None, run_after=None
[2025-04-06T06:40:10.413+0000] {processor.py:208} INFO - Processing /home/user/airflow_env/lib/python3.12/site-packages/airflow/example_dags/example_trigger_target_dag.py took 0.221 seconds
[2025-04-06T09:37:33.723+0000] {processor.py:186} INFO - Started process (PID=10083) to work on /home/user/airflow_env/lib/python3.12/site-packages/airflow/example_dags/example_trigger_target_dag.py
[2025-04-06T09:37:33.725+0000] {processor.py:914} INFO - Processing file /home/user/airflow_env/lib/python3.12/site-packages/airflow/example_dags/example_trigger_target_dag.py for tasks to queue
[2025-04-06T09:37:33.728+0000] {logging_mixin.py:190} INFO - [2025-04-06T09:37:33.727+0000] {dagbag.py:588} INFO - Filling up the DagBag from /home/user/airflow_env/lib/python3.12/site-packages/airflow/example_dags/example_trigger_target_dag.py
[2025-04-06T09:37:33.746+0000] {processor.py:925} INFO - DAG(s) 'example_trigger_target_dag' retrieved from /home/user/airflow_env/lib/python3.12/site-packages/airflow/example_dags/example_trigger_target_dag.py
[2025-04-06T09:37:34.162+0000] {logging_mixin.py:190} INFO - [2025-04-06T09:37:34.160+0000] {override.py:1930} INFO - Created Permission View: can delete on DAG:example_trigger_target_dag
[2025-04-06T09:37:34.261+0000] {logging_mixin.py:190} INFO - [2025-04-06T09:37:34.261+0000] {override.py:1930} INFO - Created Permission View: can edit on DAG:example_trigger_target_dag
[2025-04-06T09:37:34.342+0000] {logging_mixin.py:190} INFO - [2025-04-06T09:37:34.341+0000] {override.py:1930} INFO - Created Permission View: can read on DAG:example_trigger_target_dag
[2025-04-06T09:37:34.508+0000] {logging_mixin.py:190} INFO - [2025-04-06T09:37:34.507+0000] {override.py:1930} INFO - Created Permission View: can create on DAG Run:example_trigger_target_dag
[2025-04-06T09:37:34.620+0000] {logging_mixin.py:190} INFO - [2025-04-06T09:37:34.619+0000] {override.py:1930} INFO - Created Permission View: menu access on DAG Run:example_trigger_target_dag
[2025-04-06T09:37:34.729+0000] {logging_mixin.py:190} INFO - [2025-04-06T09:37:34.728+0000] {override.py:1930} INFO - Created Permission View: can delete on DAG Run:example_trigger_target_dag
[2025-04-06T09:37:34.820+0000] {logging_mixin.py:190} INFO - [2025-04-06T09:37:34.820+0000] {override.py:1930} INFO - Created Permission View: can read on DAG Run:example_trigger_target_dag
[2025-04-06T09:37:34.822+0000] {logging_mixin.py:190} INFO - [2025-04-06T09:37:34.821+0000] {dag.py:3239} INFO - Sync 1 DAGs
[2025-04-06T09:37:34.872+0000] {logging_mixin.py:190} INFO - [2025-04-06T09:37:34.871+0000] {dag.py:3262} INFO - Creating ORM DAG for example_trigger_target_dag
[2025-04-06T09:37:34.874+0000] {logging_mixin.py:190} INFO - [2025-04-06T09:37:34.873+0000] {dag.py:4180} INFO - Setting next_dagrun for example_trigger_target_dag to None, run_after=None
[2025-04-06T09:37:35.074+0000] {processor.py:208} INFO - Processing /home/user/airflow_env/lib/python3.12/site-packages/airflow/example_dags/example_trigger_target_dag.py took 1.358 seconds
