[2025-04-06T06:36:17.236+0000] {processor.py:186} INFO - Started process (PID=877) to work on /home/user/airflow_env/lib/python3.12/site-packages/airflow/example_dags/example_branch_labels.py
[2025-04-06T06:36:17.238+0000] {processor.py:914} INFO - Processing file /home/user/airflow_env/lib/python3.12/site-packages/airflow/example_dags/example_branch_labels.py for tasks to queue
[2025-04-06T06:36:17.245+0000] {logging_mixin.py:190} INFO - [2025-04-06T06:36:17.244+0000] {dagbag.py:588} INFO - Filling up the DagBag from /home/user/airflow_env/lib/python3.12/site-packages/airflow/example_dags/example_branch_labels.py
[2025-04-06T06:36:17.269+0000] {processor.py:925} INFO - DAG(s) 'example_branch_labels' retrieved from /home/user/airflow_env/lib/python3.12/site-packages/airflow/example_dags/example_branch_labels.py
[2025-04-06T06:36:17.840+0000] {logging_mixin.py:190} INFO - [2025-04-06T06:36:17.838+0000] {override.py:1930} INFO - Created Permission View: can read on DAG:example_branch_labels
[2025-04-06T06:36:18.019+0000] {logging_mixin.py:190} INFO - [2025-04-06T06:36:18.018+0000] {override.py:1930} INFO - Created Permission View: can delete on DAG:example_branch_labels
[2025-04-06T06:36:18.140+0000] {logging_mixin.py:190} INFO - [2025-04-06T06:36:18.139+0000] {override.py:1930} INFO - Created Permission View: can edit on DAG:example_branch_labels
[2025-04-06T06:36:18.383+0000] {logging_mixin.py:190} INFO - [2025-04-06T06:36:18.382+0000] {override.py:1930} INFO - Created Permission View: can read on DAG Run:example_branch_labels
[2025-04-06T06:36:18.549+0000] {logging_mixin.py:190} INFO - [2025-04-06T06:36:18.548+0000] {override.py:1930} INFO - Created Permission View: can create on DAG Run:example_branch_labels
[2025-04-06T06:36:18.661+0000] {logging_mixin.py:190} INFO - [2025-04-06T06:36:18.661+0000] {override.py:1930} INFO - Created Permission View: can delete on DAG Run:example_branch_labels
[2025-04-06T06:36:18.755+0000] {logging_mixin.py:190} INFO - [2025-04-06T06:36:18.754+0000] {override.py:1930} INFO - Created Permission View: menu access on DAG Run:example_branch_labels
[2025-04-06T06:36:18.757+0000] {logging_mixin.py:190} INFO - [2025-04-06T06:36:18.756+0000] {dag.py:3239} INFO - Sync 1 DAGs
[2025-04-06T06:36:18.863+0000] {logging_mixin.py:190} INFO - [2025-04-06T06:36:18.857+0000] {dag.py:3262} INFO - Creating ORM DAG for example_branch_labels
[2025-04-06T06:36:18.938+0000] {logging_mixin.py:190} INFO - [2025-04-06T06:36:18.937+0000] {dag.py:4180} INFO - Setting next_dagrun for example_branch_labels to 2025-04-05 00:00:00+00:00, run_after=2025-04-06 00:00:00+00:00
[2025-04-06T06:36:19.143+0000] {processor.py:208} INFO - Processing /home/user/airflow_env/lib/python3.12/site-packages/airflow/example_dags/example_branch_labels.py took 1.918 seconds
[2025-04-06T06:38:30.009+0000] {processor.py:186} INFO - Started process (PID=952) to work on /home/user/airflow_env/lib/python3.12/site-packages/airflow/example_dags/example_branch_labels.py
[2025-04-06T06:38:30.010+0000] {processor.py:914} INFO - Processing file /home/user/airflow_env/lib/python3.12/site-packages/airflow/example_dags/example_branch_labels.py for tasks to queue
[2025-04-06T06:38:30.013+0000] {logging_mixin.py:190} INFO - [2025-04-06T06:38:30.012+0000] {dagbag.py:588} INFO - Filling up the DagBag from /home/user/airflow_env/lib/python3.12/site-packages/airflow/example_dags/example_branch_labels.py
[2025-04-06T06:38:30.029+0000] {processor.py:925} INFO - DAG(s) 'example_branch_labels' retrieved from /home/user/airflow_env/lib/python3.12/site-packages/airflow/example_dags/example_branch_labels.py
[2025-04-06T06:38:30.058+0000] {logging_mixin.py:190} INFO - [2025-04-06T06:38:30.058+0000] {dag.py:3239} INFO - Sync 1 DAGs
[2025-04-06T06:38:30.086+0000] {logging_mixin.py:190} INFO - [2025-04-06T06:38:30.086+0000] {dag.py:4180} INFO - Setting next_dagrun for example_branch_labels to 2025-04-05 00:00:00+00:00, run_after=2025-04-06 00:00:00+00:00
[2025-04-06T06:38:30.176+0000] {processor.py:208} INFO - Processing /home/user/airflow_env/lib/python3.12/site-packages/airflow/example_dags/example_branch_labels.py took 0.173 seconds
[2025-04-06T06:39:42.562+0000] {processor.py:186} INFO - Started process (PID=1037) to work on /home/user/airflow_env/lib/python3.12/site-packages/airflow/example_dags/example_branch_labels.py
[2025-04-06T06:39:42.564+0000] {processor.py:914} INFO - Processing file /home/user/airflow_env/lib/python3.12/site-packages/airflow/example_dags/example_branch_labels.py for tasks to queue
[2025-04-06T06:39:42.567+0000] {logging_mixin.py:190} INFO - [2025-04-06T06:39:42.567+0000] {dagbag.py:588} INFO - Filling up the DagBag from /home/user/airflow_env/lib/python3.12/site-packages/airflow/example_dags/example_branch_labels.py
[2025-04-06T06:39:42.580+0000] {processor.py:925} INFO - DAG(s) 'example_branch_labels' retrieved from /home/user/airflow_env/lib/python3.12/site-packages/airflow/example_dags/example_branch_labels.py
[2025-04-06T06:39:42.623+0000] {logging_mixin.py:190} INFO - [2025-04-06T06:39:42.622+0000] {dag.py:3239} INFO - Sync 1 DAGs
[2025-04-06T06:39:42.668+0000] {logging_mixin.py:190} INFO - [2025-04-06T06:39:42.668+0000] {dag.py:4180} INFO - Setting next_dagrun for example_branch_labels to 2025-04-05 00:00:00+00:00, run_after=2025-04-06 00:00:00+00:00
[2025-04-06T06:39:42.807+0000] {processor.py:208} INFO - Processing /home/user/airflow_env/lib/python3.12/site-packages/airflow/example_dags/example_branch_labels.py took 0.254 seconds
[2025-04-06T09:38:18.035+0000] {processor.py:186} INFO - Started process (PID=10119) to work on /home/user/airflow_env/lib/python3.12/site-packages/airflow/example_dags/example_branch_labels.py
[2025-04-06T09:38:18.038+0000] {processor.py:914} INFO - Processing file /home/user/airflow_env/lib/python3.12/site-packages/airflow/example_dags/example_branch_labels.py for tasks to queue
[2025-04-06T09:38:18.044+0000] {logging_mixin.py:190} INFO - [2025-04-06T09:38:18.043+0000] {dagbag.py:588} INFO - Filling up the DagBag from /home/user/airflow_env/lib/python3.12/site-packages/airflow/example_dags/example_branch_labels.py
[2025-04-06T09:38:18.073+0000] {processor.py:925} INFO - DAG(s) 'example_branch_labels' retrieved from /home/user/airflow_env/lib/python3.12/site-packages/airflow/example_dags/example_branch_labels.py
[2025-04-06T09:38:18.441+0000] {logging_mixin.py:190} INFO - [2025-04-06T09:38:18.440+0000] {override.py:1930} INFO - Created Permission View: can delete on DAG:example_branch_labels
[2025-04-06T09:38:18.579+0000] {logging_mixin.py:190} INFO - [2025-04-06T09:38:18.579+0000] {override.py:1930} INFO - Created Permission View: can edit on DAG:example_branch_labels
[2025-04-06T09:38:18.706+0000] {logging_mixin.py:190} INFO - [2025-04-06T09:38:18.705+0000] {override.py:1930} INFO - Created Permission View: can read on DAG:example_branch_labels
[2025-04-06T09:38:18.902+0000] {logging_mixin.py:190} INFO - [2025-04-06T09:38:18.902+0000] {override.py:1930} INFO - Created Permission View: can create on DAG Run:example_branch_labels
[2025-04-06T09:38:19.045+0000] {logging_mixin.py:190} INFO - [2025-04-06T09:38:19.044+0000] {override.py:1930} INFO - Created Permission View: menu access on DAG Run:example_branch_labels
[2025-04-06T09:38:19.131+0000] {logging_mixin.py:190} INFO - [2025-04-06T09:38:19.129+0000] {override.py:1930} INFO - Created Permission View: can delete on DAG Run:example_branch_labels
[2025-04-06T09:38:19.231+0000] {logging_mixin.py:190} INFO - [2025-04-06T09:38:19.230+0000] {override.py:1930} INFO - Created Permission View: can read on DAG Run:example_branch_labels
[2025-04-06T09:38:19.232+0000] {logging_mixin.py:190} INFO - [2025-04-06T09:38:19.232+0000] {dag.py:3239} INFO - Sync 1 DAGs
[2025-04-06T09:38:19.292+0000] {logging_mixin.py:190} INFO - [2025-04-06T09:38:19.292+0000] {dag.py:3262} INFO - Creating ORM DAG for example_branch_labels
[2025-04-06T09:38:19.333+0000] {logging_mixin.py:190} INFO - [2025-04-06T09:38:19.332+0000] {dag.py:4180} INFO - Setting next_dagrun for example_branch_labels to 2025-04-05 00:00:00+00:00, run_after=2025-04-06 00:00:00+00:00
[2025-04-06T09:38:19.568+0000] {processor.py:208} INFO - Processing /home/user/airflow_env/lib/python3.12/site-packages/airflow/example_dags/example_branch_labels.py took 1.542 seconds
