[2025-04-06T06:37:02.628+0000] {processor.py:186} INFO - Started process (PID=905) to work on /home/user/airflow_env/lib/python3.12/site-packages/airflow/example_dags/example_complex.py
[2025-04-06T06:37:02.631+0000] {processor.py:914} INFO - Processing file /home/user/airflow_env/lib/python3.12/site-packages/airflow/example_dags/example_complex.py for tasks to queue
[2025-04-06T06:37:02.636+0000] {logging_mixin.py:190} INFO - [2025-04-06T06:37:02.635+0000] {dagbag.py:588} INFO - Filling up the DagBag from /home/user/airflow_env/lib/python3.12/site-packages/airflow/example_dags/example_complex.py
[2025-04-06T06:37:02.666+0000] {processor.py:925} INFO - DAG(s) 'example_complex' retrieved from /home/user/airflow_env/lib/python3.12/site-packages/airflow/example_dags/example_complex.py
[2025-04-06T06:37:02.962+0000] {logging_mixin.py:190} INFO - [2025-04-06T06:37:02.961+0000] {override.py:1930} INFO - Created Permission View: can read on DAG:example_complex
[2025-04-06T06:37:03.053+0000] {logging_mixin.py:190} INFO - [2025-04-06T06:37:03.052+0000] {override.py:1930} INFO - Created Permission View: can delete on DAG:example_complex
[2025-04-06T06:37:03.139+0000] {logging_mixin.py:190} INFO - [2025-04-06T06:37:03.138+0000] {override.py:1930} INFO - Created Permission View: can edit on DAG:example_complex
[2025-04-06T06:37:03.253+0000] {logging_mixin.py:190} INFO - [2025-04-06T06:37:03.253+0000] {override.py:1930} INFO - Created Permission View: can read on DAG Run:example_complex
[2025-04-06T06:37:03.348+0000] {logging_mixin.py:190} INFO - [2025-04-06T06:37:03.347+0000] {override.py:1930} INFO - Created Permission View: can create on DAG Run:example_complex
[2025-04-06T06:37:03.446+0000] {logging_mixin.py:190} INFO - [2025-04-06T06:37:03.445+0000] {override.py:1930} INFO - Created Permission View: can delete on DAG Run:example_complex
[2025-04-06T06:37:03.520+0000] {logging_mixin.py:190} INFO - [2025-04-06T06:37:03.519+0000] {override.py:1930} INFO - Created Permission View: menu access on DAG Run:example_complex
[2025-04-06T06:37:03.521+0000] {logging_mixin.py:190} INFO - [2025-04-06T06:37:03.521+0000] {dag.py:3239} INFO - Sync 1 DAGs
[2025-04-06T06:37:03.570+0000] {logging_mixin.py:190} INFO - [2025-04-06T06:37:03.570+0000] {dag.py:3262} INFO - Creating ORM DAG for example_complex
[2025-04-06T06:37:03.572+0000] {logging_mixin.py:190} INFO - [2025-04-06T06:37:03.572+0000] {dag.py:4180} INFO - Setting next_dagrun for example_complex to None, run_after=None
[2025-04-06T06:37:03.724+0000] {processor.py:208} INFO - Processing /home/user/airflow_env/lib/python3.12/site-packages/airflow/example_dags/example_complex.py took 1.108 seconds
[2025-04-06T06:38:56.113+0000] {processor.py:186} INFO - Started process (PID=973) to work on /home/user/airflow_env/lib/python3.12/site-packages/airflow/example_dags/example_complex.py
[2025-04-06T06:38:56.117+0000] {processor.py:914} INFO - Processing file /home/user/airflow_env/lib/python3.12/site-packages/airflow/example_dags/example_complex.py for tasks to queue
[2025-04-06T06:38:56.124+0000] {logging_mixin.py:190} INFO - [2025-04-06T06:38:56.123+0000] {dagbag.py:588} INFO - Filling up the DagBag from /home/user/airflow_env/lib/python3.12/site-packages/airflow/example_dags/example_complex.py
[2025-04-06T06:38:56.149+0000] {processor.py:925} INFO - DAG(s) 'example_complex' retrieved from /home/user/airflow_env/lib/python3.12/site-packages/airflow/example_dags/example_complex.py
[2025-04-06T06:38:56.225+0000] {logging_mixin.py:190} INFO - [2025-04-06T06:38:56.225+0000] {dag.py:3239} INFO - Sync 1 DAGs
[2025-04-06T06:38:56.265+0000] {logging_mixin.py:190} INFO - [2025-04-06T06:38:56.265+0000] {dag.py:4180} INFO - Setting next_dagrun for example_complex to None, run_after=None
[2025-04-06T06:38:56.381+0000] {processor.py:208} INFO - Processing /home/user/airflow_env/lib/python3.12/site-packages/airflow/example_dags/example_complex.py took 0.276 seconds
