[2025-04-06T06:36:20.741+0000] {processor.py:186} INFO - Started process (PID=879) to work on /home/user/airflow_env/lib/python3.12/site-packages/airflow/example_dags/example_python_decorator.py
[2025-04-06T06:36:20.743+0000] {processor.py:914} INFO - Processing file /home/user/airflow_env/lib/python3.12/site-packages/airflow/example_dags/example_python_decorator.py for tasks to queue
[2025-04-06T06:36:20.746+0000] {logging_mixin.py:190} INFO - [2025-04-06T06:36:20.746+0000] {dagbag.py:588} INFO - Filling up the DagBag from /home/user/airflow_env/lib/python3.12/site-packages/airflow/example_dags/example_python_decorator.py
[2025-04-06T06:36:20.989+0000] {logging_mixin.py:190} INFO - [2025-04-06T06:36:20.988+0000] {example_python_decorator.py:80} WARNING - The virtalenv_python example task requires virtualenv, please install it.
[2025-04-06T06:36:20.994+0000] {processor.py:925} INFO - DAG(s) 'example_python_decorator' retrieved from /home/user/airflow_env/lib/python3.12/site-packages/airflow/example_dags/example_python_decorator.py
[2025-04-06T06:36:21.310+0000] {logging_mixin.py:190} INFO - [2025-04-06T06:36:21.307+0000] {override.py:1930} INFO - Created Permission View: can read on DAG:example_python_decorator
[2025-04-06T06:36:21.408+0000] {logging_mixin.py:190} INFO - [2025-04-06T06:36:21.407+0000] {override.py:1930} INFO - Created Permission View: can delete on DAG:example_python_decorator
[2025-04-06T06:36:21.499+0000] {logging_mixin.py:190} INFO - [2025-04-06T06:36:21.498+0000] {override.py:1930} INFO - Created Permission View: can edit on DAG:example_python_decorator
[2025-04-06T06:36:21.639+0000] {logging_mixin.py:190} INFO - [2025-04-06T06:36:21.637+0000] {override.py:1930} INFO - Created Permission View: can read on DAG Run:example_python_decorator
[2025-04-06T06:36:21.723+0000] {logging_mixin.py:190} INFO - [2025-04-06T06:36:21.722+0000] {override.py:1930} INFO - Created Permission View: can create on DAG Run:example_python_decorator
[2025-04-06T06:36:21.805+0000] {logging_mixin.py:190} INFO - [2025-04-06T06:36:21.804+0000] {override.py:1930} INFO - Created Permission View: can delete on DAG Run:example_python_decorator
[2025-04-06T06:36:21.911+0000] {logging_mixin.py:190} INFO - [2025-04-06T06:36:21.910+0000] {override.py:1930} INFO - Created Permission View: menu access on DAG Run:example_python_decorator
[2025-04-06T06:36:21.913+0000] {logging_mixin.py:190} INFO - [2025-04-06T06:36:21.913+0000] {dag.py:3239} INFO - Sync 1 DAGs
[2025-04-06T06:36:21.977+0000] {logging_mixin.py:190} INFO - [2025-04-06T06:36:21.977+0000] {dag.py:3262} INFO - Creating ORM DAG for example_python_decorator
[2025-04-06T06:36:21.980+0000] {logging_mixin.py:190} INFO - [2025-04-06T06:36:21.979+0000] {dag.py:4180} INFO - Setting next_dagrun for example_python_decorator to None, run_after=None
[2025-04-06T06:36:22.154+0000] {processor.py:208} INFO - Processing /home/user/airflow_env/lib/python3.12/site-packages/airflow/example_dags/example_python_decorator.py took 1.419 seconds
[2025-04-06T06:38:31.577+0000] {processor.py:186} INFO - Started process (PID=953) to work on /home/user/airflow_env/lib/python3.12/site-packages/airflow/example_dags/example_python_decorator.py
[2025-04-06T06:38:31.579+0000] {processor.py:914} INFO - Processing file /home/user/airflow_env/lib/python3.12/site-packages/airflow/example_dags/example_python_decorator.py for tasks to queue
[2025-04-06T06:38:31.582+0000] {logging_mixin.py:190} INFO - [2025-04-06T06:38:31.581+0000] {dagbag.py:588} INFO - Filling up the DagBag from /home/user/airflow_env/lib/python3.12/site-packages/airflow/example_dags/example_python_decorator.py
[2025-04-06T06:38:31.807+0000] {logging_mixin.py:190} INFO - [2025-04-06T06:38:31.806+0000] {example_python_decorator.py:80} WARNING - The virtalenv_python example task requires virtualenv, please install it.
[2025-04-06T06:38:31.810+0000] {processor.py:925} INFO - DAG(s) 'example_python_decorator' retrieved from /home/user/airflow_env/lib/python3.12/site-packages/airflow/example_dags/example_python_decorator.py
[2025-04-06T06:38:31.864+0000] {logging_mixin.py:190} INFO - [2025-04-06T06:38:31.864+0000] {dag.py:3239} INFO - Sync 1 DAGs
[2025-04-06T06:38:31.893+0000] {logging_mixin.py:190} INFO - [2025-04-06T06:38:31.892+0000] {dag.py:4180} INFO - Setting next_dagrun for example_python_decorator to None, run_after=None
[2025-04-06T06:38:32.021+0000] {processor.py:208} INFO - Processing /home/user/airflow_env/lib/python3.12/site-packages/airflow/example_dags/example_python_decorator.py took 0.450 seconds
[2025-04-06T06:39:44.003+0000] {processor.py:186} INFO - Started process (PID=1038) to work on /home/user/airflow_env/lib/python3.12/site-packages/airflow/example_dags/example_python_decorator.py
[2025-04-06T06:39:44.005+0000] {processor.py:914} INFO - Processing file /home/user/airflow_env/lib/python3.12/site-packages/airflow/example_dags/example_python_decorator.py for tasks to queue
[2025-04-06T06:39:44.009+0000] {logging_mixin.py:190} INFO - [2025-04-06T06:39:44.008+0000] {dagbag.py:588} INFO - Filling up the DagBag from /home/user/airflow_env/lib/python3.12/site-packages/airflow/example_dags/example_python_decorator.py
[2025-04-06T06:39:44.150+0000] {logging_mixin.py:190} INFO - [2025-04-06T06:39:44.150+0000] {example_python_decorator.py:80} WARNING - The virtalenv_python example task requires virtualenv, please install it.
[2025-04-06T06:39:44.154+0000] {processor.py:925} INFO - DAG(s) 'example_python_decorator' retrieved from /home/user/airflow_env/lib/python3.12/site-packages/airflow/example_dags/example_python_decorator.py
[2025-04-06T06:39:44.199+0000] {logging_mixin.py:190} INFO - [2025-04-06T06:39:44.199+0000] {dag.py:3239} INFO - Sync 1 DAGs
[2025-04-06T06:39:44.224+0000] {logging_mixin.py:190} INFO - [2025-04-06T06:39:44.223+0000] {dag.py:4180} INFO - Setting next_dagrun for example_python_decorator to None, run_after=None
[2025-04-06T06:39:44.473+0000] {processor.py:208} INFO - Processing /home/user/airflow_env/lib/python3.12/site-packages/airflow/example_dags/example_python_decorator.py took 0.477 seconds
[2025-04-06T09:38:21.088+0000] {processor.py:186} INFO - Started process (PID=10120) to work on /home/user/airflow_env/lib/python3.12/site-packages/airflow/example_dags/example_python_decorator.py
[2025-04-06T09:38:21.091+0000] {processor.py:914} INFO - Processing file /home/user/airflow_env/lib/python3.12/site-packages/airflow/example_dags/example_python_decorator.py for tasks to queue
[2025-04-06T09:38:21.096+0000] {logging_mixin.py:190} INFO - [2025-04-06T09:38:21.095+0000] {dagbag.py:588} INFO - Filling up the DagBag from /home/user/airflow_env/lib/python3.12/site-packages/airflow/example_dags/example_python_decorator.py
[2025-04-06T09:38:21.278+0000] {logging_mixin.py:190} INFO - [2025-04-06T09:38:21.278+0000] {example_python_decorator.py:80} WARNING - The virtalenv_python example task requires virtualenv, please install it.
[2025-04-06T09:38:21.282+0000] {processor.py:925} INFO - DAG(s) 'example_python_decorator' retrieved from /home/user/airflow_env/lib/python3.12/site-packages/airflow/example_dags/example_python_decorator.py
[2025-04-06T09:38:21.660+0000] {logging_mixin.py:190} INFO - [2025-04-06T09:38:21.659+0000] {override.py:1930} INFO - Created Permission View: can delete on DAG:example_python_decorator
[2025-04-06T09:38:21.745+0000] {logging_mixin.py:190} INFO - [2025-04-06T09:38:21.744+0000] {override.py:1930} INFO - Created Permission View: can edit on DAG:example_python_decorator
[2025-04-06T09:38:21.814+0000] {logging_mixin.py:190} INFO - [2025-04-06T09:38:21.813+0000] {override.py:1930} INFO - Created Permission View: can read on DAG:example_python_decorator
[2025-04-06T09:38:21.966+0000] {logging_mixin.py:190} INFO - [2025-04-06T09:38:21.965+0000] {override.py:1930} INFO - Created Permission View: can create on DAG Run:example_python_decorator
[2025-04-06T09:38:22.061+0000] {logging_mixin.py:190} INFO - [2025-04-06T09:38:22.060+0000] {override.py:1930} INFO - Created Permission View: menu access on DAG Run:example_python_decorator
[2025-04-06T09:38:22.125+0000] {logging_mixin.py:190} INFO - [2025-04-06T09:38:22.124+0000] {override.py:1930} INFO - Created Permission View: can delete on DAG Run:example_python_decorator
[2025-04-06T09:38:22.179+0000] {logging_mixin.py:190} INFO - [2025-04-06T09:38:22.179+0000] {override.py:1930} INFO - Created Permission View: can read on DAG Run:example_python_decorator
[2025-04-06T09:38:22.180+0000] {logging_mixin.py:190} INFO - [2025-04-06T09:38:22.180+0000] {dag.py:3239} INFO - Sync 1 DAGs
[2025-04-06T09:38:22.213+0000] {logging_mixin.py:190} INFO - [2025-04-06T09:38:22.213+0000] {dag.py:3262} INFO - Creating ORM DAG for example_python_decorator
[2025-04-06T09:38:22.214+0000] {logging_mixin.py:190} INFO - [2025-04-06T09:38:22.214+0000] {dag.py:4180} INFO - Setting next_dagrun for example_python_decorator to None, run_after=None
[2025-04-06T09:38:22.378+0000] {processor.py:208} INFO - Processing /home/user/airflow_env/lib/python3.12/site-packages/airflow/example_dags/example_python_decorator.py took 1.301 seconds
