[2025-04-06T06:37:10.982+0000] {processor.py:186} INFO - Started process (PID=911) to work on /home/user/airflow_env/lib/python3.12/site-packages/airflow/example_dags/example_branch_day_of_week_operator.py
[2025-04-06T06:37:10.987+0000] {processor.py:914} INFO - Processing file /home/user/airflow_env/lib/python3.12/site-packages/airflow/example_dags/example_branch_day_of_week_operator.py for tasks to queue
[2025-04-06T06:37:10.996+0000] {logging_mixin.py:190} INFO - [2025-04-06T06:37:10.994+0000] {dagbag.py:588} INFO - Filling up the DagBag from /home/user/airflow_env/lib/python3.12/site-packages/airflow/example_dags/example_branch_day_of_week_operator.py
[2025-04-06T06:37:11.026+0000] {processor.py:925} INFO - DAG(s) 'example_weekday_branch_operator' retrieved from /home/user/airflow_env/lib/python3.12/site-packages/airflow/example_dags/example_branch_day_of_week_operator.py
[2025-04-06T06:37:11.418+0000] {logging_mixin.py:190} INFO - [2025-04-06T06:37:11.417+0000] {override.py:1930} INFO - Created Permission View: can read on DAG:example_weekday_branch_operator
[2025-04-06T06:37:11.518+0000] {logging_mixin.py:190} INFO - [2025-04-06T06:37:11.517+0000] {override.py:1930} INFO - Created Permission View: can delete on DAG:example_weekday_branch_operator
[2025-04-06T06:37:11.609+0000] {logging_mixin.py:190} INFO - [2025-04-06T06:37:11.608+0000] {override.py:1930} INFO - Created Permission View: can edit on DAG:example_weekday_branch_operator
[2025-04-06T06:37:11.752+0000] {logging_mixin.py:190} INFO - [2025-04-06T06:37:11.752+0000] {override.py:1930} INFO - Created Permission View: can read on DAG Run:example_weekday_branch_operator
[2025-04-06T06:37:11.843+0000] {logging_mixin.py:190} INFO - [2025-04-06T06:37:11.842+0000] {override.py:1930} INFO - Created Permission View: can create on DAG Run:example_weekday_branch_operator
[2025-04-06T06:37:11.944+0000] {logging_mixin.py:190} INFO - [2025-04-06T06:37:11.943+0000] {override.py:1930} INFO - Created Permission View: can delete on DAG Run:example_weekday_branch_operator
[2025-04-06T06:37:12.057+0000] {logging_mixin.py:190} INFO - [2025-04-06T06:37:12.056+0000] {override.py:1930} INFO - Created Permission View: menu access on DAG Run:example_weekday_branch_operator
[2025-04-06T06:37:12.059+0000] {logging_mixin.py:190} INFO - [2025-04-06T06:37:12.058+0000] {dag.py:3239} INFO - Sync 1 DAGs
[2025-04-06T06:37:12.104+0000] {logging_mixin.py:190} INFO - [2025-04-06T06:37:12.103+0000] {dag.py:3262} INFO - Creating ORM DAG for example_weekday_branch_operator
[2025-04-06T06:37:12.127+0000] {logging_mixin.py:190} INFO - [2025-04-06T06:37:12.126+0000] {dag.py:4180} INFO - Setting next_dagrun for example_weekday_branch_operator to 2025-04-05 00:00:00+00:00, run_after=2025-04-06 00:00:00+00:00
[2025-04-06T06:37:12.267+0000] {processor.py:208} INFO - Processing /home/user/airflow_env/lib/python3.12/site-packages/airflow/example_dags/example_branch_day_of_week_operator.py took 1.305 seconds
[2025-04-06T06:39:01.215+0000] {processor.py:186} INFO - Started process (PID=984) to work on /home/user/airflow_env/lib/python3.12/site-packages/airflow/example_dags/example_branch_day_of_week_operator.py
[2025-04-06T06:39:01.216+0000] {processor.py:914} INFO - Processing file /home/user/airflow_env/lib/python3.12/site-packages/airflow/example_dags/example_branch_day_of_week_operator.py for tasks to queue
[2025-04-06T06:39:01.219+0000] {logging_mixin.py:190} INFO - [2025-04-06T06:39:01.218+0000] {dagbag.py:588} INFO - Filling up the DagBag from /home/user/airflow_env/lib/python3.12/site-packages/airflow/example_dags/example_branch_day_of_week_operator.py
[2025-04-06T06:39:01.231+0000] {processor.py:925} INFO - DAG(s) 'example_weekday_branch_operator' retrieved from /home/user/airflow_env/lib/python3.12/site-packages/airflow/example_dags/example_branch_day_of_week_operator.py
[2025-04-06T06:39:01.265+0000] {logging_mixin.py:190} INFO - [2025-04-06T06:39:01.265+0000] {dag.py:3239} INFO - Sync 1 DAGs
[2025-04-06T06:39:01.303+0000] {logging_mixin.py:190} INFO - [2025-04-06T06:39:01.303+0000] {dag.py:4180} INFO - Setting next_dagrun for example_weekday_branch_operator to 2025-04-05 00:00:00+00:00, run_after=2025-04-06 00:00:00+00:00
[2025-04-06T06:39:01.386+0000] {processor.py:208} INFO - Processing /home/user/airflow_env/lib/python3.12/site-packages/airflow/example_dags/example_branch_day_of_week_operator.py took 0.177 seconds
