[2025-04-06T06:35:36.652+0000] {processor.py:186} INFO - Started process (PID=845) to work on /home/user/airflow_env/lib/python3.12/site-packages/airflow/example_dags/example_trigger_controller_dag.py
[2025-04-06T06:35:36.654+0000] {processor.py:914} INFO - Processing file /home/user/airflow_env/lib/python3.12/site-packages/airflow/example_dags/example_trigger_controller_dag.py for tasks to queue
[2025-04-06T06:35:36.658+0000] {logging_mixin.py:190} INFO - [2025-04-06T06:35:36.658+0000] {dagbag.py:588} INFO - Filling up the DagBag from /home/user/airflow_env/lib/python3.12/site-packages/airflow/example_dags/example_trigger_controller_dag.py
[2025-04-06T06:35:36.668+0000] {processor.py:925} INFO - DAG(s) 'example_trigger_controller_dag' retrieved from /home/user/airflow_env/lib/python3.12/site-packages/airflow/example_dags/example_trigger_controller_dag.py
[2025-04-06T06:35:37.030+0000] {logging_mixin.py:190} INFO - [2025-04-06T06:35:37.029+0000] {override.py:1930} INFO - Created Permission View: can read on DAG:example_trigger_controller_dag
[2025-04-06T06:35:37.156+0000] {logging_mixin.py:190} INFO - [2025-04-06T06:35:37.155+0000] {override.py:1930} INFO - Created Permission View: can delete on DAG:example_trigger_controller_dag
[2025-04-06T06:35:37.286+0000] {logging_mixin.py:190} INFO - [2025-04-06T06:35:37.285+0000] {override.py:1930} INFO - Created Permission View: can edit on DAG:example_trigger_controller_dag
[2025-04-06T06:35:37.508+0000] {logging_mixin.py:190} INFO - [2025-04-06T06:35:37.507+0000] {override.py:1930} INFO - Created Permission View: can read on DAG Run:example_trigger_controller_dag
[2025-04-06T06:35:37.632+0000] {logging_mixin.py:190} INFO - [2025-04-06T06:35:37.631+0000] {override.py:1930} INFO - Created Permission View: can create on DAG Run:example_trigger_controller_dag
[2025-04-06T06:35:37.783+0000] {logging_mixin.py:190} INFO - [2025-04-06T06:35:37.782+0000] {override.py:1930} INFO - Created Permission View: can delete on DAG Run:example_trigger_controller_dag
[2025-04-06T06:35:37.890+0000] {logging_mixin.py:190} INFO - [2025-04-06T06:35:37.889+0000] {override.py:1930} INFO - Created Permission View: menu access on DAG Run:example_trigger_controller_dag
[2025-04-06T06:35:37.891+0000] {logging_mixin.py:190} INFO - [2025-04-06T06:35:37.891+0000] {dag.py:3239} INFO - Sync 1 DAGs
[2025-04-06T06:35:37.925+0000] {logging_mixin.py:190} INFO - [2025-04-06T06:35:37.925+0000] {dag.py:3262} INFO - Creating ORM DAG for example_trigger_controller_dag
[2025-04-06T06:35:37.962+0000] {logging_mixin.py:190} INFO - [2025-04-06T06:35:37.962+0000] {dag.py:4180} INFO - Setting next_dagrun for example_trigger_controller_dag to 2021-01-01 00:00:00+00:00, run_after=2021-01-01 00:00:00+00:00
[2025-04-06T06:35:38.122+0000] {processor.py:208} INFO - Processing /home/user/airflow_env/lib/python3.12/site-packages/airflow/example_dags/example_trigger_controller_dag.py took 1.482 seconds
[2025-04-06T06:38:06.393+0000] {processor.py:186} INFO - Started process (PID=931) to work on /home/user/airflow_env/lib/python3.12/site-packages/airflow/example_dags/example_trigger_controller_dag.py
[2025-04-06T06:38:06.395+0000] {processor.py:914} INFO - Processing file /home/user/airflow_env/lib/python3.12/site-packages/airflow/example_dags/example_trigger_controller_dag.py for tasks to queue
[2025-04-06T06:38:06.399+0000] {logging_mixin.py:190} INFO - [2025-04-06T06:38:06.398+0000] {dagbag.py:588} INFO - Filling up the DagBag from /home/user/airflow_env/lib/python3.12/site-packages/airflow/example_dags/example_trigger_controller_dag.py
[2025-04-06T06:38:06.416+0000] {processor.py:925} INFO - DAG(s) 'example_trigger_controller_dag' retrieved from /home/user/airflow_env/lib/python3.12/site-packages/airflow/example_dags/example_trigger_controller_dag.py
[2025-04-06T06:38:06.468+0000] {logging_mixin.py:190} INFO - [2025-04-06T06:38:06.468+0000] {dag.py:3239} INFO - Sync 1 DAGs
[2025-04-06T06:38:06.513+0000] {logging_mixin.py:190} INFO - [2025-04-06T06:38:06.512+0000] {dag.py:4180} INFO - Setting next_dagrun for example_trigger_controller_dag to 2021-01-01 00:00:00+00:00, run_after=2021-01-01 00:00:00+00:00
[2025-04-06T06:38:06.633+0000] {processor.py:208} INFO - Processing /home/user/airflow_env/lib/python3.12/site-packages/airflow/example_dags/example_trigger_controller_dag.py took 0.251 seconds
[2025-04-06T06:39:19.079+0000] {processor.py:186} INFO - Started process (PID=1013) to work on /home/user/airflow_env/lib/python3.12/site-packages/airflow/example_dags/example_trigger_controller_dag.py
[2025-04-06T06:39:19.089+0000] {processor.py:914} INFO - Processing file /home/user/airflow_env/lib/python3.12/site-packages/airflow/example_dags/example_trigger_controller_dag.py for tasks to queue
[2025-04-06T06:39:19.095+0000] {logging_mixin.py:190} INFO - [2025-04-06T06:39:19.094+0000] {dagbag.py:588} INFO - Filling up the DagBag from /home/user/airflow_env/lib/python3.12/site-packages/airflow/example_dags/example_trigger_controller_dag.py
[2025-04-06T06:39:19.109+0000] {processor.py:925} INFO - DAG(s) 'example_trigger_controller_dag' retrieved from /home/user/airflow_env/lib/python3.12/site-packages/airflow/example_dags/example_trigger_controller_dag.py
[2025-04-06T06:39:19.152+0000] {logging_mixin.py:190} INFO - [2025-04-06T06:39:19.151+0000] {dag.py:3239} INFO - Sync 1 DAGs
[2025-04-06T06:39:19.187+0000] {logging_mixin.py:190} INFO - [2025-04-06T06:39:19.186+0000] {dag.py:4180} INFO - Setting next_dagrun for example_trigger_controller_dag to 2021-01-01 00:00:00+00:00, run_after=2021-01-01 00:00:00+00:00
[2025-04-06T06:39:19.320+0000] {processor.py:208} INFO - Processing /home/user/airflow_env/lib/python3.12/site-packages/airflow/example_dags/example_trigger_controller_dag.py took 0.257 seconds
[2025-04-06T06:40:14.822+0000] {processor.py:186} INFO - Started process (PID=1066) to work on /home/user/airflow_env/lib/python3.12/site-packages/airflow/example_dags/example_trigger_controller_dag.py
[2025-04-06T06:40:14.827+0000] {processor.py:914} INFO - Processing file /home/user/airflow_env/lib/python3.12/site-packages/airflow/example_dags/example_trigger_controller_dag.py for tasks to queue
[2025-04-06T06:40:14.832+0000] {logging_mixin.py:190} INFO - [2025-04-06T06:40:14.832+0000] {dagbag.py:588} INFO - Filling up the DagBag from /home/user/airflow_env/lib/python3.12/site-packages/airflow/example_dags/example_trigger_controller_dag.py
[2025-04-06T06:40:14.850+0000] {processor.py:925} INFO - DAG(s) 'example_trigger_controller_dag' retrieved from /home/user/airflow_env/lib/python3.12/site-packages/airflow/example_dags/example_trigger_controller_dag.py
[2025-04-06T06:40:14.931+0000] {logging_mixin.py:190} INFO - [2025-04-06T06:40:14.930+0000] {dag.py:3239} INFO - Sync 1 DAGs
[2025-04-06T06:40:14.983+0000] {logging_mixin.py:190} INFO - [2025-04-06T06:40:14.983+0000] {dag.py:4180} INFO - Setting next_dagrun for example_trigger_controller_dag to 2021-01-01 00:00:00+00:00, run_after=2021-01-01 00:00:00+00:00
[2025-04-06T06:40:15.149+0000] {processor.py:208} INFO - Processing /home/user/airflow_env/lib/python3.12/site-packages/airflow/example_dags/example_trigger_controller_dag.py took 0.338 seconds
[2025-04-06T09:37:42.746+0000] {processor.py:186} INFO - Started process (PID=10096) to work on /home/user/airflow_env/lib/python3.12/site-packages/airflow/example_dags/example_trigger_controller_dag.py
[2025-04-06T09:37:42.748+0000] {processor.py:914} INFO - Processing file /home/user/airflow_env/lib/python3.12/site-packages/airflow/example_dags/example_trigger_controller_dag.py for tasks to queue
[2025-04-06T09:37:42.750+0000] {logging_mixin.py:190} INFO - [2025-04-06T09:37:42.750+0000] {dagbag.py:588} INFO - Filling up the DagBag from /home/user/airflow_env/lib/python3.12/site-packages/airflow/example_dags/example_trigger_controller_dag.py
[2025-04-06T09:37:42.760+0000] {processor.py:925} INFO - DAG(s) 'example_trigger_controller_dag' retrieved from /home/user/airflow_env/lib/python3.12/site-packages/airflow/example_dags/example_trigger_controller_dag.py
[2025-04-06T09:37:44.828+0000] {logging_mixin.py:190} INFO - [2025-04-06T09:37:44.824+0000] {override.py:1930} INFO - Created Permission View: can delete on DAG:example_trigger_controller_dag
[2025-04-06T09:37:44.955+0000] {logging_mixin.py:190} INFO - [2025-04-06T09:37:44.954+0000] {override.py:1930} INFO - Created Permission View: can edit on DAG:example_trigger_controller_dag
[2025-04-06T09:37:45.049+0000] {logging_mixin.py:190} INFO - [2025-04-06T09:37:45.048+0000] {override.py:1930} INFO - Created Permission View: can read on DAG:example_trigger_controller_dag
[2025-04-06T09:37:45.224+0000] {logging_mixin.py:190} INFO - [2025-04-06T09:37:45.223+0000] {override.py:1930} INFO - Created Permission View: can create on DAG Run:example_trigger_controller_dag
[2025-04-06T09:37:45.345+0000] {logging_mixin.py:190} INFO - [2025-04-06T09:37:45.344+0000] {override.py:1930} INFO - Created Permission View: menu access on DAG Run:example_trigger_controller_dag
[2025-04-06T09:37:45.503+0000] {logging_mixin.py:190} INFO - [2025-04-06T09:37:45.503+0000] {override.py:1930} INFO - Created Permission View: can delete on DAG Run:example_trigger_controller_dag
[2025-04-06T09:37:45.645+0000] {logging_mixin.py:190} INFO - [2025-04-06T09:37:45.644+0000] {override.py:1930} INFO - Created Permission View: can read on DAG Run:example_trigger_controller_dag
[2025-04-06T09:37:45.646+0000] {logging_mixin.py:190} INFO - [2025-04-06T09:37:45.646+0000] {dag.py:3239} INFO - Sync 1 DAGs
[2025-04-06T09:37:45.699+0000] {logging_mixin.py:190} INFO - [2025-04-06T09:37:45.699+0000] {dag.py:3262} INFO - Creating ORM DAG for example_trigger_controller_dag
[2025-04-06T09:37:45.719+0000] {logging_mixin.py:190} INFO - [2025-04-06T09:37:45.718+0000] {dag.py:4180} INFO - Setting next_dagrun for example_trigger_controller_dag to 2021-01-01 00:00:00+00:00, run_after=2021-01-01 00:00:00+00:00
[2025-04-06T09:37:45.913+0000] {processor.py:208} INFO - Processing /home/user/airflow_env/lib/python3.12/site-packages/airflow/example_dags/example_trigger_controller_dag.py took 3.174 seconds
