[2025-04-06T06:37:40.720+0000] {processor.py:186} INFO - Started process (PID=920) to work on /home/user/airflow_env/lib/python3.12/site-packages/airflow/example_dags/example_branch_datetime_operator.py
[2025-04-06T06:37:40.722+0000] {processor.py:914} INFO - Processing file /home/user/airflow_env/lib/python3.12/site-packages/airflow/example_dags/example_branch_datetime_operator.py for tasks to queue
[2025-04-06T06:37:40.726+0000] {logging_mixin.py:190} INFO - [2025-04-06T06:37:40.725+0000] {dagbag.py:588} INFO - Filling up the DagBag from /home/user/airflow_env/lib/python3.12/site-packages/airflow/example_dags/example_branch_datetime_operator.py
[2025-04-06T06:37:40.742+0000] {processor.py:925} INFO - DAG(s) 'example_branch_datetime_operator', 'example_branch_datetime_operator_3', 'example_branch_datetime_operator_2' retrieved from /home/user/airflow_env/lib/python3.12/site-packages/airflow/example_dags/example_branch_datetime_operator.py
[2025-04-06T06:37:40.954+0000] {logging_mixin.py:190} INFO - [2025-04-06T06:37:40.953+0000] {override.py:1930} INFO - Created Permission View: can read on DAG:example_branch_datetime_operator
[2025-04-06T06:37:41.032+0000] {logging_mixin.py:190} INFO - [2025-04-06T06:37:41.031+0000] {override.py:1930} INFO - Created Permission View: can delete on DAG:example_branch_datetime_operator
[2025-04-06T06:37:41.134+0000] {logging_mixin.py:190} INFO - [2025-04-06T06:37:41.133+0000] {override.py:1930} INFO - Created Permission View: can edit on DAG:example_branch_datetime_operator
[2025-04-06T06:37:41.312+0000] {logging_mixin.py:190} INFO - [2025-04-06T06:37:41.311+0000] {override.py:1930} INFO - Created Permission View: can read on DAG Run:example_branch_datetime_operator
[2025-04-06T06:37:41.387+0000] {logging_mixin.py:190} INFO - [2025-04-06T06:37:41.386+0000] {override.py:1930} INFO - Created Permission View: can create on DAG Run:example_branch_datetime_operator
[2025-04-06T06:37:41.466+0000] {logging_mixin.py:190} INFO - [2025-04-06T06:37:41.466+0000] {override.py:1930} INFO - Created Permission View: can delete on DAG Run:example_branch_datetime_operator
[2025-04-06T06:37:41.554+0000] {logging_mixin.py:190} INFO - [2025-04-06T06:37:41.553+0000] {override.py:1930} INFO - Created Permission View: menu access on DAG Run:example_branch_datetime_operator
[2025-04-06T06:37:41.706+0000] {logging_mixin.py:190} INFO - [2025-04-06T06:37:41.705+0000] {override.py:1930} INFO - Created Permission View: can read on DAG:example_branch_datetime_operator_3
[2025-04-06T06:37:41.765+0000] {logging_mixin.py:190} INFO - [2025-04-06T06:37:41.764+0000] {override.py:1930} INFO - Created Permission View: can delete on DAG:example_branch_datetime_operator_3
[2025-04-06T06:37:41.823+0000] {logging_mixin.py:190} INFO - [2025-04-06T06:37:41.822+0000] {override.py:1930} INFO - Created Permission View: can edit on DAG:example_branch_datetime_operator_3
[2025-04-06T06:37:41.948+0000] {logging_mixin.py:190} INFO - [2025-04-06T06:37:41.947+0000] {override.py:1930} INFO - Created Permission View: can read on DAG Run:example_branch_datetime_operator_3
[2025-04-06T06:37:42.032+0000] {logging_mixin.py:190} INFO - [2025-04-06T06:37:42.031+0000] {override.py:1930} INFO - Created Permission View: can create on DAG Run:example_branch_datetime_operator_3
[2025-04-06T06:37:42.113+0000] {logging_mixin.py:190} INFO - [2025-04-06T06:37:42.112+0000] {override.py:1930} INFO - Created Permission View: can delete on DAG Run:example_branch_datetime_operator_3
[2025-04-06T06:37:42.198+0000] {logging_mixin.py:190} INFO - [2025-04-06T06:37:42.198+0000] {override.py:1930} INFO - Created Permission View: menu access on DAG Run:example_branch_datetime_operator_3
[2025-04-06T06:37:42.383+0000] {logging_mixin.py:190} INFO - [2025-04-06T06:37:42.381+0000] {override.py:1930} INFO - Created Permission View: can read on DAG:example_branch_datetime_operator_2
[2025-04-06T06:37:42.490+0000] {logging_mixin.py:190} INFO - [2025-04-06T06:37:42.489+0000] {override.py:1930} INFO - Created Permission View: can delete on DAG:example_branch_datetime_operator_2
[2025-04-06T06:37:42.597+0000] {logging_mixin.py:190} INFO - [2025-04-06T06:37:42.596+0000] {override.py:1930} INFO - Created Permission View: can edit on DAG:example_branch_datetime_operator_2
[2025-04-06T06:37:42.761+0000] {logging_mixin.py:190} INFO - [2025-04-06T06:37:42.760+0000] {override.py:1930} INFO - Created Permission View: can read on DAG Run:example_branch_datetime_operator_2
[2025-04-06T06:37:42.845+0000] {logging_mixin.py:190} INFO - [2025-04-06T06:37:42.843+0000] {override.py:1930} INFO - Created Permission View: can create on DAG Run:example_branch_datetime_operator_2
[2025-04-06T06:37:42.935+0000] {logging_mixin.py:190} INFO - [2025-04-06T06:37:42.934+0000] {override.py:1930} INFO - Created Permission View: can delete on DAG Run:example_branch_datetime_operator_2
[2025-04-06T06:37:43.015+0000] {logging_mixin.py:190} INFO - [2025-04-06T06:37:43.014+0000] {override.py:1930} INFO - Created Permission View: menu access on DAG Run:example_branch_datetime_operator_2
[2025-04-06T06:37:43.016+0000] {logging_mixin.py:190} INFO - [2025-04-06T06:37:43.015+0000] {dag.py:3239} INFO - Sync 3 DAGs
[2025-04-06T06:37:43.038+0000] {logging_mixin.py:190} INFO - [2025-04-06T06:37:43.038+0000] {dag.py:3262} INFO - Creating ORM DAG for example_branch_datetime_operator
[2025-04-06T06:37:43.039+0000] {logging_mixin.py:190} INFO - [2025-04-06T06:37:43.039+0000] {dag.py:3262} INFO - Creating ORM DAG for example_branch_datetime_operator_3
[2025-04-06T06:37:43.040+0000] {logging_mixin.py:190} INFO - [2025-04-06T06:37:43.040+0000] {dag.py:3262} INFO - Creating ORM DAG for example_branch_datetime_operator_2
[2025-04-06T06:37:43.054+0000] {logging_mixin.py:190} INFO - [2025-04-06T06:37:43.053+0000] {dag.py:4180} INFO - Setting next_dagrun for example_branch_datetime_operator to 2025-04-05 00:00:00+00:00, run_after=2025-04-06 00:00:00+00:00
[2025-04-06T06:37:43.056+0000] {logging_mixin.py:190} INFO - [2025-04-06T06:37:43.055+0000] {dag.py:4180} INFO - Setting next_dagrun for example_branch_datetime_operator_2 to 2025-04-05 00:00:00+00:00, run_after=2025-04-06 00:00:00+00:00
[2025-04-06T06:37:43.057+0000] {logging_mixin.py:190} INFO - [2025-04-06T06:37:43.057+0000] {dag.py:4180} INFO - Setting next_dagrun for example_branch_datetime_operator_3 to 2025-04-05 00:00:00+00:00, run_after=2025-04-06 00:00:00+00:00
[2025-04-06T06:37:43.177+0000] {processor.py:208} INFO - Processing /home/user/airflow_env/lib/python3.12/site-packages/airflow/example_dags/example_branch_datetime_operator.py took 2.464 seconds
[2025-04-06T06:39:57.524+0000] {processor.py:186} INFO - Started process (PID=1050) to work on /home/user/airflow_env/lib/python3.12/site-packages/airflow/example_dags/example_branch_datetime_operator.py
[2025-04-06T06:39:57.526+0000] {processor.py:914} INFO - Processing file /home/user/airflow_env/lib/python3.12/site-packages/airflow/example_dags/example_branch_datetime_operator.py for tasks to queue
[2025-04-06T06:39:57.530+0000] {logging_mixin.py:190} INFO - [2025-04-06T06:39:57.530+0000] {dagbag.py:588} INFO - Filling up the DagBag from /home/user/airflow_env/lib/python3.12/site-packages/airflow/example_dags/example_branch_datetime_operator.py
[2025-04-06T06:39:57.560+0000] {processor.py:925} INFO - DAG(s) 'example_branch_datetime_operator_3', 'example_branch_datetime_operator', 'example_branch_datetime_operator_2' retrieved from /home/user/airflow_env/lib/python3.12/site-packages/airflow/example_dags/example_branch_datetime_operator.py
[2025-04-06T06:39:57.717+0000] {logging_mixin.py:190} INFO - [2025-04-06T06:39:57.717+0000] {dag.py:3239} INFO - Sync 3 DAGs
[2025-04-06T06:39:57.777+0000] {logging_mixin.py:190} INFO - [2025-04-06T06:39:57.777+0000] {dag.py:4180} INFO - Setting next_dagrun for example_branch_datetime_operator to 2025-04-05 00:00:00+00:00, run_after=2025-04-06 00:00:00+00:00
[2025-04-06T06:39:57.787+0000] {logging_mixin.py:190} INFO - [2025-04-06T06:39:57.786+0000] {dag.py:4180} INFO - Setting next_dagrun for example_branch_datetime_operator_2 to 2025-04-05 00:00:00+00:00, run_after=2025-04-06 00:00:00+00:00
[2025-04-06T06:39:57.793+0000] {logging_mixin.py:190} INFO - [2025-04-06T06:39:57.792+0000] {dag.py:4180} INFO - Setting next_dagrun for example_branch_datetime_operator_3 to 2025-04-05 00:00:00+00:00, run_after=2025-04-06 00:00:00+00:00
[2025-04-06T06:39:57.908+0000] {processor.py:208} INFO - Processing /home/user/airflow_env/lib/python3.12/site-packages/airflow/example_dags/example_branch_datetime_operator.py took 0.398 seconds
