[2025-04-06T06:36:05.163+0000] {processor.py:186} INFO - Started process (PID=862) to work on /home/user/airflow_env/lib/python3.12/site-packages/airflow/example_dags/tutorial.py
[2025-04-06T06:36:05.165+0000] {processor.py:914} INFO - Processing file /home/user/airflow_env/lib/python3.12/site-packages/airflow/example_dags/tutorial.py for tasks to queue
[2025-04-06T06:36:05.170+0000] {logging_mixin.py:190} INFO - [2025-04-06T06:36:05.169+0000] {dagbag.py:588} INFO - Filling up the DagBag from /home/user/airflow_env/lib/python3.12/site-packages/airflow/example_dags/tutorial.py
[2025-04-06T06:36:05.182+0000] {processor.py:925} INFO - DAG(s) 'tutorial' retrieved from /home/user/airflow_env/lib/python3.12/site-packages/airflow/example_dags/tutorial.py
[2025-04-06T06:36:05.550+0000] {logging_mixin.py:190} INFO - [2025-04-06T06:36:05.548+0000] {override.py:1930} INFO - Created Permission View: can read on DAG:tutorial
[2025-04-06T06:36:05.672+0000] {logging_mixin.py:190} INFO - [2025-04-06T06:36:05.671+0000] {override.py:1930} INFO - Created Permission View: can delete on DAG:tutorial
[2025-04-06T06:36:05.815+0000] {logging_mixin.py:190} INFO - [2025-04-06T06:36:05.815+0000] {override.py:1930} INFO - Created Permission View: can edit on DAG:tutorial
[2025-04-06T06:36:06.059+0000] {logging_mixin.py:190} INFO - [2025-04-06T06:36:06.058+0000] {override.py:1930} INFO - Created Permission View: can read on DAG Run:tutorial
[2025-04-06T06:36:06.209+0000] {logging_mixin.py:190} INFO - [2025-04-06T06:36:06.208+0000] {override.py:1930} INFO - Created Permission View: can create on DAG Run:tutorial
[2025-04-06T06:36:06.330+0000] {logging_mixin.py:190} INFO - [2025-04-06T06:36:06.329+0000] {override.py:1930} INFO - Created Permission View: can delete on DAG Run:tutorial
[2025-04-06T06:36:06.455+0000] {logging_mixin.py:190} INFO - [2025-04-06T06:36:06.454+0000] {override.py:1930} INFO - Created Permission View: menu access on DAG Run:tutorial
[2025-04-06T06:36:06.457+0000] {logging_mixin.py:190} INFO - [2025-04-06T06:36:06.457+0000] {dag.py:3239} INFO - Sync 1 DAGs
[2025-04-06T06:36:06.528+0000] {logging_mixin.py:190} INFO - [2025-04-06T06:36:06.527+0000] {dag.py:3262} INFO - Creating ORM DAG for tutorial
[2025-04-06T06:36:06.593+0000] {logging_mixin.py:190} INFO - [2025-04-06T06:36:06.593+0000] {dag.py:4180} INFO - Setting next_dagrun for tutorial to 2025-04-05 00:00:00+00:00, run_after=2025-04-06 00:00:00+00:00
[2025-04-06T06:36:06.773+0000] {processor.py:208} INFO - Processing /home/user/airflow_env/lib/python3.12/site-packages/airflow/example_dags/tutorial.py took 1.619 seconds
[2025-04-06T06:38:20.328+0000] {processor.py:186} INFO - Started process (PID=943) to work on /home/user/airflow_env/lib/python3.12/site-packages/airflow/example_dags/tutorial.py
[2025-04-06T06:38:20.331+0000] {processor.py:914} INFO - Processing file /home/user/airflow_env/lib/python3.12/site-packages/airflow/example_dags/tutorial.py for tasks to queue
[2025-04-06T06:38:20.335+0000] {logging_mixin.py:190} INFO - [2025-04-06T06:38:20.334+0000] {dagbag.py:588} INFO - Filling up the DagBag from /home/user/airflow_env/lib/python3.12/site-packages/airflow/example_dags/tutorial.py
[2025-04-06T06:38:20.345+0000] {processor.py:925} INFO - DAG(s) 'tutorial' retrieved from /home/user/airflow_env/lib/python3.12/site-packages/airflow/example_dags/tutorial.py
[2025-04-06T06:38:20.394+0000] {logging_mixin.py:190} INFO - [2025-04-06T06:38:20.393+0000] {dag.py:3239} INFO - Sync 1 DAGs
[2025-04-06T06:38:20.427+0000] {logging_mixin.py:190} INFO - [2025-04-06T06:38:20.427+0000] {dag.py:4180} INFO - Setting next_dagrun for tutorial to 2025-04-05 00:00:00+00:00, run_after=2025-04-06 00:00:00+00:00
[2025-04-06T06:38:20.543+0000] {processor.py:208} INFO - Processing /home/user/airflow_env/lib/python3.12/site-packages/airflow/example_dags/tutorial.py took 0.220 seconds
[2025-04-06T06:39:32.769+0000] {processor.py:186} INFO - Started process (PID=1028) to work on /home/user/airflow_env/lib/python3.12/site-packages/airflow/example_dags/tutorial.py
[2025-04-06T06:39:32.772+0000] {processor.py:914} INFO - Processing file /home/user/airflow_env/lib/python3.12/site-packages/airflow/example_dags/tutorial.py for tasks to queue
[2025-04-06T06:39:32.778+0000] {logging_mixin.py:190} INFO - [2025-04-06T06:39:32.776+0000] {dagbag.py:588} INFO - Filling up the DagBag from /home/user/airflow_env/lib/python3.12/site-packages/airflow/example_dags/tutorial.py
[2025-04-06T06:39:32.795+0000] {processor.py:925} INFO - DAG(s) 'tutorial' retrieved from /home/user/airflow_env/lib/python3.12/site-packages/airflow/example_dags/tutorial.py
[2025-04-06T06:39:32.863+0000] {logging_mixin.py:190} INFO - [2025-04-06T06:39:32.863+0000] {dag.py:3239} INFO - Sync 1 DAGs
[2025-04-06T06:39:32.931+0000] {logging_mixin.py:190} INFO - [2025-04-06T06:39:32.930+0000] {dag.py:4180} INFO - Setting next_dagrun for tutorial to 2025-04-05 00:00:00+00:00, run_after=2025-04-06 00:00:00+00:00
[2025-04-06T06:39:33.083+0000] {processor.py:208} INFO - Processing /home/user/airflow_env/lib/python3.12/site-packages/airflow/example_dags/tutorial.py took 0.324 seconds
[2025-04-06T06:40:28.757+0000] {processor.py:186} INFO - Started process (PID=1076) to work on /home/user/airflow_env/lib/python3.12/site-packages/airflow/example_dags/tutorial.py
[2025-04-06T06:40:28.759+0000] {processor.py:914} INFO - Processing file /home/user/airflow_env/lib/python3.12/site-packages/airflow/example_dags/tutorial.py for tasks to queue
[2025-04-06T06:40:28.761+0000] {logging_mixin.py:190} INFO - [2025-04-06T06:40:28.761+0000] {dagbag.py:588} INFO - Filling up the DagBag from /home/user/airflow_env/lib/python3.12/site-packages/airflow/example_dags/tutorial.py
[2025-04-06T06:40:28.771+0000] {processor.py:925} INFO - DAG(s) 'tutorial' retrieved from /home/user/airflow_env/lib/python3.12/site-packages/airflow/example_dags/tutorial.py
[2025-04-06T06:40:28.807+0000] {logging_mixin.py:190} INFO - [2025-04-06T06:40:28.807+0000] {dag.py:3239} INFO - Sync 1 DAGs
[2025-04-06T06:40:28.838+0000] {logging_mixin.py:190} INFO - [2025-04-06T06:40:28.838+0000] {dag.py:4180} INFO - Setting next_dagrun for tutorial to 2025-04-05 00:00:00+00:00, run_after=2025-04-06 00:00:00+00:00
[2025-04-06T06:40:28.923+0000] {processor.py:208} INFO - Processing /home/user/airflow_env/lib/python3.12/site-packages/airflow/example_dags/tutorial.py took 0.173 seconds
[2025-04-06T09:38:06.568+0000] {processor.py:186} INFO - Started process (PID=10110) to work on /home/user/airflow_env/lib/python3.12/site-packages/airflow/example_dags/tutorial.py
[2025-04-06T09:38:06.571+0000] {processor.py:914} INFO - Processing file /home/user/airflow_env/lib/python3.12/site-packages/airflow/example_dags/tutorial.py for tasks to queue
[2025-04-06T09:38:06.576+0000] {logging_mixin.py:190} INFO - [2025-04-06T09:38:06.575+0000] {dagbag.py:588} INFO - Filling up the DagBag from /home/user/airflow_env/lib/python3.12/site-packages/airflow/example_dags/tutorial.py
[2025-04-06T09:38:06.601+0000] {processor.py:925} INFO - DAG(s) 'tutorial' retrieved from /home/user/airflow_env/lib/python3.12/site-packages/airflow/example_dags/tutorial.py
[2025-04-06T09:38:06.907+0000] {logging_mixin.py:190} INFO - [2025-04-06T09:38:06.906+0000] {override.py:1930} INFO - Created Permission View: can delete on DAG:tutorial
[2025-04-06T09:38:06.970+0000] {logging_mixin.py:190} INFO - [2025-04-06T09:38:06.970+0000] {override.py:1930} INFO - Created Permission View: can edit on DAG:tutorial
[2025-04-06T09:38:07.034+0000] {logging_mixin.py:190} INFO - [2025-04-06T09:38:07.033+0000] {override.py:1930} INFO - Created Permission View: can read on DAG:tutorial
[2025-04-06T09:38:07.132+0000] {logging_mixin.py:190} INFO - [2025-04-06T09:38:07.131+0000] {override.py:1930} INFO - Created Permission View: can create on DAG Run:tutorial
[2025-04-06T09:38:07.205+0000] {logging_mixin.py:190} INFO - [2025-04-06T09:38:07.204+0000] {override.py:1930} INFO - Created Permission View: menu access on DAG Run:tutorial
[2025-04-06T09:38:07.269+0000] {logging_mixin.py:190} INFO - [2025-04-06T09:38:07.269+0000] {override.py:1930} INFO - Created Permission View: can delete on DAG Run:tutorial
[2025-04-06T09:38:07.346+0000] {logging_mixin.py:190} INFO - [2025-04-06T09:38:07.345+0000] {override.py:1930} INFO - Created Permission View: can read on DAG Run:tutorial
[2025-04-06T09:38:07.348+0000] {logging_mixin.py:190} INFO - [2025-04-06T09:38:07.347+0000] {dag.py:3239} INFO - Sync 1 DAGs
[2025-04-06T09:38:07.406+0000] {logging_mixin.py:190} INFO - [2025-04-06T09:38:07.405+0000] {dag.py:3262} INFO - Creating ORM DAG for tutorial
[2025-04-06T09:38:07.438+0000] {logging_mixin.py:190} INFO - [2025-04-06T09:38:07.437+0000] {dag.py:4180} INFO - Setting next_dagrun for tutorial to 2025-04-05 00:00:00+00:00, run_after=2025-04-06 00:00:00+00:00
[2025-04-06T09:38:07.613+0000] {processor.py:208} INFO - Processing /home/user/airflow_env/lib/python3.12/site-packages/airflow/example_dags/tutorial.py took 1.058 seconds
