[2025-04-06T06:36:11.830+0000] {processor.py:186} INFO - Started process (PID=871) to work on /home/user/airflow_env/lib/python3.12/site-packages/airflow/example_dags/plugins/decreasing_priority_weight_strategy.py
[2025-04-06T06:36:11.832+0000] {processor.py:914} INFO - Processing file /home/user/airflow_env/lib/python3.12/site-packages/airflow/example_dags/plugins/decreasing_priority_weight_strategy.py for tasks to queue
[2025-04-06T06:36:11.836+0000] {logging_mixin.py:190} INFO - [2025-04-06T06:36:11.835+0000] {dagbag.py:588} INFO - Filling up the DagBag from /home/user/airflow_env/lib/python3.12/site-packages/airflow/example_dags/plugins/decreasing_priority_weight_strategy.py
[2025-04-06T06:36:11.841+0000] {processor.py:927} WARNING - No viable dags retrieved from /home/user/airflow_env/lib/python3.12/site-packages/airflow/example_dags/plugins/decreasing_priority_weight_strategy.py
[2025-04-06T06:36:11.890+0000] {processor.py:208} INFO - Processing /home/user/airflow_env/lib/python3.12/site-packages/airflow/example_dags/plugins/decreasing_priority_weight_strategy.py took 0.070 seconds
[2025-04-06T06:38:24.509+0000] {processor.py:186} INFO - Started process (PID=948) to work on /home/user/airflow_env/lib/python3.12/site-packages/airflow/example_dags/plugins/decreasing_priority_weight_strategy.py
[2025-04-06T06:38:24.512+0000] {processor.py:914} INFO - Processing file /home/user/airflow_env/lib/python3.12/site-packages/airflow/example_dags/plugins/decreasing_priority_weight_strategy.py for tasks to queue
[2025-04-06T06:38:24.516+0000] {logging_mixin.py:190} INFO - [2025-04-06T06:38:24.515+0000] {dagbag.py:588} INFO - Filling up the DagBag from /home/user/airflow_env/lib/python3.12/site-packages/airflow/example_dags/plugins/decreasing_priority_weight_strategy.py
[2025-04-06T06:38:24.521+0000] {processor.py:927} WARNING - No viable dags retrieved from /home/user/airflow_env/lib/python3.12/site-packages/airflow/example_dags/plugins/decreasing_priority_weight_strategy.py
[2025-04-06T06:38:24.564+0000] {processor.py:208} INFO - Processing /home/user/airflow_env/lib/python3.12/site-packages/airflow/example_dags/plugins/decreasing_priority_weight_strategy.py took 0.064 seconds
[2025-04-06T06:39:37.559+0000] {processor.py:186} INFO - Started process (PID=1031) to work on /home/user/airflow_env/lib/python3.12/site-packages/airflow/example_dags/plugins/decreasing_priority_weight_strategy.py
[2025-04-06T06:39:37.561+0000] {processor.py:914} INFO - Processing file /home/user/airflow_env/lib/python3.12/site-packages/airflow/example_dags/plugins/decreasing_priority_weight_strategy.py for tasks to queue
[2025-04-06T06:39:37.567+0000] {logging_mixin.py:190} INFO - [2025-04-06T06:39:37.566+0000] {dagbag.py:588} INFO - Filling up the DagBag from /home/user/airflow_env/lib/python3.12/site-packages/airflow/example_dags/plugins/decreasing_priority_weight_strategy.py
[2025-04-06T06:39:37.573+0000] {processor.py:927} WARNING - No viable dags retrieved from /home/user/airflow_env/lib/python3.12/site-packages/airflow/example_dags/plugins/decreasing_priority_weight_strategy.py
[2025-04-06T06:39:37.627+0000] {processor.py:208} INFO - Processing /home/user/airflow_env/lib/python3.12/site-packages/airflow/example_dags/plugins/decreasing_priority_weight_strategy.py took 0.080 seconds
[2025-04-06T09:38:12.661+0000] {processor.py:186} INFO - Started process (PID=10113) to work on /home/user/airflow_env/lib/python3.12/site-packages/airflow/example_dags/plugins/decreasing_priority_weight_strategy.py
[2025-04-06T09:38:12.663+0000] {processor.py:914} INFO - Processing file /home/user/airflow_env/lib/python3.12/site-packages/airflow/example_dags/plugins/decreasing_priority_weight_strategy.py for tasks to queue
[2025-04-06T09:38:12.667+0000] {logging_mixin.py:190} INFO - [2025-04-06T09:38:12.666+0000] {dagbag.py:588} INFO - Filling up the DagBag from /home/user/airflow_env/lib/python3.12/site-packages/airflow/example_dags/plugins/decreasing_priority_weight_strategy.py
[2025-04-06T09:38:12.672+0000] {processor.py:927} WARNING - No viable dags retrieved from /home/user/airflow_env/lib/python3.12/site-packages/airflow/example_dags/plugins/decreasing_priority_weight_strategy.py
[2025-04-06T09:38:12.725+0000] {processor.py:208} INFO - Processing /home/user/airflow_env/lib/python3.12/site-packages/airflow/example_dags/plugins/decreasing_priority_weight_strategy.py took 0.071 seconds
